<?xml version="1.0" encoding="utf-8"?>
<TestRun id="c8c519a6-50b4-4aa4-8729-44ba558a63d7" name="V-KON$@V-KON 2019-01-25 13:19:47" runUser="NT AUTHORITY\NETWORK SERVICE" xmlns="http://microsoft.com/schemas/VisualStudio/TeamTest/2010">
  <Times creation="2019-01-25T13:19:47.6858460+05:30" queuing="2019-01-25T13:19:47.6858460+05:30" start="2019-01-25T13:18:41.6391210+05:30" finish="2019-01-25T13:21:15.0086656+05:30" />
  <TestSettings name="default" id="2c3d3963-f3aa-4166-a86c-5c3432d6ade0">
    <Deployment runDeploymentRoot="V-KON$_V-KON_2019-01-25_13_19_47" />
  </TestSettings>
  <Results>
    <UnitTestResult executionId="ad08166f-8713-4940-b227-95fdbcae813f" testId="920bdd15-b46b-2e2f-5ce6-b2ed4bb57d2b" testName="HistoryFrameworkInterface_SetCountrytoEmptyString" computerName="V-KON" duration="00:00:00.0000487" startTime="2019-01-25T13:20:58.4018576+05:30" endTime="2019-01-25T13:20:58.4018576+05:30" testType="13cdc9d9-ddb5-4fa4-a97d-d965ccfc6d4b" outcome="Passed" testListId="8c84fa94-04c1-424b-9868-57a2d4851a1d" relativeResultsDirectory="ad08166f-8713-4940-b227-95fdbcae813f" />
    <UnitTestResult executionId="0e8ba778-59de-4aee-872d-d0d21b59d65e" testId="154c56aa-1486-a658-0027-0fba570132a5" testName="MobileHub_VerifyDeleteTicketFromContextMenu" computerName="V-KON" duration="00:00:00.0000758" startTime="2019-01-25T13:20:58.2088598+05:30" endTime="2019-01-25T13:20:58.2098647+05:30" testType="13cdc9d9-ddb5-4fa4-a97d-d965ccfc6d4b" outcome="Passed" testListId="8c84fa94-04c1-424b-9868-57a2d4851a1d" relativeResultsDirectory="0e8ba778-59de-4aee-872d-d0d21b59d65e" />
    <UnitTestResult executionId="57c87c15-e2fa-42d2-82de-ed1830ff11ad" testId="516a299a-316a-c9ee-e86b-cc389397f86c" testName="LogicalSiteNameTest_MixedCase" computerName="V-KON" duration="00:00:00.0304302" startTime="2019-01-25T13:20:59.8390932+05:30" endTime="2019-01-25T13:20:59.8700922+05:30" testType="13cdc9d9-ddb5-4fa4-a97d-d965ccfc6d4b" outcome="Failed" testListId="8c84fa94-04c1-424b-9868-57a2d4851a1d" relativeResultsDirectory="57c87c15-e2fa-42d2-82de-ed1830ff11ad">
      <Output>
        <ErrorInfo>
          <Message>Assert.Fail failed. Test method threw exception: FabrikamFiber.Core.Data.Exceptions.TimeoutException Could not find the required lock from the service handler.. exceeded execution time-out period.</Message>
          <StackTrace>   at FabrikamFiberServiceTest.FabrikamFiberServiceTest.LogicalSiteNameTest_MixedCase() in D:\TCMBugbash146\_work\8\s\FabrikamFiberService\FabrikamFiberServiceTest\FabrikamFiberServiceTest.cs:line 180&#xD;
</StackTrace>
        </ErrorInfo>
      </Output>
    </UnitTestResult>
    <UnitTestResult executionId="cba773aa-2186-4671-9342-73c68a33fff8" testId="3255d9aa-0210-6e46-0dee-3c490a93877e" testName="ParsingOfChangesetArgumentReturnsNullDepotAndActualChangeList" computerName="V-KON" duration="00:00:00.0000352" startTime="2019-01-25T13:21:01.0140783+05:30" endTime="2019-01-25T13:21:01.0150767+05:30" testType="13cdc9d9-ddb5-4fa4-a97d-d965ccfc6d4b" outcome="Passed" testListId="8c84fa94-04c1-424b-9868-57a2d4851a1d" relativeResultsDirectory="cba773aa-2186-4671-9342-73c68a33fff8" />
    <UnitTestResult executionId="0b4945ee-b9a6-464c-8924-2bd4b1a1a312" testId="990cf26d-a272-866e-9d0e-417ef90a48b4" testName="ScanTokenNoResultTests" computerName="V-KON" duration="00:00:00.0000339" startTime="2019-01-25T13:21:00.9790786+05:30" endTime="2019-01-25T13:21:00.9790786+05:30" testType="13cdc9d9-ddb5-4fa4-a97d-d965ccfc6d4b" outcome="Passed" testListId="8c84fa94-04c1-424b-9868-57a2d4851a1d" relativeResultsDirectory="0b4945ee-b9a6-464c-8924-2bd4b1a1a312" />
    <UnitTestResult executionId="5ef475b0-fae5-4f4e-bbb2-a7863c184f97" testId="b45bffbf-16da-47ea-9b83-76d53391195f" testName="CreateSource_PathIsHttp_ReturnsWebResponseDataSource" computerName="V-KON" duration="00:00:00.0000431" startTime="2019-01-25T13:20:58.5758552+05:30" endTime="2019-01-25T13:20:58.5758552+05:30" testType="13cdc9d9-ddb5-4fa4-a97d-d965ccfc6d4b" outcome="Passed" testListId="8c84fa94-04c1-424b-9868-57a2d4851a1d" relativeResultsDirectory="5ef475b0-fae5-4f4e-bbb2-a7863c184f97" />
    <UnitTestResult executionId="be847f86-9c7b-4422-a0f0-c823be30677d" testId="35768d0e-f8f7-d314-4c5d-19d5a7eb3af3" testName="LogicalSiteNameTest" computerName="V-KON" duration="00:00:00.0000270" startTime="2019-01-25T13:20:59.9310933+05:30" endTime="2019-01-25T13:20:59.9320942+05:30" testType="13cdc9d9-ddb5-4fa4-a97d-d965ccfc6d4b" outcome="Passed" testListId="8c84fa94-04c1-424b-9868-57a2d4851a1d" relativeResultsDirectory="be847f86-9c7b-4422-a0f0-c823be30677d" />
    <UnitTestResult executionId="0e35507a-f482-4ef7-8918-b8029c25d0d7" testId="5b60572c-68b0-f8e8-34c8-c4f324ee94a6" testName="CustomerHub_VerifyInlineEditParameterValuesInConflictingEdits" computerName="V-KON" duration="00:00:00.0534506" startTime="2019-01-25T13:21:00.6601290+05:30" endTime="2019-01-25T13:21:00.7140810+05:30" testType="13cdc9d9-ddb5-4fa4-a97d-d965ccfc6d4b" outcome="Failed" testListId="8c84fa94-04c1-424b-9868-57a2d4851a1d" relativeResultsDirectory="0e35507a-f482-4ef7-8918-b8029c25d0d7">
      <Output>
        <ErrorInfo>
          <Message>Assert.Fail failed. InitializeFileStorageService threw exception. System.IO.IOException: System.IO.IOException: The process cannot access the file 'http%3A%2F%2FCO1CDFLWEB02%2FService%2FReviewListenerService.svc_609032ff-e557-4f79-a16c-aa97350ab8d7.cfrevsum' because it is being used by another process.. </Message>
          <StackTrace>   at FabrikamFiberWebTest.FabrikamFiberWebTest.CustomerHub_VerifyInlineEditParameterValuesInConflictingEdits() in D:\TCMBugbash146\_work\8\s\FabrikamFiberService\FabrikamFiberWebTest\FabrikamFiberWebTest.cs:line 79&#xD;
</StackTrace>
        </ErrorInfo>
      </Output>
    </UnitTestResult>
    <UnitTestResult executionId="a958ca55-2146-4de6-83d2-e1dd21c1286b" testId="cdb58f67-8d01-16ba-bd60-ee8c86b597bd" testName="IsEnabled_ServiceIsDisabled_NoOp" computerName="V-KON" duration="00:00:00.0000460" startTime="2019-01-25T13:20:59.9610905+05:30" endTime="2019-01-25T13:20:59.9620900+05:30" testType="13cdc9d9-ddb5-4fa4-a97d-d965ccfc6d4b" outcome="Passed" testListId="8c84fa94-04c1-424b-9868-57a2d4851a1d" relativeResultsDirectory="a958ca55-2146-4de6-83d2-e1dd21c1286b" />
    <UnitTestResult executionId="58ca6bc9-75e2-4957-b150-277298bc7f52" testId="cc6a4bf7-5475-54db-ef08-38400decdb37" testName="VerifyAllChangesetArgumentsWithdifferentOptionsReturnsFalse" computerName="V-KON" duration="00:00:00.0000452" startTime="2019-01-25T13:21:01.0350781+05:30" endTime="2019-01-25T13:21:01.0350781+05:30" testType="13cdc9d9-ddb5-4fa4-a97d-d965ccfc6d4b" outcome="Passed" testListId="8c84fa94-04c1-424b-9868-57a2d4851a1d" relativeResultsDirectory="58ca6bc9-75e2-4957-b150-277298bc7f52" />
    <UnitTestResult executionId="665bc6da-b143-4008-afa9-5c6119ad1d4a" testId="21a30597-f95c-7ed7-3427-0ca5d74e296f" testName="ScanTokenSingleLineCommentTests" computerName="V-KON" duration="00:00:00.0000523" startTime="2019-01-25T13:21:00.9960767+05:30" endTime="2019-01-25T13:21:00.9970776+05:30" testType="13cdc9d9-ddb5-4fa4-a97d-d965ccfc6d4b" outcome="Passed" testListId="8c84fa94-04c1-424b-9868-57a2d4851a1d" relativeResultsDirectory="665bc6da-b143-4008-afa9-5c6119ad1d4a" />
    <UnitTestResult executionId="f13a43b2-bf04-4185-829d-262ecc902f72" testId="ed5717b5-3b7d-5534-f1f8-3b024e41de73" testName="ScanTokenIgnoreTests" computerName="V-KON" duration="00:00:00.0000585" startTime="2019-01-25T13:21:00.9930811+05:30" endTime="2019-01-25T13:21:00.9930811+05:30" testType="13cdc9d9-ddb5-4fa4-a97d-d965ccfc6d4b" outcome="Passed" testListId="8c84fa94-04c1-424b-9868-57a2d4851a1d" relativeResultsDirectory="f13a43b2-bf04-4185-829d-262ecc902f72" />
    <UnitTestResult executionId="3fc83703-62ed-4384-8a12-79160c6dfbc2" testId="f3180533-7062-b6cb-f758-95098aa3302a" testName="MobileHub_VerifyRunCompletedTicketFromContextMenu" computerName="V-KON" duration="00:00:00.0283127" startTime="2019-01-25T13:20:58.2138597+05:30" endTime="2019-01-25T13:20:58.2428656+05:30" testType="13cdc9d9-ddb5-4fa4-a97d-d965ccfc6d4b" outcome="Passed" testListId="8c84fa94-04c1-424b-9868-57a2d4851a1d" relativeResultsDirectory="3fc83703-62ed-4384-8a12-79160c6dfbc2" />
    <UnitTestResult executionId="e4216e18-5740-4906-8fa2-6369a0ef33ba" testId="177cdc65-1b64-110a-ffb3-b671cbc0a1bd" testName="TestArgumentStartInvalidCharRejected" computerName="V-KON" duration="00:00:00.0000581" startTime="2019-01-25T13:21:01.0040802+05:30" endTime="2019-01-25T13:21:01.0040802+05:30" testType="13cdc9d9-ddb5-4fa4-a97d-d965ccfc6d4b" outcome="Passed" testListId="8c84fa94-04c1-424b-9868-57a2d4851a1d" relativeResultsDirectory="e4216e18-5740-4906-8fa2-6369a0ef33ba" />
    <UnitTestResult executionId="67e2e6a2-543f-4689-8087-7bee9c16dcf5" testId="d1bfe9b3-9cce-3267-f6f6-4c7a825a1a78" testName="CommentElementDisplayTextContainingLineBreak" computerName="V-KON" duration="00:00:00.0000269" startTime="2019-01-25T13:20:58.7348524+05:30" endTime="2019-01-25T13:20:58.7348524+05:30" testType="13cdc9d9-ddb5-4fa4-a97d-d965ccfc6d4b" outcome="Passed" testListId="8c84fa94-04c1-424b-9868-57a2d4851a1d" relativeResultsDirectory="67e2e6a2-543f-4689-8087-7bee9c16dcf5" />
    <UnitTestResult executionId="43649a2b-4821-4135-835d-0ab247d7a9d1" testId="6ec7b7a1-b048-ded9-750d-f5b257e3c197" testName="CallUnregisterWithInvalidRunSettingsFile" computerName="V-KON" duration="00:00:00.0445044" startTime="2019-01-25T13:21:00.9020793+05:30" endTime="2019-01-25T13:21:00.9470786+05:30" testType="13cdc9d9-ddb5-4fa4-a97d-d965ccfc6d4b" outcome="Failed" testListId="8c84fa94-04c1-424b-9868-57a2d4851a1d" relativeResultsDirectory="43649a2b-4821-4135-835d-0ab247d7a9d1">
      <Output>
        <ErrorInfo>
          <Message>Assert.Fail failed. Test method threw exception: System.AggregateException: One or more errors occurred. ---&gt; FabrikamFiber.Core.Data.Exceptions.InvalidRequestException: Transitioning of release from state Rejected to state Cancelled is not allowed.</Message>
          <StackTrace>   at FabrikamFiberWebTest.FabrikamFiberWebTest.CallUnregisterWithInvalidRunSettingsFile() in D:\TCMBugbash146\_work\8\s\FabrikamFiberService\FabrikamFiberWebTest\FabrikamFiberWebTest.cs:line 156&#xD;
</StackTrace>
        </ErrorInfo>
      </Output>
    </UnitTestResult>
    <UnitTestResult executionId="45f55153-837a-4609-bff1-f7dec6e860ff" testId="f1f634d0-6885-11f6-6724-4b4e6fa6e0a4" testName="HooksProviderQueryWithInvalidPublisherId" computerName="V-KON" duration="00:00:00.0212812" startTime="2019-01-25T13:21:00.9500768+05:30" endTime="2019-01-25T13:21:00.9720785+05:30" testType="13cdc9d9-ddb5-4fa4-a97d-d965ccfc6d4b" outcome="Passed" testListId="8c84fa94-04c1-424b-9868-57a2d4851a1d" relativeResultsDirectory="45f55153-837a-4609-bff1-f7dec6e860ff" />
    <UnitTestResult executionId="9d05adbd-83ab-400d-82eb-6f14added10d" testId="ffb1169a-2eab-a72c-c166-eead461ff9f3" testName="GroupNotReDeletePermissionsToProjectAdminsGroup" computerName="V-KON" duration="00:00:00.0300984" startTime="2019-01-25T13:20:58.3678574+05:30" endTime="2019-01-25T13:20:58.3988607+05:30" testType="13cdc9d9-ddb5-4fa4-a97d-d965ccfc6d4b" outcome="Passed" testListId="8c84fa94-04c1-424b-9868-57a2d4851a1d" relativeResultsDirectory="9d05adbd-83ab-400d-82eb-6f14added10d" />
    <UnitTestResult executionId="533098ab-5b3d-4006-a0d9-96b5f8d2f5e6" testId="b3d6f429-d08a-c10a-768c-2b124d30f582" testName="LogicalSiteNameTest_Null" computerName="V-KON" duration="00:00:00.0000314" startTime="2019-01-25T13:20:59.9290933+05:30" endTime="2019-01-25T13:20:59.9290933+05:30" testType="13cdc9d9-ddb5-4fa4-a97d-d965ccfc6d4b" outcome="Passed" testListId="8c84fa94-04c1-424b-9868-57a2d4851a1d" relativeResultsDirectory="533098ab-5b3d-4006-a0d9-96b5f8d2f5e6" />
    <UnitTestResult executionId="04f00eaf-1d30-49e5-aec3-b0efb88a3eac" testId="95e533f8-d2b6-b904-28d4-68154f958441" testName="IsEnabled_FlagNotSetForDefaultOrRequestedScope_ReturnsFalse" computerName="V-KON" duration="00:00:00.0000448" startTime="2019-01-25T13:20:59.9460955+05:30" endTime="2019-01-25T13:20:59.9460955+05:30" testType="13cdc9d9-ddb5-4fa4-a97d-d965ccfc6d4b" outcome="Passed" testListId="8c84fa94-04c1-424b-9868-57a2d4851a1d" relativeResultsDirectory="04f00eaf-1d30-49e5-aec3-b0efb88a3eac" />
    <UnitTestResult executionId="f6d40bd5-34ff-492c-a9b8-b6b95d224f6a" testId="1afc667d-da47-a936-cf03-19b14be0ba98" testName="TestSubmitTicketWithRequiredReviewer" computerName="V-KON" duration="00:00:00.0000320" startTime="2019-01-25T13:21:01.0380786+05:30" endTime="2019-01-25T13:21:01.0380786+05:30" testType="13cdc9d9-ddb5-4fa4-a97d-d965ccfc6d4b" outcome="Passed" testListId="8c84fa94-04c1-424b-9868-57a2d4851a1d" relativeResultsDirectory="f6d40bd5-34ff-492c-a9b8-b6b95d224f6a" />
    <UnitTestResult executionId="811498e3-095a-472a-b11f-94db079ff033" testId="3f4cddb9-50f7-2abc-3681-8a8a4562a693" testName="IsEnabled_RequestScopeCacheDoesNotHaveData_RetrievesFromPersistentCacheAndSetsRequestScopedCache" computerName="V-KON" duration="00:00:00.0000377" startTime="2019-01-25T13:20:59.9480942+05:30" endTime="2019-01-25T13:20:59.9490931+05:30" testType="13cdc9d9-ddb5-4fa4-a97d-d965ccfc6d4b" outcome="Passed" testListId="8c84fa94-04c1-424b-9868-57a2d4851a1d" relativeResultsDirectory="811498e3-095a-472a-b11f-94db079ff033" />
    <UnitTestResult executionId="346dc8c9-1b26-461f-a9e8-9080a45d8fc7" testId="5a1fd1c8-3434-6d56-f28b-bfbe135111a7" testName="CreateSource_PathIsNull_ThrowsArgumentNullException" computerName="V-KON" duration="00:00:00.1428539" startTime="2019-01-25T13:20:58.5838547+05:30" endTime="2019-01-25T13:20:58.7268518+05:30" testType="13cdc9d9-ddb5-4fa4-a97d-d965ccfc6d4b" outcome="Failed" testListId="8c84fa94-04c1-424b-9868-57a2d4851a1d" relativeResultsDirectory="346dc8c9-1b26-461f-a9e8-9080a45d8fc7">
      <Output>
        <StdOut>Access denied: User fake-vsd-BE05E7BD2753E0DA does not have edit ticket permission.</StdOut>
        <ErrorInfo>
          <Message>Assert.Fail failed. Test method threw exception: System.AggregateException: One or more errors occurred. ---&gt; FabrikamFiber.ServiceGateway.Core.WebApi.ObjectAlreadyExistsException: TF310, 5019: The object already exists on the Server</Message>
          <StackTrace>   at FabrikamFiberMobileTest.FabrikamFiberWebTest.CreateSource_PathIsNull_ThrowsArgumentNullException() in D:\TCMBugbash146\_work\8\s\FabrikamFiberService\FabrikamFiberMobileTest\FabrikamFiberMobileTest.cs:line 271&#xD;
</StackTrace>
        </ErrorInfo>
      </Output>
    </UnitTestResult>
    <UnitTestResult executionId="88217f6b-e2ce-45b9-b2b6-44f131e038f0" testId="b42a1599-252a-4831-6bd7-f1d41dd269fd" testName="Constructor_FilePathIsNull_ThrowsArgumentNullException" computerName="V-KON" duration="00:00:00.0000388" startTime="2019-01-25T13:20:58.5608515+05:30" endTime="2019-01-25T13:20:58.5608515+05:30" testType="13cdc9d9-ddb5-4fa4-a97d-d965ccfc6d4b" outcome="Passed" testListId="8c84fa94-04c1-424b-9868-57a2d4851a1d" relativeResultsDirectory="88217f6b-e2ce-45b9-b2b6-44f131e038f0" />
    <UnitTestResult executionId="32019709-94dd-437c-aac2-13059143114c" testId="dac01f7c-8492-d3f4-e6f2-a01c37d3023b" testName="TestArgumentWithVSOParameters" computerName="V-KON" duration="00:00:00.0000635" startTime="2019-01-25T13:21:01.0090772+05:30" endTime="2019-01-25T13:21:01.0090772+05:30" testType="13cdc9d9-ddb5-4fa4-a97d-d965ccfc6d4b" outcome="Passed" testListId="8c84fa94-04c1-424b-9868-57a2d4851a1d" relativeResultsDirectory="32019709-94dd-437c-aac2-13059143114c" />
    <UnitTestResult executionId="c08191c9-f2bf-47bc-b6a5-353f24f0ddc8" testId="edc93839-74bb-beb2-46f2-62c21099814e" testName="IsEnabled_RequestScopeCacheHasData_BypassesPersistentCache" computerName="V-KON" duration="00:00:00.0000485" startTime="2019-01-25T13:20:59.9520959+05:30" endTime="2019-01-25T13:20:59.9520959+05:30" testType="13cdc9d9-ddb5-4fa4-a97d-d965ccfc6d4b" outcome="Passed" testListId="8c84fa94-04c1-424b-9868-57a2d4851a1d" relativeResultsDirectory="c08191c9-f2bf-47bc-b6a5-353f24f0ddc8" />
    <UnitTestResult executionId="a6adc14e-e699-4ead-a72d-354ffd7ada53" testId="235f981c-caee-b6f2-a1bf-68471d895956" testName="DoNotReaddPermissionsToProjectAdminsGroup" computerName="V-KON" duration="00:00:00.0176246" startTime="2019-01-25T13:21:00.8450798+05:30" endTime="2019-01-25T13:21:00.8630835+05:30" testType="13cdc9d9-ddb5-4fa4-a97d-d965ccfc6d4b" outcome="Passed" testListId="8c84fa94-04c1-424b-9868-57a2d4851a1d" relativeResultsDirectory="a6adc14e-e699-4ead-a72d-354ffd7ada53" />
    <UnitTestResult executionId="4ca1e223-2d59-4c99-b189-4dfb4f3fbbcc" testId="d9c21b5b-9f6a-2314-28c5-f4bb7205b789" testName="SubmitNewReviewBasedOnCommitInGitSourceControl" computerName="V-KON" duration="00:00:00.0000593" startTime="2019-01-25T13:21:01.0470791+05:30" endTime="2019-01-25T13:21:01.0480777+05:30" testType="13cdc9d9-ddb5-4fa4-a97d-d965ccfc6d4b" outcome="Passed" testListId="8c84fa94-04c1-424b-9868-57a2d4851a1d" relativeResultsDirectory="4ca1e223-2d59-4c99-b189-4dfb4f3fbbcc" />
    <UnitTestResult executionId="f0003334-3d67-4c5f-884b-34a36e8a46b6" testId="5589f4b9-9f8c-61f2-d1ca-dcc3e1071358" testName="EndPointHttpClient_SetCountrytoInvalidCountry" computerName="V-KON" duration="00:00:00.0325413" startTime="2019-01-25T13:20:58.3078592+05:30" endTime="2019-01-25T13:20:58.3408622+05:30" testType="13cdc9d9-ddb5-4fa4-a97d-d965ccfc6d4b" outcome="Passed" testListId="8c84fa94-04c1-424b-9868-57a2d4851a1d" relativeResultsDirectory="f0003334-3d67-4c5f-884b-34a36e8a46b6" />
    <UnitTestResult executionId="5534e71e-5276-4f0b-9bdf-6c16802d0cc3" testId="310e631b-8dd1-dba9-2e6e-a45e9857792d" testName="MobileHub_VerifyRenameTicketFromContextMenu" computerName="V-KON" duration="00:00:00.0296036" startTime="2019-01-25T13:20:57.8768625+05:30" endTime="2019-01-25T13:20:58.2058592+05:30" testType="13cdc9d9-ddb5-4fa4-a97d-d965ccfc6d4b" outcome="Passed" testListId="8c84fa94-04c1-424b-9868-57a2d4851a1d" relativeResultsDirectory="5534e71e-5276-4f0b-9bdf-6c16802d0cc3" />
    <UnitTestResult executionId="7e375aad-5135-4946-bcfc-73d1f87cd8b7" testId="cd1b57c7-5651-6908-fe6a-54475b365815" testName="CodedUITestMethod4" computerName="V-KON" duration="00:00:00.2289311" startTime="2019-01-25T13:21:07.1384451+05:30" endTime="2019-01-25T13:21:07.3796394+05:30" testType="13cdc9d9-ddb5-4fa4-a97d-d965ccfc6d4b" outcome="Failed" testListId="8c84fa94-04c1-424b-9868-57a2d4851a1d" relativeResultsDirectory="7e375aad-5135-4946-bcfc-73d1f87cd8b7" resultType="DataDrivenTest">
      <InnerResults>
        <UnitTestResult executionId="86976878-f9ff-4548-a9f6-8bd6231511d9" parentExecutionId="7e375aad-5135-4946-bcfc-73d1f87cd8b7" testId="cd1b57c7-5651-6908-fe6a-54475b365815" testName="CodedUITestMethod4 (Data Row 0)" computerName="V-KON" duration="00:00:00.0017798" startTime="2019-01-25T07:51:07.3737099+05:30" endTime="2019-01-25T07:51:07.3756395+05:30" testType="13cdc9d9-ddb5-4fa4-a97d-d965ccfc6d4b" outcome="Failed" testListId="8c84fa94-04c1-424b-9868-57a2d4851a1d" relativeResultsDirectory="86976878-f9ff-4548-a9f6-8bd6231511d9" dataRowInfo="1" resultType="DataDrivenDataRow">
          <ResultFiles>
            <ResultFile path="../LogStore.txt" />
            <ResultFile path="../../LogStore[1].txt" />
            <ResultFile path="../../../LogStore[2].txt" />
            <ResultFile path="../../../../LogStore[3].txt" />
            <ResultFile path="LogStore[4].txt" />
            <ResultFile path="../../../../../LogStore[5].txt" />
          </ResultFiles>          
          <Output>
            <StdOut>Welcome</StdOut>
            <ErrorInfo>
              <Message>Error calling Initialization method for test class CodedUITestProject17.CodedUITest1: Microsoft.VisualStudio.TestTools.UITest.Extension.UITestException: To run tests that interact with the desktop, you must set up the test agent to run as an interactive process. For more information, see "How to: Set Up Your Test Agent to Run Tests That Interact with the Desktop" (https://go.microsoft.com/fwlink/?LinkId=255012)&#xD;
If you are running the tests as part of your team build, you must also set up the build agent to run as an interactive process. For more information, see "How to: Configure and Run Scheduled Tests After Building Your Application" (https://go.microsoft.com/fwlink/?LinkId=254735)</Message>
              <StackTrace>    at Microsoft.VisualStudio.TestTools.UITesting.Playback.Initialize()&#xD;
   at Microsoft.VisualStudio.TestTools.UITesting.CodedUITestExtensionExecution.BeforeTestInitialize(Object sender, BeforeTestInitializeEventArgs e)&#xD;
   at Microsoft.VisualStudio.TestTools.TestTypes.Unit.UnitTestExecution.RaiseBeforeTestInitialize(BeforeTestInitializeEventArgs args)&#xD;
   at Microsoft.VisualStudio.TestTools.TestTypes.Unit.UnitTestExecuter.RunInitializeMethod()&#xD;
</StackTrace>
            </ErrorInfo>
          </Output>
        </UnitTestResult>
        <UnitTestResult executionId="58aad4ac-906b-40a1-8d60-700501f71f4f" parentExecutionId="7e375aad-5135-4946-bcfc-73d1f87cd8b7" testId="cd1b57c7-5651-6908-fe6a-54475b365815" testName="CodedUITestMethod4 (Data Row 1)" computerName="V-KON" duration="00:00:00.0014434" startTime="2019-01-25T07:51:07.3756395+05:30" endTime="2019-01-25T07:51:07.3766386+05:30" testType="13cdc9d9-ddb5-4fa4-a97d-d965ccfc6d4b" outcome="Failed" testListId="8c84fa94-04c1-424b-9868-57a2d4851a1d" relativeResultsDirectory="58aad4ac-906b-40a1-8d60-700501f71f4f" dataRowInfo="2" resultType="DataDrivenDataRow">
          <Output>
            <StdOut>Welcome</StdOut>
            <ErrorInfo>
              <Message>Error calling Initialization method for test class CodedUITestProject17.CodedUITest1: Microsoft.VisualStudio.TestTools.UITest.Extension.UITestException: To run tests that interact with the desktop, you must set up the test agent to run as an interactive process. For more information, see "How to: Set Up Your Test Agent to Run Tests That Interact with the Desktop" (https://go.microsoft.com/fwlink/?LinkId=255012)&#xD;
If you are running the tests as part of your team build, you must also set up the build agent to run as an interactive process. For more information, see "How to: Configure and Run Scheduled Tests After Building Your Application" (https://go.microsoft.com/fwlink/?LinkId=254735)</Message>
              <StackTrace>    at Microsoft.VisualStudio.TestTools.UITesting.Playback.Initialize()&#xD;
   at Microsoft.VisualStudio.TestTools.UITesting.CodedUITestExtensionExecution.BeforeTestInitialize(Object sender, BeforeTestInitializeEventArgs e)&#xD;
   at Microsoft.VisualStudio.TestTools.TestTypes.Unit.UnitTestExecution.RaiseBeforeTestInitialize(BeforeTestInitializeEventArgs args)&#xD;
   at Microsoft.VisualStudio.TestTools.TestTypes.Unit.UnitTestExecuter.RunInitializeMethod()&#xD;
</StackTrace>
            </ErrorInfo>
          </Output>
        </UnitTestResult>
        <UnitTestResult executionId="0661c657-bdfe-41eb-bbf3-424bbd99811a" parentExecutionId="7e375aad-5135-4946-bcfc-73d1f87cd8b7" testId="cd1b57c7-5651-6908-fe6a-54475b365815" testName="CodedUITestMethod4 (Data Row 2)" computerName="V-KON" duration="00:00:00.0016455" startTime="2019-01-25T07:51:07.3766386+05:30" endTime="2019-01-25T07:51:07.3786389+05:30" testType="13cdc9d9-ddb5-4fa4-a97d-d965ccfc6d4b" outcome="Failed" testListId="8c84fa94-04c1-424b-9868-57a2d4851a1d" relativeResultsDirectory="0661c657-bdfe-41eb-bbf3-424bbd99811a" dataRowInfo="3" resultType="DataDrivenDataRow">
          <Output>
            <StdOut>Welcome</StdOut>
            <ErrorInfo>
              <Message>Error calling Initialization method for test class CodedUITestProject17.CodedUITest1: Microsoft.VisualStudio.TestTools.UITest.Extension.UITestException: To run tests that interact with the desktop, you must set up the test agent to run as an interactive process. For more information, see "How to: Set Up Your Test Agent to Run Tests That Interact with the Desktop" (https://go.microsoft.com/fwlink/?LinkId=255012)&#xD;
If you are running the tests as part of your team build, you must also set up the build agent to run as an interactive process. For more information, see "How to: Configure and Run Scheduled Tests After Building Your Application" (https://go.microsoft.com/fwlink/?LinkId=254735)</Message>
              <StackTrace>    at Microsoft.VisualStudio.TestTools.UITesting.Playback.Initialize()&#xD;
   at Microsoft.VisualStudio.TestTools.UITesting.CodedUITestExtensionExecution.BeforeTestInitialize(Object sender, BeforeTestInitializeEventArgs e)&#xD;
   at Microsoft.VisualStudio.TestTools.TestTypes.Unit.UnitTestExecution.RaiseBeforeTestInitialize(BeforeTestInitializeEventArgs args)&#xD;
   at Microsoft.VisualStudio.TestTools.TestTypes.Unit.UnitTestExecuter.RunInitializeMethod()&#xD;
</StackTrace>
            </ErrorInfo>
          </Output>
        </UnitTestResult>
      </InnerResults>
    </UnitTestResult>
    <UnitTestResult executionId="773f4f7e-f446-47f4-9caa-ef1a65bd4699" testId="ca5278cd-c4e4-2def-f886-98e55c3c66bc" testName="Transform_Throws_IfContentIsNull" computerName="V-KON" duration="00:00:00.0000452" startTime="2019-01-25T13:20:58.5518529+05:30" endTime="2019-01-25T13:20:58.5528551+05:30" testType="13cdc9d9-ddb5-4fa4-a97d-d965ccfc6d4b" outcome="Passed" testListId="8c84fa94-04c1-424b-9868-57a2d4851a1d" relativeResultsDirectory="773f4f7e-f446-47f4-9caa-ef1a65bd4699" />
    <UnitTestResult executionId="9b1f3323-b216-4814-b9c4-109889535bd6" testId="67a95340-70b6-f9c9-c66a-de4750a030ca" testName="TestMethod20" computerName="V-KON" duration="00:00:00.0000267" startTime="2019-01-25T13:20:58.7418522+05:30" endTime="2019-01-25T13:20:58.7418522+05:30" testType="13cdc9d9-ddb5-4fa4-a97d-d965ccfc6d4b" outcome="Passed" testListId="8c84fa94-04c1-424b-9868-57a2d4851a1d" relativeResultsDirectory="9b1f3323-b216-4814-b9c4-109889535bd6" />
    <UnitTestResult executionId="8f4375e5-d9bf-44c6-8fd1-0223f5f55c10" testId="1c7ece84-d949-bed1-0a4c-dfad4f9c953e" testName="CodedUITestMethod2" computerName="V-KON" duration="00:00:00.0015240" startTime="2019-01-25T13:21:07.1188098+05:30" endTime="2019-01-25T13:21:07.1188098+05:30" testType="13cdc9d9-ddb5-4fa4-a97d-d965ccfc6d4b" outcome="Failed" testListId="8c84fa94-04c1-424b-9868-57a2d4851a1d" relativeResultsDirectory="8f4375e5-d9bf-44c6-8fd1-0223f5f55c10">
      <Output>
        <StdOut>Welcome</StdOut>
        <ErrorInfo>
          <Message>Error calling Initialization method for test class CodedUITestProject17.CodedUITest1: Microsoft.VisualStudio.TestTools.UITest.Extension.UITestException: To run tests that interact with the desktop, you must set up the test agent to run as an interactive process. For more information, see "How to: Set Up Your Test Agent to Run Tests That Interact with the Desktop" (https://go.microsoft.com/fwlink/?LinkId=255012)&#xD;
If you are running the tests as part of your team build, you must also set up the build agent to run as an interactive process. For more information, see "How to: Configure and Run Scheduled Tests After Building Your Application" (https://go.microsoft.com/fwlink/?LinkId=254735)</Message>
          <StackTrace>    at Microsoft.VisualStudio.TestTools.UITesting.Playback.Initialize()&#xD;
   at Microsoft.VisualStudio.TestTools.UITesting.CodedUITestExtensionExecution.BeforeTestInitialize(Object sender, BeforeTestInitializeEventArgs e)&#xD;
   at Microsoft.VisualStudio.TestTools.TestTypes.Unit.UnitTestExecution.RaiseBeforeTestInitialize(BeforeTestInitializeEventArgs args)&#xD;
   at Microsoft.VisualStudio.TestTools.TestTypes.Unit.UnitTestExecuter.RunInitializeMethod()&#xD;
</StackTrace>
        </ErrorInfo>
      </Output>
    </UnitTestResult>
    <UnitTestResult executionId="1bb05205-f32d-4a5a-9b0c-266054c8ffd3" testId="5e7464b2-7a37-68f1-5e8e-8c55d06a2e45" testName="SubmitNewReviewBasedOnCommitsFromMultipleGitEnlistments" computerName="V-KON" duration="00:00:00.0000473" startTime="2019-01-25T13:21:01.0500784+05:30" endTime="2019-01-25T13:21:01.0500784+05:30" testType="13cdc9d9-ddb5-4fa4-a97d-d965ccfc6d4b" outcome="Passed" testListId="8c84fa94-04c1-424b-9868-57a2d4851a1d" relativeResultsDirectory="1bb05205-f32d-4a5a-9b0c-266054c8ffd3" />
    <UnitTestResult executionId="c908f4cc-42f3-4762-9a19-4519fb1d2883" testId="afd3d6a9-78af-6d8f-7e93-bc7f9707b793" testName="TicketsHub_VerifyDeleteTicketFromContextMenu" computerName="V-KON" duration="00:00:00.0000333" startTime="2019-01-25T13:21:00.6010857+05:30" endTime="2019-01-25T13:21:00.6020852+05:30" testType="13cdc9d9-ddb5-4fa4-a97d-d965ccfc6d4b" outcome="Passed" testListId="8c84fa94-04c1-424b-9868-57a2d4851a1d" relativeResultsDirectory="c908f4cc-42f3-4762-9a19-4519fb1d2883" />
    <UnitTestResult executionId="35e04304-6aae-4958-ae4c-dddd00613d7e" testId="0406f998-3db6-61b5-fda7-16c228f48d30" testName="ServiceReqUnregisterWithInvalidRunSettingsFile" computerName="V-KON" duration="00:00:00.0000308" startTime="2019-01-25T13:20:58.4048584+05:30" endTime="2019-01-25T13:20:58.4058562+05:30" testType="13cdc9d9-ddb5-4fa4-a97d-d965ccfc6d4b" outcome="Passed" testListId="8c84fa94-04c1-424b-9868-57a2d4851a1d" relativeResultsDirectory="35e04304-6aae-4958-ae4c-dddd00613d7e" />
    <UnitTestResult executionId="12fa3175-0d83-495c-8a95-539eb6e3a7a0" testId="73b685df-eec5-209e-5ec3-b3650866ee41" testName="ServiceHub_DeleteHistoryComments" computerName="V-KON" duration="00:00:00.0000640" startTime="2019-01-25T13:20:58.3038609+05:30" endTime="2019-01-25T13:20:58.3038609+05:30" testType="13cdc9d9-ddb5-4fa4-a97d-d965ccfc6d4b" outcome="Passed" testListId="8c84fa94-04c1-424b-9868-57a2d4851a1d" relativeResultsDirectory="12fa3175-0d83-495c-8a95-539eb6e3a7a0" />
    <UnitTestResult executionId="9f4d1751-4430-4e66-87d8-a5852f5c1777" testId="5676e891-a5c5-d0a0-6887-cda788fd62e8" testName="TestMethod16" computerName="V-KON" duration="00:00:00.0000285" startTime="2019-01-25T13:20:59.9340938+05:30" endTime="2019-01-25T13:20:59.9340938+05:30" testType="13cdc9d9-ddb5-4fa4-a97d-d965ccfc6d4b" outcome="Passed" testListId="8c84fa94-04c1-424b-9868-57a2d4851a1d" relativeResultsDirectory="9f4d1751-4430-4e66-87d8-a5852f5c1777" />
    <UnitTestResult executionId="bc450ea5-77bd-4ddd-b9d0-06e3d2d031ec" testId="7698a7ae-8e5f-01b0-c50e-8f7618575323" testName="Pass4" computerName="V-KON" duration="00:00:10.0007994" startTime="2019-01-25T13:20:47.6938769+05:30" endTime="2019-01-25T13:20:57.6948693+05:30" testType="13cdc9d9-ddb5-4fa4-a97d-d965ccfc6d4b" outcome="Passed" testListId="8c84fa94-04c1-424b-9868-57a2d4851a1d" relativeResultsDirectory="bc450ea5-77bd-4ddd-b9d0-06e3d2d031ec" />
    <UnitTestResult executionId="edac5530-3cd5-4390-8208-190b7f7d62a4" testId="5813e894-d8c1-30e5-ccd4-8f53756b5da4" testName="LogicalSiteNameTest_Empty" computerName="V-KON" duration="00:00:00.0531517" startTime="2019-01-25T13:20:59.8720934+05:30" endTime="2019-01-25T13:20:59.9260946+05:30" testType="13cdc9d9-ddb5-4fa4-a97d-d965ccfc6d4b" outcome="Failed" testListId="8c84fa94-04c1-424b-9868-57a2d4851a1d" relativeResultsDirectory="edac5530-3cd5-4390-8208-190b7f7d62a4">
      <Output>
        <ErrorInfo>
          <Message>Assert.Fail failed. Test method threw exception: System.AggregateException: One or more errors occurred. ---&gt; FabrikamFiber.ServiceGateway.Core.WebApi.ObjectAlreadyExistsException: TF310, 5019: The object already exists on the Server</Message>
          <StackTrace>   at FabrikamFiberServiceTest.FabrikamFiberServiceTest.LogicalSiteNameTest_Empty() in D:\TCMBugbash146\_work\8\s\FabrikamFiberService\FabrikamFiberServiceTest\FabrikamFiberServiceTest.cs:line 190&#xD;
</StackTrace>
        </ErrorInfo>
      </Output>
    </UnitTestResult>
    <UnitTestResult executionId="1ce14ce3-1d4f-493e-9196-5ddd4b51f13b" testId="b1222215-c801-5367-7c10-3ffb1f7df8a4" testName="CommentElementNoLinks" computerName="V-KON" duration="00:00:00.0315355" startTime="2019-01-25T13:20:58.7458540+05:30" endTime="2019-01-25T13:20:58.7778546+05:30" testType="13cdc9d9-ddb5-4fa4-a97d-d965ccfc6d4b" outcome="Failed" testListId="8c84fa94-04c1-424b-9868-57a2d4851a1d" relativeResultsDirectory="1ce14ce3-1d4f-493e-9196-5ddd4b51f13b">
      <Output>
        <ErrorInfo>
          <Message>Assert.Fail failed. InitializeFileStorageService threw exception. System.IO.IOException: System.IO.IOException: The process cannot access the file 'http%3A%2F%2FCO1CDFLWEB02%2FService%2FReviewListenerService.svc_609032ff-e557-4f79-a16c-aa97350ab8d7.cfrevsum' because it is being used by another process.. </Message>
          <StackTrace>   at FabrikamFiberMobileTest.FabrikamFiberWebTest.CommentElementNoLinks() in D:\TCMBugbash146\_work\8\s\FabrikamFiberService\FabrikamFiberMobileTest\FabrikamFiberMobileTest.cs:line 330&#xD;
</StackTrace>
        </ErrorInfo>
      </Output>
    </UnitTestResult>
    <UnitTestResult executionId="5af69387-ed5c-4c02-930e-1bed759ca815" testId="cd1b57c7-5651-6908-fe6a-54475b365815" testName="CodedUITestMethod4" computerName="V-KON" duration="00:00:00.2164571" startTime="2019-01-25T13:21:12.7689148+05:30" endTime="2019-01-25T13:21:13.0000137+05:30" testType="13cdc9d9-ddb5-4fa4-a97d-d965ccfc6d4b" outcome="Failed" testListId="8c84fa94-04c1-424b-9868-57a2d4851a1d" relativeResultsDirectory="5af69387-ed5c-4c02-930e-1bed759ca815" resultType="DataDrivenTest">
      <InnerResults>
        <UnitTestResult executionId="794a0337-f3c3-469f-a0a3-416a4c0f429a" parentExecutionId="5af69387-ed5c-4c02-930e-1bed759ca815" testId="cd1b57c7-5651-6908-fe6a-54475b365815" testName="CodedUITestMethod4 (Data Row 0)" computerName="V-KON" duration="00:00:00.0020560" startTime="2019-01-25T07:51:12.9940089+05:30" endTime="2019-01-25T07:51:12.9960204+05:30" testType="13cdc9d9-ddb5-4fa4-a97d-d965ccfc6d4b" outcome="Failed" testListId="8c84fa94-04c1-424b-9868-57a2d4851a1d" relativeResultsDirectory="794a0337-f3c3-469f-a0a3-416a4c0f429a" dataRowInfo="1" resultType="DataDrivenDataRow">
          <ResultFiles>
            <ResultFile path="../LogStore.txt" />
            <ResultFile path="../../LogStore[1].txt" />
            <ResultFile path="../../../LogStore[2].txt" />
            <ResultFile path="../../../../LogStore[3].txt" />
            <ResultFile path="LogStore[4].txt" />
            <ResultFile path="../../../../../LogStore[5].txt" />
          </ResultFiles>          
          <Output>
            <StdOut>Welcome</StdOut>
            <ErrorInfo>
              <Message>Error calling Initialization method for test class CodedUITestProject17.CodedUITest1: Microsoft.VisualStudio.TestTools.UITest.Extension.UITestException: To run tests that interact with the desktop, you must set up the test agent to run as an interactive process. For more information, see "How to: Set Up Your Test Agent to Run Tests That Interact with the Desktop" (https://go.microsoft.com/fwlink/?LinkId=255012)&#xD;
If you are running the tests as part of your team build, you must also set up the build agent to run as an interactive process. For more information, see "How to: Configure and Run Scheduled Tests After Building Your Application" (https://go.microsoft.com/fwlink/?LinkId=254735)</Message>
              <StackTrace>    at Microsoft.VisualStudio.TestTools.UITesting.Playback.Initialize()&#xD;
   at Microsoft.VisualStudio.TestTools.UITesting.CodedUITestExtensionExecution.BeforeTestInitialize(Object sender, BeforeTestInitializeEventArgs e)&#xD;
   at Microsoft.VisualStudio.TestTools.TestTypes.Unit.UnitTestExecution.RaiseBeforeTestInitialize(BeforeTestInitializeEventArgs args)&#xD;
   at Microsoft.VisualStudio.TestTools.TestTypes.Unit.UnitTestExecuter.RunInitializeMethod()&#xD;
</StackTrace>
            </ErrorInfo>
          </Output>
        </UnitTestResult>
        <UnitTestResult executionId="c96dcc7b-e8f6-4e20-b859-ee324dbc0a8b" parentExecutionId="5af69387-ed5c-4c02-930e-1bed759ca815" testId="cd1b57c7-5651-6908-fe6a-54475b365815" testName="CodedUITestMethod4 (Data Row 1)" computerName="V-KON" duration="00:00:00.0015595" startTime="2019-01-25T07:51:12.9960204+05:30" endTime="2019-01-25T07:51:12.9980143+05:30" testType="13cdc9d9-ddb5-4fa4-a97d-d965ccfc6d4b" outcome="Failed" testListId="8c84fa94-04c1-424b-9868-57a2d4851a1d" relativeResultsDirectory="c96dcc7b-e8f6-4e20-b859-ee324dbc0a8b" dataRowInfo="2" resultType="DataDrivenDataRow">
          <Output>
            <StdOut>Welcome</StdOut>
            <ErrorInfo>
              <Message>Error calling Initialization method for test class CodedUITestProject17.CodedUITest1: Microsoft.VisualStudio.TestTools.UITest.Extension.UITestException: To run tests that interact with the desktop, you must set up the test agent to run as an interactive process. For more information, see "How to: Set Up Your Test Agent to Run Tests That Interact with the Desktop" (https://go.microsoft.com/fwlink/?LinkId=255012)&#xD;
If you are running the tests as part of your team build, you must also set up the build agent to run as an interactive process. For more information, see "How to: Configure and Run Scheduled Tests After Building Your Application" (https://go.microsoft.com/fwlink/?LinkId=254735)</Message>
              <StackTrace>    at Microsoft.VisualStudio.TestTools.UITesting.Playback.Initialize()&#xD;
   at Microsoft.VisualStudio.TestTools.UITesting.CodedUITestExtensionExecution.BeforeTestInitialize(Object sender, BeforeTestInitializeEventArgs e)&#xD;
   at Microsoft.VisualStudio.TestTools.TestTypes.Unit.UnitTestExecution.RaiseBeforeTestInitialize(BeforeTestInitializeEventArgs args)&#xD;
   at Microsoft.VisualStudio.TestTools.TestTypes.Unit.UnitTestExecuter.RunInitializeMethod()&#xD;
</StackTrace>
            </ErrorInfo>
          </Output>
        </UnitTestResult>
        <UnitTestResult executionId="57d5323c-6a26-47b3-af6e-7899236b9b42" parentExecutionId="5af69387-ed5c-4c02-930e-1bed759ca815" testId="cd1b57c7-5651-6908-fe6a-54475b365815" testName="CodedUITestMethod4 (Data Row 2)" computerName="V-KON" duration="00:00:00.0016081" startTime="2019-01-25T07:51:12.9980143+05:30" endTime="2019-01-25T07:51:12.9990136+05:30" testType="13cdc9d9-ddb5-4fa4-a97d-d965ccfc6d4b" outcome="Failed" testListId="8c84fa94-04c1-424b-9868-57a2d4851a1d" relativeResultsDirectory="57d5323c-6a26-47b3-af6e-7899236b9b42" dataRowInfo="3" resultType="DataDrivenDataRow">
          <Output>
            <StdOut>Welcome</StdOut>
            <ErrorInfo>
              <Message>Error calling Initialization method for test class CodedUITestProject17.CodedUITest1: Microsoft.VisualStudio.TestTools.UITest.Extension.UITestException: To run tests that interact with the desktop, you must set up the test agent to run as an interactive process. For more information, see "How to: Set Up Your Test Agent to Run Tests That Interact with the Desktop" (https://go.microsoft.com/fwlink/?LinkId=255012)&#xD;
If you are running the tests as part of your team build, you must also set up the build agent to run as an interactive process. For more information, see "How to: Configure and Run Scheduled Tests After Building Your Application" (https://go.microsoft.com/fwlink/?LinkId=254735)</Message>
              <StackTrace>    at Microsoft.VisualStudio.TestTools.UITesting.Playback.Initialize()&#xD;
   at Microsoft.VisualStudio.TestTools.UITesting.CodedUITestExtensionExecution.BeforeTestInitialize(Object sender, BeforeTestInitializeEventArgs e)&#xD;
   at Microsoft.VisualStudio.TestTools.TestTypes.Unit.UnitTestExecution.RaiseBeforeTestInitialize(BeforeTestInitializeEventArgs args)&#xD;
   at Microsoft.VisualStudio.TestTools.TestTypes.Unit.UnitTestExecuter.RunInitializeMethod()&#xD;
</StackTrace>
            </ErrorInfo>
          </Output>
        </UnitTestResult>
      </InnerResults>
    </UnitTestResult>
    <UnitTestResult executionId="9675d2a4-1428-405c-aaa8-811520523bd0" testId="3d7e743b-f1a5-46f4-dac5-edafc74087b4" testName="Transform_Throws_IfUXTemplateIsInValid" computerName="V-KON" duration="00:00:00.0270351" startTime="2019-01-25T13:20:58.4718637+05:30" endTime="2019-01-25T13:20:58.4998548+05:30" testType="13cdc9d9-ddb5-4fa4-a97d-d965ccfc6d4b" outcome="Passed" testListId="8c84fa94-04c1-424b-9868-57a2d4851a1d" relativeResultsDirectory="9675d2a4-1428-405c-aaa8-811520523bd0" />
    <UnitTestResult executionId="2a7254dd-aa60-41f0-8313-6cff2247e20f" testId="d58c0bc6-749e-b9f3-9bbe-313257c6c31b" testName="CommentElementOneLinkWithTextAround" computerName="V-KON" duration="00:00:00.0314819" startTime="2019-01-25T13:20:58.7828507+05:30" endTime="2019-01-25T13:20:58.8148518+05:30" testType="13cdc9d9-ddb5-4fa4-a97d-d965ccfc6d4b" outcome="Failed" testListId="8c84fa94-04c1-424b-9868-57a2d4851a1d" relativeResultsDirectory="2a7254dd-aa60-41f0-8313-6cff2247e20f">
      <Output>
        <ErrorInfo>
          <Message>Assert.Fail failed. System.ArgumentOutOfRangeException: Index was out of range. Must be non-negative and less than the size of the collection. Parameter name: index 00:21.314 Evaluate.AreEqual failed. Expected:&lt;2&gt;. Actual:&lt;0&gt;. </Message>
          <StackTrace>   at FabrikamFiberMobileTest.FabrikamFiberWebTest.CommentElementOneLinkWithTextAround() in D:\TCMBugbash146\_work\8\s\FabrikamFiberService\FabrikamFiberMobileTest\FabrikamFiberMobileTest.cs:line 340&#xD;
</StackTrace>
        </ErrorInfo>
      </Output>
    </UnitTestResult>
    <UnitTestResult executionId="4aa6089e-6d91-4453-8425-c9082bf71fe1" testId="b9cb5919-b56d-3abe-bf20-2adec6db193f" testName="LogicalSiteNameTest_ContainsParens" computerName="V-KON" duration="00:00:00.0133119" startTime="2019-01-25T13:20:59.7030977+05:30" endTime="2019-01-25T13:20:59.7170937+05:30" testType="13cdc9d9-ddb5-4fa4-a97d-d965ccfc6d4b" outcome="Passed" testListId="8c84fa94-04c1-424b-9868-57a2d4851a1d" relativeResultsDirectory="4aa6089e-6d91-4453-8425-c9082bf71fe1" />
    <UnitTestResult executionId="8d86535f-8cea-48cf-b43a-34e67db395cb" testId="aaf6adeb-98f2-08b2-8a6b-82b4e3f13a73" testName="VerifyThatBookmarkIsCreatedAndDeletedSuccesfully" computerName="V-KON" duration="00:00:00.0000648" startTime="2019-01-25T13:21:01.0530795+05:30" endTime="2019-01-25T13:21:01.0540799+05:30" testType="13cdc9d9-ddb5-4fa4-a97d-d965ccfc6d4b" outcome="Passed" testListId="8c84fa94-04c1-424b-9868-57a2d4851a1d" relativeResultsDirectory="8d86535f-8cea-48cf-b43a-34e67db395cb" />
    <UnitTestResult executionId="7ff2525a-ab89-43ff-8733-242733c7cebb" testId="9f9b4744-1390-2819-a89f-80bf8a3a2755" testName="TicketsHub_VerifyRunCompletedTicketFromContextMenu" computerName="V-KON" duration="00:00:00.0337148" startTime="2019-01-25T13:21:00.6040839+05:30" endTime="2019-01-25T13:21:00.6380871+05:30" testType="13cdc9d9-ddb5-4fa4-a97d-d965ccfc6d4b" outcome="Passed" testListId="8c84fa94-04c1-424b-9868-57a2d4851a1d" relativeResultsDirectory="7ff2525a-ab89-43ff-8733-242733c7cebb" />
    <UnitTestResult executionId="87fbee89-14df-4075-962f-3f610415d0ad" testId="df408e3b-703e-6559-9254-ae78dbef85cd" testName="Transform_Throws_IfUXTemplateIsNull" computerName="V-KON" duration="00:00:00.0350327" startTime="2019-01-25T13:20:58.5028567+05:30" endTime="2019-01-25T13:20:58.5388547+05:30" testType="13cdc9d9-ddb5-4fa4-a97d-d965ccfc6d4b" outcome="Passed" testListId="8c84fa94-04c1-424b-9868-57a2d4851a1d" relativeResultsDirectory="87fbee89-14df-4075-962f-3f610415d0ad" />
    <UnitTestResult executionId="f742140a-4c98-4e15-a773-813830d27cc7" testId="8cdf953c-9e4a-08f5-4bd9-88d062fd82eb" testName="CommentElementUriWithWWW" computerName="V-KON" duration="00:00:00.0000293" startTime="2019-01-25T13:20:58.7368593+05:30" endTime="2019-01-25T13:20:58.7368593+05:30" testType="13cdc9d9-ddb5-4fa4-a97d-d965ccfc6d4b" outcome="Passed" testListId="8c84fa94-04c1-424b-9868-57a2d4851a1d" relativeResultsDirectory="f742140a-4c98-4e15-a773-813830d27cc7" />
    <UnitTestResult executionId="d0af6f2a-efed-4e3e-96e4-9f25a66ae6b0" testId="b4a2210f-1703-bbc4-d187-3ed1b58dad67" testName="Deserialize_ThrowsNotSupportedException" computerName="V-KON" duration="00:00:00.0000348" startTime="2019-01-25T13:20:58.5638536+05:30" endTime="2019-01-25T13:20:58.5638536+05:30" testType="13cdc9d9-ddb5-4fa4-a97d-d965ccfc6d4b" outcome="Passed" testListId="8c84fa94-04c1-424b-9868-57a2d4851a1d" relativeResultsDirectory="d0af6f2a-efed-4e3e-96e4-9f25a66ae6b0" />
    <UnitTestResult executionId="9046998e-17f5-4c7a-ab8b-c20c26f9d0ba" testId="fd846020-c6f8-3c49-3ed0-fbe1e1fd340b" testName="CodedUITestMethod1" computerName="V-KON" duration="00:00:00.5698920" startTime="2019-01-25T13:21:05.2202839+05:30" endTime="2019-01-25T13:21:07.1032247+05:30" testType="13cdc9d9-ddb5-4fa4-a97d-d965ccfc6d4b" outcome="Failed" testListId="8c84fa94-04c1-424b-9868-57a2d4851a1d" relativeResultsDirectory="9046998e-17f5-4c7a-ab8b-c20c26f9d0ba" resultType="DataDrivenTest">
      <InnerResults>
        <UnitTestResult executionId="76c3a301-1cba-4ac4-a0d5-ef0e66504407" parentExecutionId="9046998e-17f5-4c7a-ab8b-c20c26f9d0ba" testId="fd846020-c6f8-3c49-3ed0-fbe1e1fd340b" testName="CodedUITestMethod1 (Data Row 0)" computerName="V-KON" duration="00:00:00.1123764" startTime="2019-01-25T07:51:06.9694021+05:30" endTime="2019-01-25T07:51:07.0875503+05:30" testType="13cdc9d9-ddb5-4fa4-a97d-d965ccfc6d4b" outcome="Failed" testListId="8c84fa94-04c1-424b-9868-57a2d4851a1d" relativeResultsDirectory="76c3a301-1cba-4ac4-a0d5-ef0e66504407" dataRowInfo="1" resultType="DataDrivenDataRow">
          <ResultFiles>
            <ResultFile path="../LogStore.txt" />
            <ResultFile path="../../LogStore[1].txt" />
            <ResultFile path="../../../LogStore[2].txt" />
            <ResultFile path="../../../../LogStore[3].txt" />
            <ResultFile path="LogStore[4].txt" />
            <ResultFile path="../../../../../LogStore[5].txt" />
          </ResultFiles>
          <Output>
            <StdOut>Welcome</StdOut>
            <ErrorInfo>
              <Message>Error calling Initialization method for test class CodedUITestProject17.CodedUITest1: Microsoft.VisualStudio.TestTools.UITest.Extension.UITestException: To run tests that interact with the desktop, you must set up the test agent to run as an interactive process. For more information, see "How to: Set Up Your Test Agent to Run Tests That Interact with the Desktop" (https://go.microsoft.com/fwlink/?LinkId=255012)&#xD;
If you are running the tests as part of your team build, you must also set up the build agent to run as an interactive process. For more information, see "How to: Configure and Run Scheduled Tests After Building Your Application" (https://go.microsoft.com/fwlink/?LinkId=254735)</Message>
              <StackTrace>    at Microsoft.VisualStudio.TestTools.UITesting.Playback.Initialize()&#xD;
   at Microsoft.VisualStudio.TestTools.UITesting.CodedUITestExtensionExecution.BeforeTestInitialize(Object sender, BeforeTestInitializeEventArgs e)&#xD;
   at Microsoft.VisualStudio.TestTools.TestTypes.Unit.UnitTestExecution.RaiseBeforeTestInitialize(BeforeTestInitializeEventArgs args)&#xD;
   at Microsoft.VisualStudio.TestTools.TestTypes.Unit.UnitTestExecuter.RunInitializeMethod()&#xD;
</StackTrace>
            </ErrorInfo>
          </Output>
        </UnitTestResult>
        <UnitTestResult executionId="74fca7f1-a3f1-4dac-88dd-81dfaaedd702" parentExecutionId="9046998e-17f5-4c7a-ab8b-c20c26f9d0ba" testId="fd846020-c6f8-3c49-3ed0-fbe1e1fd340b" testName="CodedUITestMethod1 (Data Row 1)" computerName="V-KON" duration="00:00:00.0018594" startTime="2019-01-25T07:51:07.0875503+05:30" endTime="2019-01-25T07:51:07.0875503+05:30" testType="13cdc9d9-ddb5-4fa4-a97d-d965ccfc6d4b" outcome="Failed" testListId="8c84fa94-04c1-424b-9868-57a2d4851a1d" relativeResultsDirectory="74fca7f1-a3f1-4dac-88dd-81dfaaedd702" dataRowInfo="2" resultType="DataDrivenDataRow">
          <Output>
            <StdOut>Welcome</StdOut>
            <ErrorInfo>
              <Message>Error calling Initialization method for test class CodedUITestProject17.CodedUITest1: Microsoft.VisualStudio.TestTools.UITest.Extension.UITestException: To run tests that interact with the desktop, you must set up the test agent to run as an interactive process. For more information, see "How to: Set Up Your Test Agent to Run Tests That Interact with the Desktop" (https://go.microsoft.com/fwlink/?LinkId=255012)&#xD;
If you are running the tests as part of your team build, you must also set up the build agent to run as an interactive process. For more information, see "How to: Configure and Run Scheduled Tests After Building Your Application" (https://go.microsoft.com/fwlink/?LinkId=254735)</Message>
              <StackTrace>    at Microsoft.VisualStudio.TestTools.UITesting.Playback.Initialize()&#xD;
   at Microsoft.VisualStudio.TestTools.UITesting.CodedUITestExtensionExecution.BeforeTestInitialize(Object sender, BeforeTestInitializeEventArgs e)&#xD;
   at Microsoft.VisualStudio.TestTools.TestTypes.Unit.UnitTestExecution.RaiseBeforeTestInitialize(BeforeTestInitializeEventArgs args)&#xD;
   at Microsoft.VisualStudio.TestTools.TestTypes.Unit.UnitTestExecuter.RunInitializeMethod()&#xD;
</StackTrace>
            </ErrorInfo>
          </Output>
        </UnitTestResult>
        <UnitTestResult executionId="d134eddb-1bca-438e-82ad-3f252959e640" parentExecutionId="9046998e-17f5-4c7a-ab8b-c20c26f9d0ba" testId="fd846020-c6f8-3c49-3ed0-fbe1e1fd340b" testName="CodedUITestMethod1 (Data Row 2)" computerName="V-KON" duration="00:00:00.0015507" startTime="2019-01-25T07:51:07.0875503+05:30" endTime="2019-01-25T07:51:07.0875503+05:30" testType="13cdc9d9-ddb5-4fa4-a97d-d965ccfc6d4b" outcome="Failed" testListId="8c84fa94-04c1-424b-9868-57a2d4851a1d" relativeResultsDirectory="d134eddb-1bca-438e-82ad-3f252959e640" dataRowInfo="3" resultType="DataDrivenDataRow">
          <Output>
            <StdOut>Welcome</StdOut>
            <ErrorInfo>
              <Message>Error calling Initialization method for test class CodedUITestProject17.CodedUITest1: Microsoft.VisualStudio.TestTools.UITest.Extension.UITestException: To run tests that interact with the desktop, you must set up the test agent to run as an interactive process. For more information, see "How to: Set Up Your Test Agent to Run Tests That Interact with the Desktop" (https://go.microsoft.com/fwlink/?LinkId=255012)&#xD;
If you are running the tests as part of your team build, you must also set up the build agent to run as an interactive process. For more information, see "How to: Configure and Run Scheduled Tests After Building Your Application" (https://go.microsoft.com/fwlink/?LinkId=254735)</Message>
              <StackTrace>    at Microsoft.VisualStudio.TestTools.UITesting.Playback.Initialize()&#xD;
   at Microsoft.VisualStudio.TestTools.UITesting.CodedUITestExtensionExecution.BeforeTestInitialize(Object sender, BeforeTestInitializeEventArgs e)&#xD;
   at Microsoft.VisualStudio.TestTools.TestTypes.Unit.UnitTestExecution.RaiseBeforeTestInitialize(BeforeTestInitializeEventArgs args)&#xD;
   at Microsoft.VisualStudio.TestTools.TestTypes.Unit.UnitTestExecuter.RunInitializeMethod()&#xD;
</StackTrace>
            </ErrorInfo>
          </Output>
        </UnitTestResult>
      </InnerResults>
    </UnitTestResult>
    <UnitTestResult executionId="676b4bf9-2fdb-4025-aac8-29885814f2c3" testId="85826726-b9d0-dead-1bcb-4bc5280480d5" testName="MissingValuesInRESTJson" computerName="V-KON" duration="00:00:00.0311638" startTime="2019-01-25T13:20:59.6120933+05:30" endTime="2019-01-25T13:20:59.6440971+05:30" testType="13cdc9d9-ddb5-4fa4-a97d-d965ccfc6d4b" outcome="Passed" testListId="8c84fa94-04c1-424b-9868-57a2d4851a1d" relativeResultsDirectory="676b4bf9-2fdb-4025-aac8-29885814f2c3" />
    <UnitTestResult executionId="20d8ecc6-7c25-484e-9ad1-9a2122600108" testId="7827c76e-c759-992e-96f7-be9d0e5f23b0" testName="CollapseCollectionToNonempty" computerName="V-KON" duration="00:00:00.0288068" startTime="2019-01-25T13:21:01.1511282+05:30" endTime="2019-01-25T13:21:01.1800769+05:30" testType="13cdc9d9-ddb5-4fa4-a97d-d965ccfc6d4b" outcome="Failed" testListId="8c84fa94-04c1-424b-9868-57a2d4851a1d" relativeResultsDirectory="20d8ecc6-7c25-484e-9ad1-9a2122600108">
      <Output>
        <ErrorInfo>
          <Message>Assert.Fail failed. InitializeFileStorageService threw exception. System.IO.IOException: System.IO.IOException: The process cannot access the file 'http%3A%2F%2FCO1CDFLWEB02%2FService%2FReviewListenerService.svc_609032ff-e557-4f79-a16c-aa97350ab8d7.cfrevsum' because it is being used by another process.. </Message>
          <StackTrace>   at FabrikamFiberWebTest.FabrikamFiberWebTest.CollapseCollectionToNonempty() in D:\TCMBugbash146\_work\8\s\FabrikamFiberService\FabrikamFiberWebTest\FabrikamFiberWebTest.cs:line 360&#xD;
</StackTrace>
        </ErrorInfo>
      </Output>
    </UnitTestResult>
    <UnitTestResult executionId="bff8b0b8-689a-4793-9ed5-649608148b3d" testId="3f1478eb-fd0b-f2d8-e755-c55508969a67" testName="HooksProviderQueryWithInvalidPublisherId" computerName="V-KON" duration="00:00:00.0314482" startTime="2019-01-25T13:20:58.4078650+05:30" endTime="2019-01-25T13:20:58.4398561+05:30" testType="13cdc9d9-ddb5-4fa4-a97d-d965ccfc6d4b" outcome="Passed" testListId="8c84fa94-04c1-424b-9868-57a2d4851a1d" relativeResultsDirectory="bff8b0b8-689a-4793-9ed5-649608148b3d" />
    <UnitTestResult executionId="2510d911-189b-42b4-85d5-f1ef144e3b53" testId="5928d804-1158-adac-560b-b9b39c485d7a" testName="Pass3" computerName="V-KON" duration="00:00:20.0056892" startTime="2019-01-25T13:20:27.6837544+05:30" endTime="2019-01-25T13:20:47.6909384+05:30" testType="13cdc9d9-ddb5-4fa4-a97d-d965ccfc6d4b" outcome="Passed" testListId="8c84fa94-04c1-424b-9868-57a2d4851a1d" relativeResultsDirectory="2510d911-189b-42b4-85d5-f1ef144e3b53" />
    <UnitTestResult executionId="d12d0401-893d-4929-b651-e1311f88a372" testId="e8958003-62fd-456d-e066-a3d3c35b8f54" testName="CodedUITestMethod3" computerName="V-KON" duration="00:00:00.0045128" startTime="2019-01-25T13:21:12.7377363+05:30" endTime="2019-01-25T13:21:12.7532798+05:30" testType="13cdc9d9-ddb5-4fa4-a97d-d965ccfc6d4b" outcome="Failed" testListId="8c84fa94-04c1-424b-9868-57a2d4851a1d" relativeResultsDirectory="d12d0401-893d-4929-b651-e1311f88a372">
      <Output>
        <StdOut>Welcome</StdOut>
        <ErrorInfo>
          <Message>Error calling Initialization method for test class CodedUITestProject17.CodedUITest1: Microsoft.VisualStudio.TestTools.UITest.Extension.UITestException: To run tests that interact with the desktop, you must set up the test agent to run as an interactive process. For more information, see "How to: Set Up Your Test Agent to Run Tests That Interact with the Desktop" (https://go.microsoft.com/fwlink/?LinkId=255012)&#xD;
If you are running the tests as part of your team build, you must also set up the build agent to run as an interactive process. For more information, see "How to: Configure and Run Scheduled Tests After Building Your Application" (https://go.microsoft.com/fwlink/?LinkId=254735)</Message>
          <StackTrace>    at Microsoft.VisualStudio.TestTools.UITesting.Playback.Initialize()&#xD;
   at Microsoft.VisualStudio.TestTools.UITesting.CodedUITestExtensionExecution.BeforeTestInitialize(Object sender, BeforeTestInitializeEventArgs e)&#xD;
   at Microsoft.VisualStudio.TestTools.TestTypes.Unit.UnitTestExecution.RaiseBeforeTestInitialize(BeforeTestInitializeEventArgs args)&#xD;
   at Microsoft.VisualStudio.TestTools.TestTypes.Unit.UnitTestExecuter.RunInitializeMethod()&#xD;
</StackTrace>
        </ErrorInfo>
      </Output>
    </UnitTestResult>
    <UnitTestResult executionId="2285c7ca-8fe7-40a0-94f7-6f77f20c288e" testId="b9e445cf-0dcc-42d0-77a1-9571e003351e" testName="ScanTokenKeywordsTests" computerName="V-KON" duration="00:00:00.0000322" startTime="2019-01-25T13:21:00.9810822+05:30" endTime="2019-01-25T13:21:00.9820805+05:30" testType="13cdc9d9-ddb5-4fa4-a97d-d965ccfc6d4b" outcome="Passed" testListId="8c84fa94-04c1-424b-9868-57a2d4851a1d" relativeResultsDirectory="2285c7ca-8fe7-40a0-94f7-6f77f20c288e" />
    <UnitTestResult executionId="59353336-a99c-462b-a7a3-25df363ec236" testId="ee70034a-1416-b7db-5978-3ba584b6f4c9" testName="LogicalSiteNameTest_ContainsNumbers" computerName="V-KON" duration="00:00:00.0474711" startTime="2019-01-25T13:20:59.7891015+05:30" endTime="2019-01-25T13:20:59.8370936+05:30" testType="13cdc9d9-ddb5-4fa4-a97d-d965ccfc6d4b" outcome="Failed" testListId="8c84fa94-04c1-424b-9868-57a2d4851a1d" relativeResultsDirectory="59353336-a99c-462b-a7a3-25df363ec236">
      <Output>
        <ErrorInfo>
          <Message>Assert.Fail failed. Test method threw exception: System.AggregateException: One or more errors occurred. ---&gt; FabrikamFiber.Core.Data.Exceptions.InvalidRequestException: Transitioning of release from state Rejected to state Cancelled is not allowed.</Message>
          <StackTrace>   at FabrikamFiberServiceTest.FabrikamFiberServiceTest.LogicalSiteNameTest_ContainsNumbers() in D:\TCMBugbash146\_work\8\s\FabrikamFiberService\FabrikamFiberServiceTest\FabrikamFiberServiceTest.cs:line 170&#xD;
</StackTrace>
        </ErrorInfo>
      </Output>
    </UnitTestResult>
    <UnitTestResult executionId="f7499ed1-1b66-441c-b164-b9b54645b7d0" testId="1139014d-2055-4bb9-954c-375ecc020e06" testName="InvalidRESTJasonError" computerName="V-KON" duration="00:00:00.0427480" startTime="2019-01-25T13:20:59.6460982+05:30" endTime="2019-01-25T13:20:59.6890966+05:30" testType="13cdc9d9-ddb5-4fa4-a97d-d965ccfc6d4b" outcome="Failed" testListId="8c84fa94-04c1-424b-9868-57a2d4851a1d" relativeResultsDirectory="f7499ed1-1b66-441c-b164-b9b54645b7d0">
      <Output>
        <ErrorInfo>
          <Message>Assert.Fail failed. System.ArgumentOutOfRangeException: Index was out of range. Must be non-negative and less than the size of the collection. Parameter name: index 00:21.314 Evaluate.AreEqual failed. Expected:&lt;2&gt;. Actual:&lt;0&gt;. </Message>
          <StackTrace>   at FabrikamFiberServiceTest.FabrikamFiberServiceTest.InvalidRESTJasonError() in D:\TCMBugbash146\_work\8\s\FabrikamFiberService\FabrikamFiberServiceTest\FabrikamFiberServiceTest.cs:line 120&#xD;
</StackTrace>
        </ErrorInfo>
      </Output>
    </UnitTestResult>
    <UnitTestResult executionId="ed3ee411-3ad8-4e9a-a174-b058118a1a6b" testId="4cce5351-b4de-8487-05b4-60a367ea17de" testName="ScanTokenMultiLineCommentTests" computerName="V-KON" duration="00:00:00.0000363" startTime="2019-01-25T13:21:00.9870813+05:30" endTime="2019-01-25T13:21:00.9880807+05:30" testType="13cdc9d9-ddb5-4fa4-a97d-d965ccfc6d4b" outcome="Passed" testListId="8c84fa94-04c1-424b-9868-57a2d4851a1d" relativeResultsDirectory="ed3ee411-3ad8-4e9a-a174-b058118a1a6b" />
    <UnitTestResult executionId="ded3b1ae-4b94-43cc-b265-c7ffebcdd8e9" testId="eb0ba446-6f8a-1b33-01bb-209b4473520c" testName="LogicalSiteNameTest_EndsWithSlash" computerName="V-KON" duration="00:00:00.0283096" startTime="2019-01-25T13:20:59.7190945+05:30" endTime="2019-01-25T13:20:59.7481022+05:30" testType="13cdc9d9-ddb5-4fa4-a97d-d965ccfc6d4b" outcome="Passed" testListId="8c84fa94-04c1-424b-9868-57a2d4851a1d" relativeResultsDirectory="ded3b1ae-4b94-43cc-b265-c7ffebcdd8e9" />
    <UnitTestResult executionId="10bbe67a-da23-4c88-90f5-afd3fbe6bda1" testId="4d1e7b2b-93f6-9af9-1d97-855f00da4a71" testName="AccountDynamicBlade" computerName="V-KON" duration="00:00:00.0273702" startTime="2019-01-25T13:21:00.7730820+05:30" endTime="2019-01-25T13:21:00.8010796+05:30" testType="13cdc9d9-ddb5-4fa4-a97d-d965ccfc6d4b" outcome="Passed" testListId="8c84fa94-04c1-424b-9868-57a2d4851a1d" relativeResultsDirectory="10bbe67a-da23-4c88-90f5-afd3fbe6bda1" />
    <UnitTestResult executionId="6fec7421-7ea9-4ad7-a1b8-8690fbbdd0b1" testId="588a6f87-1d77-aabd-075b-20a1ef28a600" testName="TicketsHub_VerifyRunTicketOnDemandNoActiveTestsFromContextMenu" computerName="V-KON" duration="00:00:00.0154862" startTime="2019-01-25T13:21:00.6410865+05:30" endTime="2019-01-25T13:21:00.6571298+05:30" testType="13cdc9d9-ddb5-4fa4-a97d-d965ccfc6d4b" outcome="Passed" testListId="8c84fa94-04c1-424b-9868-57a2d4851a1d" relativeResultsDirectory="6fec7421-7ea9-4ad7-a1b8-8690fbbdd0b1" />
    <UnitTestResult executionId="730a99cf-f711-4069-8c4b-78c6a076d97f" testId="e896beea-7841-aced-be2e-729bb8283fc1" testName="HooksProviderQueryOnDemandInvalidPublisherId" computerName="V-KON" duration="00:00:00.0361776" startTime="2019-01-25T13:21:00.8030813+05:30" endTime="2019-01-25T13:21:00.8400804+05:30" testType="13cdc9d9-ddb5-4fa4-a97d-d965ccfc6d4b" outcome="Passed" testListId="8c84fa94-04c1-424b-9868-57a2d4851a1d" relativeResultsDirectory="730a99cf-f711-4069-8c4b-78c6a076d97f" />
    <UnitTestResult executionId="766beb2d-5d17-4c63-9eec-d4d723a441bf" testId="8848aa29-293f-9577-e6ab-45e9054eaaa9" testName="CommentElementEmptyDisplay" computerName="V-KON" duration="00:00:00.0000267" startTime="2019-01-25T13:20:58.7328526+05:30" endTime="2019-01-25T13:20:58.7328526+05:30" testType="13cdc9d9-ddb5-4fa4-a97d-d965ccfc6d4b" outcome="Passed" testListId="8c84fa94-04c1-424b-9868-57a2d4851a1d" relativeResultsDirectory="766beb2d-5d17-4c63-9eec-d4d723a441bf" />
    <UnitTestResult executionId="4e9a14c0-987d-43d5-a749-ec0242b08e8a" testId="f89305f1-cd70-342d-7ea0-cce6c035fcac" testName="CacheKey_ReturnsFilePath" computerName="V-KON" duration="00:00:00.0000334" startTime="2019-01-25T13:20:58.5578550+05:30" endTime="2019-01-25T13:20:58.5588547+05:30" testType="13cdc9d9-ddb5-4fa4-a97d-d965ccfc6d4b" outcome="Passed" testListId="8c84fa94-04c1-424b-9868-57a2d4851a1d" relativeResultsDirectory="4e9a14c0-987d-43d5-a749-ec0242b08e8a" />
    <UnitTestResult executionId="08affd63-81ec-468d-bf67-d00cb0b68411" testId="a3a4320c-d400-d98f-91c6-45eefc889423" testName="CustomerHub_AddProfileComments" computerName="V-KON" duration="00:00:00.0000492" startTime="2019-01-25T13:21:00.7170821+05:30" endTime="2019-01-25T13:21:00.7170821+05:30" testType="13cdc9d9-ddb5-4fa4-a97d-d965ccfc6d4b" outcome="Passed" testListId="8c84fa94-04c1-424b-9868-57a2d4851a1d" relativeResultsDirectory="08affd63-81ec-468d-bf67-d00cb0b68411" />
    <UnitTestResult executionId="08add471-f150-4e13-b869-e5200ef035f3" testId="c94d9d56-882d-479c-91ae-c0b8c8048f1c" testName="Transform_IntraNav_GeneratedForReferenceDoc" computerName="V-KON" duration="00:00:00.0202159" startTime="2019-01-25T13:20:58.4468870+05:30" endTime="2019-01-25T13:20:58.4678537+05:30" testType="13cdc9d9-ddb5-4fa4-a97d-d965ccfc6d4b" outcome="Passed" testListId="8c84fa94-04c1-424b-9868-57a2d4851a1d" relativeResultsDirectory="08add471-f150-4e13-b869-e5200ef035f3" />
    <UnitTestResult executionId="78822bdc-c348-4755-9127-dcd60ea4355d" testId="2de8f563-efb3-2c60-78f0-04d0869ca7e2" testName="ProfileFrameworkService_CreateProfileForbiddenValuesEmailAddress" computerName="V-KON" duration="00:00:00.0000466" startTime="2019-01-25T13:21:00.9760802+05:30" endTime="2019-01-25T13:21:00.9760802+05:30" testType="13cdc9d9-ddb5-4fa4-a97d-d965ccfc6d4b" outcome="Passed" testListId="8c84fa94-04c1-424b-9868-57a2d4851a1d" relativeResultsDirectory="78822bdc-c348-4755-9127-dcd60ea4355d" />
    <UnitTestResult executionId="d769b4b0-495f-4d6f-b296-2291b1ce649c" testId="c2eaf485-fa43-49a0-bbf4-650e4cb8cd0e" testName="Pass1" computerName="V-KON" duration="00:01:00.0069840" startTime="2019-01-25T13:18:47.3711084+05:30" endTime="2019-01-25T13:19:47.6188533+05:30" testType="13cdc9d9-ddb5-4fa4-a97d-d965ccfc6d4b" outcome="Passed" testListId="8c84fa94-04c1-424b-9868-57a2d4851a1d" relativeResultsDirectory="d769b4b0-495f-4d6f-b296-2291b1ce649c" />
    <UnitTestResult executionId="a783d748-e8d5-4dcc-8174-462b54584ec3" testId="47680382-04b1-828b-6d7b-dc9e7760995b" testName="ProcessValidJsonInSwagger" computerName="V-KON" duration="00:00:00.1980059" startTime="2019-01-25T13:20:59.0178502+05:30" endTime="2019-01-25T13:20:59.4750965+05:30" testType="13cdc9d9-ddb5-4fa4-a97d-d965ccfc6d4b" outcome="Failed" testListId="8c84fa94-04c1-424b-9868-57a2d4851a1d" relativeResultsDirectory="a783d748-e8d5-4dcc-8174-462b54584ec3">
      <Output>
        <ErrorInfo>
          <Message>Assert.Fail failed. Test method threw exception: System.AggregateException: One or more errors occurred. ---&gt; FabrikamFiber.ServiceGateway.Core.WebApi.ObjectAlreadyExistsException: TF310, 5019: The object already exists on the Server</Message>
          <StackTrace>   at FabrikamFiberServiceTest.FabrikamFiberServiceTest.ProcessValidJsonInSwagger() in D:\TCMBugbash146\_work\8\s\FabrikamFiberService\FabrikamFiberServiceTest\FabrikamFiberServiceTest.cs:line 42&#xD;
</StackTrace>
        </ErrorInfo>
      </Output>
    </UnitTestResult>
    <UnitTestResult executionId="1442542d-df05-423f-80e9-689fa419385b" testId="52548a2a-1e69-bf94-77b1-d4c7cb355181" testName="MobileHub_VerifyRunTicketOnDemandNoActiveTestsFromContextMenu" computerName="V-KON" duration="00:00:00.0179587" startTime="2019-01-25T13:20:58.2458601+05:30" endTime="2019-01-25T13:20:58.2648630+05:30" testType="13cdc9d9-ddb5-4fa4-a97d-d965ccfc6d4b" outcome="Passed" testListId="8c84fa94-04c1-424b-9868-57a2d4851a1d" relativeResultsDirectory="1442542d-df05-423f-80e9-689fa419385b" />
    <UnitTestResult executionId="5f1d965f-13b3-40c1-974a-f35020609ed7" testId="aac678ac-8140-c3b3-f1d9-9327982ac480" testName="ParamsMismatchInRESTJson" computerName="V-KON" duration="00:00:00.0338095" startTime="2019-01-25T13:20:59.5530957+05:30" endTime="2019-01-25T13:20:59.5880946+05:30" testType="13cdc9d9-ddb5-4fa4-a97d-d965ccfc6d4b" outcome="Passed" testListId="8c84fa94-04c1-424b-9868-57a2d4851a1d" relativeResultsDirectory="5f1d965f-13b3-40c1-974a-f35020609ed7" />
    <UnitTestResult executionId="85f0e93d-349e-4b02-9478-7aaee0a72301" testId="e8958003-62fd-456d-e066-a3d3c35b8f54" testName="CodedUITestMethod3" computerName="V-KON" duration="00:00:00.0021139" startTime="2019-01-25T13:21:07.1344224+05:30" endTime="2019-01-25T13:21:07.1384451+05:30" testType="13cdc9d9-ddb5-4fa4-a97d-d965ccfc6d4b" outcome="Failed" testListId="8c84fa94-04c1-424b-9868-57a2d4851a1d" relativeResultsDirectory="85f0e93d-349e-4b02-9478-7aaee0a72301">
      <Output>
        <StdOut>Welcome</StdOut>
        <ErrorInfo>
          <Message>Error calling Initialization method for test class CodedUITestProject17.CodedUITest1: Microsoft.VisualStudio.TestTools.UITest.Extension.UITestException: To run tests that interact with the desktop, you must set up the test agent to run as an interactive process. For more information, see "How to: Set Up Your Test Agent to Run Tests That Interact with the Desktop" (https://go.microsoft.com/fwlink/?LinkId=255012)&#xD;
If you are running the tests as part of your team build, you must also set up the build agent to run as an interactive process. For more information, see "How to: Configure and Run Scheduled Tests After Building Your Application" (https://go.microsoft.com/fwlink/?LinkId=254735)</Message>
          <StackTrace>    at Microsoft.VisualStudio.TestTools.UITesting.Playback.Initialize()&#xD;
   at Microsoft.VisualStudio.TestTools.UITesting.CodedUITestExtensionExecution.BeforeTestInitialize(Object sender, BeforeTestInitializeEventArgs e)&#xD;
   at Microsoft.VisualStudio.TestTools.TestTypes.Unit.UnitTestExecution.RaiseBeforeTestInitialize(BeforeTestInitializeEventArgs args)&#xD;
   at Microsoft.VisualStudio.TestTools.TestTypes.Unit.UnitTestExecuter.RunInitializeMethod()&#xD;
</StackTrace>
        </ErrorInfo>
      </Output>
    </UnitTestResult>
    <UnitTestResult executionId="b474d105-5adf-4c79-803f-d77ee11c32b1" testId="9f8893d3-1d0e-ea5a-51fb-f955fe10fa40" testName="IsEnabled_FeatureParamIsNull_ThrowsArgumentNullException" computerName="V-KON" duration="00:00:00.0000291" startTime="2019-01-25T13:20:59.9630901+05:30" endTime="2019-01-25T13:20:59.9640900+05:30" testType="13cdc9d9-ddb5-4fa4-a97d-d965ccfc6d4b" outcome="Passed" testListId="8c84fa94-04c1-424b-9868-57a2d4851a1d" relativeResultsDirectory="b474d105-5adf-4c79-803f-d77ee11c32b1" />
    <UnitTestResult executionId="2e6edb32-9ac1-47c3-a526-a5c7ce95a19c" testId="6880a361-4cbe-8649-ab08-395fd57422d2" testName="IsEnabled_PersistentCacheProviderThrowsException_LogsExceptionAndReturnsFalse" computerName="V-KON" duration="00:00:00.0000399" startTime="2019-01-25T13:20:59.9560934+05:30" endTime="2019-01-25T13:20:59.9570894+05:30" testType="13cdc9d9-ddb5-4fa4-a97d-d965ccfc6d4b" outcome="Passed" testListId="8c84fa94-04c1-424b-9868-57a2d4851a1d" relativeResultsDirectory="2e6edb32-9ac1-47c3-a526-a5c7ce95a19c" />
    <UnitTestResult executionId="7988f548-2227-476f-9dea-395d6e0f54c4" testId="3977ad2e-82ea-a76b-4480-6d97034636d1" testName="HooksProviderQueryOnDemandInvalidPublisherId" computerName="V-KON" duration="00:00:00.0145649" startTime="2019-01-25T13:20:58.3478579+05:30" endTime="2019-01-25T13:20:58.3628586+05:30" testType="13cdc9d9-ddb5-4fa4-a97d-d965ccfc6d4b" outcome="Passed" testListId="8c84fa94-04c1-424b-9868-57a2d4851a1d" relativeResultsDirectory="7988f548-2227-476f-9dea-395d6e0f54c4" />
    <UnitTestResult executionId="ebb80f15-8e1d-4b0d-b472-30a73c2bd7a1" testId="fd846020-c6f8-3c49-3ed0-fbe1e1fd340b" testName="CodedUITestMethod1" computerName="V-KON" duration="00:00:00.4292434" startTime="2019-01-25T13:21:11.1521845+05:30" endTime="2019-01-25T13:21:12.6842309+05:30" testType="13cdc9d9-ddb5-4fa4-a97d-d965ccfc6d4b" outcome="Failed" testListId="8c84fa94-04c1-424b-9868-57a2d4851a1d" relativeResultsDirectory="ebb80f15-8e1d-4b0d-b472-30a73c2bd7a1" resultType="DataDrivenTest">
      <InnerResults>
        <UnitTestResult executionId="3aba45a3-ce3c-41f6-8f75-b00de88cad18" parentExecutionId="ebb80f15-8e1d-4b0d-b472-30a73c2bd7a1" testId="fd846020-c6f8-3c49-3ed0-fbe1e1fd340b" testName="CodedUITestMethod1 (Data Row 0)" computerName="V-KON" duration="00:00:00.1221933" startTime="2019-01-25T07:51:12.5483724+05:30" endTime="2019-01-25T07:51:12.6686300+05:30" testType="13cdc9d9-ddb5-4fa4-a97d-d965ccfc6d4b" outcome="Failed" testListId="8c84fa94-04c1-424b-9868-57a2d4851a1d" relativeResultsDirectory="3aba45a3-ce3c-41f6-8f75-b00de88cad18" dataRowInfo="1" resultType="DataDrivenDataRow">
          <ResultFiles>
            <ResultFile path="../LogStore.txt" />
            <ResultFile path="../../LogStore[1].txt" />
            <ResultFile path="../../../LogStore[2].txt" />
            <ResultFile path="../../../../LogStore[3].txt" />
            <ResultFile path="LogStore[4].txt" />
            <ResultFile path="../../../../../LogStore[5].txt" />
          </ResultFiles>          
          <Output>
            <StdOut>Welcome</StdOut>
            <ErrorInfo>
              <Message>Error calling Initialization method for test class CodedUITestProject17.CodedUITest1: Microsoft.VisualStudio.TestTools.UITest.Extension.UITestException: To run tests that interact with the desktop, you must set up the test agent to run as an interactive process. For more information, see "How to: Set Up Your Test Agent to Run Tests That Interact with the Desktop" (https://go.microsoft.com/fwlink/?LinkId=255012)&#xD;
If you are running the tests as part of your team build, you must also set up the build agent to run as an interactive process. For more information, see "How to: Configure and Run Scheduled Tests After Building Your Application" (https://go.microsoft.com/fwlink/?LinkId=254735)</Message>
              <StackTrace>    at Microsoft.VisualStudio.TestTools.UITesting.Playback.Initialize()&#xD;
   at Microsoft.VisualStudio.TestTools.UITesting.CodedUITestExtensionExecution.BeforeTestInitialize(Object sender, BeforeTestInitializeEventArgs e)&#xD;
   at Microsoft.VisualStudio.TestTools.TestTypes.Unit.UnitTestExecution.RaiseBeforeTestInitialize(BeforeTestInitializeEventArgs args)&#xD;
   at Microsoft.VisualStudio.TestTools.TestTypes.Unit.UnitTestExecuter.RunInitializeMethod()&#xD;
</StackTrace>
            </ErrorInfo>
          </Output>
        </UnitTestResult>
        <UnitTestResult executionId="93bd8525-19aa-4ffa-b2bd-0a32ea0d7e31" parentExecutionId="ebb80f15-8e1d-4b0d-b472-30a73c2bd7a1" testId="fd846020-c6f8-3c49-3ed0-fbe1e1fd340b" testName="CodedUITestMethod1 (Data Row 1)" computerName="V-KON" duration="00:00:00.0015994" startTime="2019-01-25T07:51:12.6686300+05:30" endTime="2019-01-25T07:51:12.6686300+05:30" testType="13cdc9d9-ddb5-4fa4-a97d-d965ccfc6d4b" outcome="Failed" testListId="8c84fa94-04c1-424b-9868-57a2d4851a1d" relativeResultsDirectory="93bd8525-19aa-4ffa-b2bd-0a32ea0d7e31" dataRowInfo="2" resultType="DataDrivenDataRow">
          <Output>
            <StdOut>Welcome</StdOut>
            <ErrorInfo>
              <Message>Error calling Initialization method for test class CodedUITestProject17.CodedUITest1: Microsoft.VisualStudio.TestTools.UITest.Extension.UITestException: To run tests that interact with the desktop, you must set up the test agent to run as an interactive process. For more information, see "How to: Set Up Your Test Agent to Run Tests That Interact with the Desktop" (https://go.microsoft.com/fwlink/?LinkId=255012)&#xD;
If you are running the tests as part of your team build, you must also set up the build agent to run as an interactive process. For more information, see "How to: Configure and Run Scheduled Tests After Building Your Application" (https://go.microsoft.com/fwlink/?LinkId=254735)</Message>
              <StackTrace>    at Microsoft.VisualStudio.TestTools.UITesting.Playback.Initialize()&#xD;
   at Microsoft.VisualStudio.TestTools.UITesting.CodedUITestExtensionExecution.BeforeTestInitialize(Object sender, BeforeTestInitializeEventArgs e)&#xD;
   at Microsoft.VisualStudio.TestTools.TestTypes.Unit.UnitTestExecution.RaiseBeforeTestInitialize(BeforeTestInitializeEventArgs args)&#xD;
   at Microsoft.VisualStudio.TestTools.TestTypes.Unit.UnitTestExecuter.RunInitializeMethod()&#xD;
</StackTrace>
            </ErrorInfo>
          </Output>
        </UnitTestResult>
        <UnitTestResult executionId="7de66f1d-eeac-4bf9-a15f-738b3b819295" parentExecutionId="ebb80f15-8e1d-4b0d-b472-30a73c2bd7a1" testId="fd846020-c6f8-3c49-3ed0-fbe1e1fd340b" testName="CodedUITestMethod1 (Data Row 2)" computerName="V-KON" duration="00:00:00.0013791" startTime="2019-01-25T07:51:12.6686300+05:30" endTime="2019-01-25T07:51:12.6686300+05:30" testType="13cdc9d9-ddb5-4fa4-a97d-d965ccfc6d4b" outcome="Failed" testListId="8c84fa94-04c1-424b-9868-57a2d4851a1d" relativeResultsDirectory="7de66f1d-eeac-4bf9-a15f-738b3b819295" dataRowInfo="3" resultType="DataDrivenDataRow">
          <Output>
            <StdOut>Welcome</StdOut>
            <ErrorInfo>
              <Message>Error calling Initialization method for test class CodedUITestProject17.CodedUITest1: Microsoft.VisualStudio.TestTools.UITest.Extension.UITestException: To run tests that interact with the desktop, you must set up the test agent to run as an interactive process. For more information, see "How to: Set Up Your Test Agent to Run Tests That Interact with the Desktop" (https://go.microsoft.com/fwlink/?LinkId=255012)&#xD;
If you are running the tests as part of your team build, you must also set up the build agent to run as an interactive process. For more information, see "How to: Configure and Run Scheduled Tests After Building Your Application" (https://go.microsoft.com/fwlink/?LinkId=254735)</Message>
              <StackTrace>    at Microsoft.VisualStudio.TestTools.UITesting.Playback.Initialize()&#xD;
   at Microsoft.VisualStudio.TestTools.UITesting.CodedUITestExtensionExecution.BeforeTestInitialize(Object sender, BeforeTestInitializeEventArgs e)&#xD;
   at Microsoft.VisualStudio.TestTools.TestTypes.Unit.UnitTestExecution.RaiseBeforeTestInitialize(BeforeTestInitializeEventArgs args)&#xD;
   at Microsoft.VisualStudio.TestTools.TestTypes.Unit.UnitTestExecuter.RunInitializeMethod()&#xD;
</StackTrace>
            </ErrorInfo>
          </Output>
        </UnitTestResult>
      </InnerResults>
    </UnitTestResult>
    <UnitTestResult executionId="410d6762-94e8-471c-9f39-8cdec46e647b" testId="7266b90d-5755-2fea-74f3-262c40e15cfc" testName="VerifyAllChangesetArgumentsWithDefaultOptionsReturnsTrue" computerName="V-KON" duration="00:00:00.0000451" startTime="2019-01-25T13:21:01.0200787+05:30" endTime="2019-01-25T13:21:01.0200787+05:30" testType="13cdc9d9-ddb5-4fa4-a97d-d965ccfc6d4b" outcome="Passed" testListId="8c84fa94-04c1-424b-9868-57a2d4851a1d" relativeResultsDirectory="410d6762-94e8-471c-9f39-8cdec46e647b" />
    <UnitTestResult executionId="5bd368be-1f40-44cd-b054-a1179360ac81" testId="c2b2d5d7-a309-00c2-acba-315f2ac2eb25" testName="Pass2" computerName="V-KON" duration="00:00:40.0169985" startTime="2019-01-25T13:19:47.6638526+05:30" endTime="2019-01-25T13:20:27.6816669+05:30" testType="13cdc9d9-ddb5-4fa4-a97d-d965ccfc6d4b" outcome="Passed" testListId="8c84fa94-04c1-424b-9868-57a2d4851a1d" relativeResultsDirectory="5bd368be-1f40-44cd-b054-a1179360ac81" />
    <UnitTestResult executionId="f0ddcb5c-8bb3-41eb-83cc-70d028914766" testId="de65c993-177d-1a54-d357-aa073d8b46d3" testName="CommentElementUrlForDisplay" computerName="V-KON" duration="00:00:00.0000282" startTime="2019-01-25T13:20:58.7438520+05:30" endTime="2019-01-25T13:20:58.7438520+05:30" testType="13cdc9d9-ddb5-4fa4-a97d-d965ccfc6d4b" outcome="Passed" testListId="8c84fa94-04c1-424b-9868-57a2d4851a1d" relativeResultsDirectory="f0ddcb5c-8bb3-41eb-83cc-70d028914766" />
    <UnitTestResult executionId="e13814ba-1e41-4111-bdb1-e06ae5a8afac" testId="5604b65b-cf72-b4ed-40cf-8711292c947d" testName="CommentElementEmptyUri" computerName="V-KON" duration="00:00:00.0000314" startTime="2019-01-25T13:20:58.7298495+05:30" endTime="2019-01-25T13:20:58.7298495+05:30" testType="13cdc9d9-ddb5-4fa4-a97d-d965ccfc6d4b" outcome="Passed" testListId="8c84fa94-04c1-424b-9868-57a2d4851a1d" relativeResultsDirectory="e13814ba-1e41-4111-bdb1-e06ae5a8afac" />
    <UnitTestResult executionId="299efc71-5c99-4f82-b3fb-e6d6a7cd59e7" testId="c4e71c3d-f881-e676-970b-af28d5bc7e65" testName="CommentElementUriWithoutTopLevelDomainName" computerName="V-KON" duration="00:00:00.0000276" startTime="2019-01-25T13:20:58.7398526+05:30" endTime="2019-01-25T13:20:58.7398526+05:30" testType="13cdc9d9-ddb5-4fa4-a97d-d965ccfc6d4b" outcome="Passed" testListId="8c84fa94-04c1-424b-9868-57a2d4851a1d" relativeResultsDirectory="299efc71-5c99-4f82-b3fb-e6d6a7cd59e7" />
    <UnitTestResult executionId="353a1bb7-2d90-4f82-bbd3-4912ff3fefce" testId="9f2c1937-d0d2-dafe-256f-bab6880e3cb8" testName="CollapseCommentsCollection" computerName="V-KON" duration="00:00:00.0460891" startTime="2019-01-25T13:21:01.1020762+05:30" endTime="2019-01-25T13:21:01.1490763+05:30" testType="13cdc9d9-ddb5-4fa4-a97d-d965ccfc6d4b" outcome="Failed" testListId="8c84fa94-04c1-424b-9868-57a2d4851a1d" relativeResultsDirectory="353a1bb7-2d90-4f82-bbd3-4912ff3fefce">
      <Output>
        <ErrorInfo>
          <Message>Assert.Fail failed. Test method threw exception: System.AggregateException: One or more errors occurred. ---&gt; FabrikamFiber.ServiceGateway.Core.WebApi.ObjectAlreadyExistsException: TF310, 5019: The object already exists on the Server</Message>
          <StackTrace>   at FabrikamFiberWebTest.FabrikamFiberWebTest.CollapseCommentsCollection() in D:\TCMBugbash146\_work\8\s\FabrikamFiberService\FabrikamFiberWebTest\FabrikamFiberWebTest.cs:line 349&#xD;
</StackTrace>
        </ErrorInfo>
      </Output>
    </UnitTestResult>
    <UnitTestResult executionId="a70981ef-2151-45d6-8e65-a1b17d2e76f5" testId="51942a8a-a19b-2819-36bd-c0b7fcf1a63a" testName="Transform_Throws_IfContentIsEmpty" computerName="V-KON" duration="00:00:00.0000314" startTime="2019-01-25T13:20:58.5498537+05:30" endTime="2019-01-25T13:20:58.5498537+05:30" testType="13cdc9d9-ddb5-4fa4-a97d-d965ccfc6d4b" outcome="Passed" testListId="8c84fa94-04c1-424b-9868-57a2d4851a1d" relativeResultsDirectory="a70981ef-2151-45d6-8e65-a1b17d2e76f5" />
    <UnitTestResult executionId="56f6bd53-6eb7-49ef-9f2b-7a9617c75b38" testId="5197dcfa-a59c-9130-f0ad-894d1aa41c65" testName="TestMethod4" computerName="V-KON" duration="00:00:00.0000454" startTime="2019-01-25T13:20:58.5408542+05:30" endTime="2019-01-25T13:20:58.5408542+05:30" testType="13cdc9d9-ddb5-4fa4-a97d-d965ccfc6d4b" outcome="Passed" testListId="8c84fa94-04c1-424b-9868-57a2d4851a1d" relativeResultsDirectory="56f6bd53-6eb7-49ef-9f2b-7a9617c75b38" />
    <UnitTestResult executionId="e36b5333-ca45-4dc6-a3df-6110111614d0" testId="4b7bc350-bbf0-ad90-fbc5-c4d6dac94520" testName="VerifySuccessfulBookmarkFileCreationForMultiTickets" computerName="V-KON" duration="00:00:00.0000280" startTime="2019-01-25T13:21:01.0560786+05:30" endTime="2019-01-25T13:21:01.0560786+05:30" testType="13cdc9d9-ddb5-4fa4-a97d-d965ccfc6d4b" outcome="Passed" testListId="8c84fa94-04c1-424b-9868-57a2d4851a1d" relativeResultsDirectory="e36b5333-ca45-4dc6-a3df-6110111614d0" />
    <UnitTestResult executionId="d2a302a1-d1ef-4c88-939e-602af52a6022" testId="da020aa4-b2db-6d6d-8b7e-b85f0e474f29" testName="LogicalSiteNameTest_StartsWithSlash" computerName="V-KON" duration="00:00:00.0358560" startTime="2019-01-25T13:20:59.7500967+05:30" endTime="2019-01-25T13:20:59.7871006+05:30" testType="13cdc9d9-ddb5-4fa4-a97d-d965ccfc6d4b" outcome="Passed" testListId="8c84fa94-04c1-424b-9868-57a2d4851a1d" relativeResultsDirectory="d2a302a1-d1ef-4c88-939e-602af52a6022" />
    <UnitTestResult executionId="1d8ff7ca-dd93-4379-ae6a-00f2a0ec226f" testId="d865ebd5-9225-fcf8-392d-5081c34f92ef" testName="TestCreateReviewWithInvalidTikcetArgument" computerName="V-KON" duration="00:00:00.0000386" startTime="2019-01-25T13:21:01.0430786+05:30" endTime="2019-01-25T13:21:01.0430786+05:30" testType="13cdc9d9-ddb5-4fa4-a97d-d965ccfc6d4b" outcome="Passed" testListId="8c84fa94-04c1-424b-9868-57a2d4851a1d" relativeResultsDirectory="1d8ff7ca-dd93-4379-ae6a-00f2a0ec226f" />
    <UnitTestResult executionId="61bdfbdd-324c-4d9f-89a8-dcd9f6a4213e" testId="ef870299-27a2-9789-7939-a2adfc33fa6b" testName="PSHttpClient_SetCountrytoInvalidCountry" computerName="V-KON" duration="00:00:00.0500336" startTime="2019-01-25T13:21:00.7200808+05:30" endTime="2019-01-25T13:21:00.7700836+05:30" testType="13cdc9d9-ddb5-4fa4-a97d-d965ccfc6d4b" outcome="Failed" testListId="8c84fa94-04c1-424b-9868-57a2d4851a1d" relativeResultsDirectory="61bdfbdd-324c-4d9f-89a8-dcd9f6a4213e">
      <Output>
        <ErrorInfo>
          <Message>Assert.Fail failed. System.ArgumentOutOfRangeException: Index was out of range. Must be non-negative and less than the size of the collection. Parameter name: index 00:21.314 Evaluate.AreEqual failed. Expected:&lt;2&gt;. Actual:&lt;0&gt;. </Message>
          <StackTrace>   at FabrikamFiberWebTest.FabrikamFiberWebTest.PSHttpClient_SetCountrytoInvalidCountry() in D:\TCMBugbash146\_work\8\s\FabrikamFiberService\FabrikamFiberWebTest\FabrikamFiberWebTest.cs:line 96&#xD;
</StackTrace>
        </ErrorInfo>
      </Output>
    </UnitTestResult>
    <UnitTestResult executionId="2dc08bee-83ca-473c-bcd8-0a991ab85083" testId="31e2a27e-28b6-46fe-48a5-c27cfe7d9d50" testName="IsEnabled_FlagNotSetForDefaultOrRequestedScope_DefaultEnablementIsTrue" computerName="V-KON" duration="00:00:00.0000320" startTime="2019-01-25T13:20:59.9420943+05:30" endTime="2019-01-25T13:20:59.9420943+05:30" testType="13cdc9d9-ddb5-4fa4-a97d-d965ccfc6d4b" outcome="Passed" testListId="8c84fa94-04c1-424b-9868-57a2d4851a1d" relativeResultsDirectory="2dc08bee-83ca-473c-bcd8-0a991ab85083" />
    <UnitTestResult executionId="68d5c2d9-3401-4bcb-b1a7-4569c090a588" testId="9691c6ab-f69c-9b85-bdbb-7ce410d6134b" testName="ParsingOfChangesetArgumentReturnsDepotAndActualChangeList" computerName="V-KON" duration="00:00:00.0000369" startTime="2019-01-25T13:21:01.0120794+05:30" endTime="2019-01-25T13:21:01.0120794+05:30" testType="13cdc9d9-ddb5-4fa4-a97d-d965ccfc6d4b" outcome="Passed" testListId="8c84fa94-04c1-424b-9868-57a2d4851a1d" relativeResultsDirectory="68d5c2d9-3401-4bcb-b1a7-4569c090a588" />
    <UnitTestResult executionId="dcb10bb2-8520-4dc0-a355-259d15fefda5" testId="1d9cca6b-4d0c-c833-ad2f-a94dea7013b4" testName="SupportedTypes_ReturnsExtensionDataObject" computerName="V-KON" duration="00:00:00.0000682" startTime="2019-01-25T13:20:58.5718548+05:30" endTime="2019-01-25T13:20:58.5718548+05:30" testType="13cdc9d9-ddb5-4fa4-a97d-d965ccfc6d4b" outcome="Passed" testListId="8c84fa94-04c1-424b-9868-57a2d4851a1d" relativeResultsDirectory="dcb10bb2-8520-4dc0-a355-259d15fefda5" />
    <UnitTestResult executionId="9aebdaa0-4a45-430a-8607-5aadb546bb93" testId="51fb9659-9a63-e825-9772-016ea1272f3a" testName="ParamsCountMismatchInRESTJson" computerName="V-KON" duration="00:00:00.0198005" startTime="2019-01-25T13:20:59.5310968+05:30" endTime="2019-01-25T13:20:59.5510940+05:30" testType="13cdc9d9-ddb5-4fa4-a97d-d965ccfc6d4b" outcome="Passed" testListId="8c84fa94-04c1-424b-9868-57a2d4851a1d" relativeResultsDirectory="9aebdaa0-4a45-430a-8607-5aadb546bb93" />
    <UnitTestResult executionId="fd1ba9aa-910e-4f9b-81f3-60b41cca0350" testId="3f7ca7f5-f2fd-23bd-649c-c95f17422cfb" testName="LoadFromSource_FileDoesNotExist_ThrowsFileNotFoundException" computerName="V-KON" duration="00:00:00.0000370" startTime="2019-01-25T13:20:58.5558596+05:30" endTime="2019-01-25T13:20:58.5558596+05:30" testType="13cdc9d9-ddb5-4fa4-a97d-d965ccfc6d4b" outcome="Passed" testListId="8c84fa94-04c1-424b-9868-57a2d4851a1d" relativeResultsDirectory="fd1ba9aa-910e-4f9b-81f3-60b41cca0350" />
    <UnitTestResult executionId="4ea40236-a53b-46a2-8615-a355e1ec4fe0" testId="3d7aa7e5-58da-7d14-9f6d-fbc2e125f83f" testName="ParsingOfChangesetArgumentWithLocalPathReturnsDepotAndActualChangeList" computerName="V-KON" duration="00:00:00.0000491" startTime="2019-01-25T13:21:01.0170794+05:30" endTime="2019-01-25T13:21:01.0170794+05:30" testType="13cdc9d9-ddb5-4fa4-a97d-d965ccfc6d4b" outcome="Passed" testListId="8c84fa94-04c1-424b-9868-57a2d4851a1d" relativeResultsDirectory="4ea40236-a53b-46a2-8615-a355e1ec4fe0" />
    <UnitTestResult executionId="8c2ec0e7-d8b2-4607-b0b4-626724afd8e2" testId="178b9268-4393-077e-8da2-9f4b4417dea6" testName="MissingMethodInRESTJson" computerName="V-KON" duration="00:00:00.0166650" startTime="2019-01-25T13:20:59.5930958+05:30" endTime="2019-01-25T13:20:59.6100943+05:30" testType="13cdc9d9-ddb5-4fa4-a97d-d965ccfc6d4b" outcome="Passed" testListId="8c84fa94-04c1-424b-9868-57a2d4851a1d" relativeResultsDirectory="8c2ec0e7-d8b2-4607-b0b4-626724afd8e2" />
    <UnitTestResult executionId="b77c8675-5076-4ae1-83f5-2804654fe6c3" testId="adf336f4-d6a3-4930-08de-226da66caf12" testName="TestArgumentCanStartWithUnderscore" computerName="V-KON" duration="00:00:00.0000640" startTime="2019-01-25T13:21:01.0000806+05:30" endTime="2019-01-25T13:21:01.0010786+05:30" testType="13cdc9d9-ddb5-4fa4-a97d-d965ccfc6d4b" outcome="Passed" testListId="8c84fa94-04c1-424b-9868-57a2d4851a1d" relativeResultsDirectory="b77c8675-5076-4ae1-83f5-2804654fe6c3" />
    <UnitTestResult executionId="5a084c1f-6a3d-4a48-bda9-82150de932ba" testId="0414fe94-72ce-6af0-0fe3-1dede4d9b6ac" testName="IsEnabled_FlagNotSetForDefaultScope_ReturnsRequestedScope" computerName="V-KON" duration="00:00:00.0000293" startTime="2019-01-25T13:20:59.9380933+05:30" endTime="2019-01-25T13:20:59.9380933+05:30" testType="13cdc9d9-ddb5-4fa4-a97d-d965ccfc6d4b" outcome="Passed" testListId="8c84fa94-04c1-424b-9868-57a2d4851a1d" relativeResultsDirectory="5a084c1f-6a3d-4a48-bda9-82150de932ba" />
    <UnitTestResult executionId="8e008d0b-7ace-4d69-952a-08f596cfd001" testId="1c7ece84-d949-bed1-0a4c-dfad4f9c953e" testName="CodedUITestMethod2" computerName="V-KON" duration="00:00:00.0015575" startTime="2019-01-25T13:21:12.6842309+05:30" endTime="2019-01-25T13:21:12.6998628+05:30" testType="13cdc9d9-ddb5-4fa4-a97d-d965ccfc6d4b" outcome="Failed" testListId="8c84fa94-04c1-424b-9868-57a2d4851a1d" relativeResultsDirectory="8e008d0b-7ace-4d69-952a-08f596cfd001">
      <Output>
        <StdOut>Welcome</StdOut>
        <ErrorInfo>
          <Message>Error calling Initialization method for test class CodedUITestProject17.CodedUITest1: Microsoft.VisualStudio.TestTools.UITest.Extension.UITestException: To run tests that interact with the desktop, you must set up the test agent to run as an interactive process. For more information, see "How to: Set Up Your Test Agent to Run Tests That Interact with the Desktop" (https://go.microsoft.com/fwlink/?LinkId=255012)&#xD;
If you are running the tests as part of your team build, you must also set up the build agent to run as an interactive process. For more information, see "How to: Configure and Run Scheduled Tests After Building Your Application" (https://go.microsoft.com/fwlink/?LinkId=254735)</Message>
          <StackTrace>    at Microsoft.VisualStudio.TestTools.UITesting.Playback.Initialize()&#xD;
   at Microsoft.VisualStudio.TestTools.UITesting.CodedUITestExtensionExecution.BeforeTestInitialize(Object sender, BeforeTestInitializeEventArgs e)&#xD;
   at Microsoft.VisualStudio.TestTools.TestTypes.Unit.UnitTestExecution.RaiseBeforeTestInitialize(BeforeTestInitializeEventArgs args)&#xD;
   at Microsoft.VisualStudio.TestTools.TestTypes.Unit.UnitTestExecuter.RunInitializeMethod()&#xD;
</StackTrace>
        </ErrorInfo>
      </Output>
    </UnitTestResult>
    <UnitTestResult executionId="160cb202-f981-4d65-b1e5-67339ed24ca1" testId="762dde25-9e81-253a-2091-c20cd1d0f92f" testName="CommentElementSingleLinkAlone" computerName="V-KON" duration="00:00:00.0199745" startTime="2019-01-25T13:20:58.8178515+05:30" endTime="2019-01-25T13:20:58.8378491+05:30" testType="13cdc9d9-ddb5-4fa4-a97d-d965ccfc6d4b" outcome="Failed" testListId="8c84fa94-04c1-424b-9868-57a2d4851a1d" relativeResultsDirectory="160cb202-f981-4d65-b1e5-67339ed24ca1">
      <Output>
        <ErrorInfo>
          <Message>Assert.Fail failed. Test method threw exception: System.AggregateException: One or more errors occurred. ---&gt; FabrikamFiber.Core.Data.Exceptions.InvalidRequestException: Transitioning of release from state Rejected to state Cancelled is not allowed.</Message>
          <StackTrace>   at FabrikamFiberMobileTest.FabrikamFiberWebTest.CommentElementSingleLinkAlone() in D:\TCMBugbash146\_work\8\s\FabrikamFiberService\FabrikamFiberMobileTest\FabrikamFiberMobileTest.cs:line 350&#xD;
</StackTrace>
        </ErrorInfo>
      </Output>
    </UnitTestResult>
    <UnitTestResult executionId="28932ceb-1abf-4a45-b60b-b6d467971d0e" testId="50491201-6d5f-1ff3-cae6-f7dd963d006b" testName="IsEnabled_RequestScopedCacheProviderThrowsException_LogsExceptionAndReturnsFalse" computerName="V-KON" duration="00:00:00.0000318" startTime="2019-01-25T13:20:59.9590920+05:30" endTime="2019-01-25T13:20:59.9590920+05:30" testType="13cdc9d9-ddb5-4fa4-a97d-d965ccfc6d4b" outcome="Passed" testListId="8c84fa94-04c1-424b-9868-57a2d4851a1d" relativeResultsDirectory="28932ceb-1abf-4a45-b60b-b6d467971d0e" />
    <UnitTestResult executionId="13987784-094a-460b-a106-5047908a8296" testId="db9272ed-ca25-e251-3d96-21c3f6091fe0" testName="SingleLineWordReplacementsTicketComment" computerName="V-KON" duration="00:00:00.0377318" startTime="2019-01-25T13:21:01.0620772+05:30" endTime="2019-01-25T13:21:01.1000802+05:30" testType="13cdc9d9-ddb5-4fa4-a97d-d965ccfc6d4b" outcome="Failed" testListId="8c84fa94-04c1-424b-9868-57a2d4851a1d" relativeResultsDirectory="13987784-094a-460b-a106-5047908a8296">
      <Output>
        <ErrorInfo>
          <Message>Assert.Fail failed. Test method threw exception: FabrikamFiber.Core.Data.Exceptions.TimeoutException Could not find the required lock from the service handler.. exceeded execution time-out period.</Message>
          <StackTrace>   at FabrikamFiberWebTest.FabrikamFiberWebTest.SingleLineWordReplacementsTicketComment() in D:\TCMBugbash146\_work\8\s\FabrikamFiberService\FabrikamFiberWebTest\FabrikamFiberWebTest.cs:line 338&#xD;
</StackTrace>
        </ErrorInfo>
      </Output>
    </UnitTestResult>
    <UnitTestResult executionId="0c4561d0-7851-4ec4-b16f-e8b5ba3e9062" testId="c53b5a33-d186-5a9e-8ed3-e8e7049029e4" testName="RESTThatShouldHaveBeenHttpRequest" computerName="V-KON" duration="00:00:00.0494985" startTime="2019-01-25T13:20:59.4770950+05:30" endTime="2019-01-25T13:20:59.5270984+05:30" testType="13cdc9d9-ddb5-4fa4-a97d-d965ccfc6d4b" outcome="Failed" testListId="8c84fa94-04c1-424b-9868-57a2d4851a1d" relativeResultsDirectory="0c4561d0-7851-4ec4-b16f-e8b5ba3e9062">
      <Output>
        <ErrorInfo>
          <Message>Assert.Fail failed. InitializeFileStorageService threw exception. System.IO.IOException: System.IO.IOException: The process cannot access the file 'http%3A%2F%2FCO1CDFLWEB02%2FService%2FReviewListenerService.svc_609032ff-e557-4f79-a16c-aa97350ab8d7.cfrevsum' because it is being used by another process.. </Message>
          <StackTrace>   at FabrikamFiberServiceTest.FabrikamFiberServiceTest.RESTThatShouldHaveBeenHttpRequest() in D:\TCMBugbash146\_work\8\s\FabrikamFiberService\FabrikamFiberServiceTest\FabrikamFiberServiceTest.cs:line 55&#xD;
</StackTrace>
        </ErrorInfo>
      </Output>
    </UnitTestResult>
    <UnitTestResult executionId="49936dcb-0ee1-4e28-bd6c-e3c4e2dd313f" testId="918c5c48-e2bd-a1b1-30d8-fa8c485769d3" testName="SubmitNewReviewBasedOnSingleSdChangelist" computerName="V-KON" duration="00:00:00.0000451" startTime="2019-01-25T13:21:01.0580772+05:30" endTime="2019-01-25T13:21:01.0580772+05:30" testType="13cdc9d9-ddb5-4fa4-a97d-d965ccfc6d4b" outcome="Passed" testListId="8c84fa94-04c1-424b-9868-57a2d4851a1d" relativeResultsDirectory="49936dcb-0ee1-4e28-bd6c-e3c4e2dd313f" />
    <UnitTestResult executionId="4723e29f-78f5-42a8-b1fb-11a24ee3019c" testId="f7b888fc-cf90-4880-9d5c-a9791ec35948" testName="ServiceHub_VerifyInlineEditParameterValuesInConflictingEdits" computerName="V-KON" duration="00:00:00.0248678" startTime="2019-01-25T13:20:58.2678668+05:30" endTime="2019-01-25T13:20:58.2938584+05:30" testType="13cdc9d9-ddb5-4fa4-a97d-d965ccfc6d4b" outcome="Passed" testListId="8c84fa94-04c1-424b-9868-57a2d4851a1d" relativeResultsDirectory="4723e29f-78f5-42a8-b1fb-11a24ee3019c" />
    <UnitTestResult executionId="05420e08-27fa-49c8-b617-cf7cb8d1ac3c" testId="8f42e37d-cecb-16d3-5fc6-74f36bfad8ea" testName="TestMethod5" computerName="V-KON" duration="00:00:00.0000442" startTime="2019-01-25T13:20:58.5458540+05:30" endTime="2019-01-25T13:20:58.5468593+05:30" testType="13cdc9d9-ddb5-4fa4-a97d-d965ccfc6d4b" outcome="Passed" testListId="8c84fa94-04c1-424b-9868-57a2d4851a1d" relativeResultsDirectory="05420e08-27fa-49c8-b617-cf7cb8d1ac3c" />
    <UnitTestResult executionId="ad7b9d6e-87c6-490f-8c50-d97ea15c1dca" testId="f7ab5616-e9ad-55df-5c29-a2e0a84e9df9" testName="ServerDynamicBlade" computerName="V-KON" duration="00:00:00.0000743" startTime="2019-01-25T13:20:58.3438583+05:30" endTime="2019-01-25T13:20:58.3438583+05:30" testType="13cdc9d9-ddb5-4fa4-a97d-d965ccfc6d4b" outcome="Passed" testListId="8c84fa94-04c1-424b-9868-57a2d4851a1d" relativeResultsDirectory="ad7b9d6e-87c6-490f-8c50-d97ea15c1dca" />
    <UnitTestResult executionId="a7a07f45-a01d-48fb-a3d8-1efb69eccbc5" testId="667137c6-f86d-6b1c-2957-029c4e16246d" testName="ScanTokenQuotedStringTests" computerName="V-KON" duration="00:00:00.0000507" startTime="2019-01-25T13:21:00.9840802+05:30" endTime="2019-01-25T13:21:00.9850817+05:30" testType="13cdc9d9-ddb5-4fa4-a97d-d965ccfc6d4b" outcome="Passed" testListId="8c84fa94-04c1-424b-9868-57a2d4851a1d" relativeResultsDirectory="a7a07f45-a01d-48fb-a3d8-1efb69eccbc5" />
    <UnitTestResult executionId="6bd57536-dd3d-4e39-9eae-acc2ec3613ec" testId="5edbf5e1-a147-82c4-e266-ea1e8ec7cc28" testName="TestCreateReviewMultipleTikcetsWithRequiredReviewer" computerName="V-KON" duration="00:00:00.0000308" startTime="2019-01-25T13:21:01.0400781+05:30" endTime="2019-01-25T13:21:01.0400781+05:30" testType="13cdc9d9-ddb5-4fa4-a97d-d965ccfc6d4b" outcome="Passed" testListId="8c84fa94-04c1-424b-9868-57a2d4851a1d" relativeResultsDirectory="6bd57536-dd3d-4e39-9eae-acc2ec3613ec" />
    <UnitTestResult executionId="3c6ec239-69ca-4fa7-a112-7ce09cf02a7b" testId="e8e44d8f-f053-3d97-6dc4-e9f08caeb352" testName="TicketsHub_VerifyRenameTicketFromContextMenu" computerName="V-KON" duration="00:00:00.1693069" startTime="2019-01-25T13:21:00.1840912+05:30" endTime="2019-01-25T13:21:00.5990827+05:30" testType="13cdc9d9-ddb5-4fa4-a97d-d965ccfc6d4b" outcome="Failed" testListId="8c84fa94-04c1-424b-9868-57a2d4851a1d" relativeResultsDirectory="3c6ec239-69ca-4fa7-a112-7ce09cf02a7b">
      <Output>
        <ErrorInfo>
          <Message>Assert.Fail failed. Test method threw exception: System.AggregateException: One or more errors occurred. ---&gt; FabrikamFiber.ServiceGateway.Core.WebApi.ObjectAlreadyExistsException: TF310, 5019: The object already exists on the Server</Message>
          <StackTrace>   at FabrikamFiberWebTest.FabrikamFiberWebTest.TicketsHub_VerifyRenameTicketFromContextMenu() in D:\TCMBugbash146\_work\8\s\FabrikamFiberService\FabrikamFiberWebTest\FabrikamFiberWebTest.cs:line 38&#xD;
</StackTrace>
        </ErrorInfo>
      </Output>
    </UnitTestResult>
    <UnitTestResult executionId="95950e85-4084-48ed-89b9-71b6990a65cf" testId="751402f8-7f88-dc1d-beb9-bbd7a38b600c" testName="ProfileFrameworkInterface_SetCountrytoEmptyString" computerName="V-KON" duration="00:00:00.0319183" startTime="2019-01-25T13:21:00.8660834+05:30" endTime="2019-01-25T13:21:00.8990799+05:30" testType="13cdc9d9-ddb5-4fa4-a97d-d965ccfc6d4b" outcome="Passed" testListId="8c84fa94-04c1-424b-9868-57a2d4851a1d" relativeResultsDirectory="95950e85-4084-48ed-89b9-71b6990a65cf" />
    <UnitTestResult executionId="3043f496-0318-436f-8afe-39f5c165bc9b" testId="21ed85be-cd40-ef30-1304-bdff7adc2a7e" testName="HistoryFrameworkService_CreateHistoryForbiddenValuesEmailDeleteress" computerName="V-KON" duration="00:00:00.0000470" startTime="2019-01-25T13:20:58.4438580+05:30" endTime="2019-01-25T13:20:58.4438580+05:30" testType="13cdc9d9-ddb5-4fa4-a97d-d965ccfc6d4b" outcome="Passed" testListId="8c84fa94-04c1-424b-9868-57a2d4851a1d" relativeResultsDirectory="3043f496-0318-436f-8afe-39f5c165bc9b" />
  </Results>
  <TestDefinitions>
    <UnitTest name="MobileHub_VerifyDeleteTicketFromContextMenu" storage="d:\tcmbugbash146\_work\8\s\fabrikamfiberservice\fabrikamfibermobiletest\bin\release\fabrikamfibermobiletest.dll" priority="1" id="154c56aa-1486-a658-0027-0fba570132a5">
      <Execution id="0e8ba778-59de-4aee-872d-d0d21b59d65e" />
      <TestMethod codeBase="D:\TCMBugbash146\_work\8\s\FabrikamFiberService\FabrikamFiberMobileTest\bin\Release\FabrikamFiberMobileTest.dll" adapterTypeName="executor://mstestadapter/v1" className="FabrikamFiberMobileTest.FabrikamFiberWebTest" name="MobileHub_VerifyDeleteTicketFromContextMenu" />
    </UnitTest>
    <UnitTest name="Transform_Throws_IfUXTemplateIsNull" storage="d:\tcmbugbash146\_work\8\s\fabrikamfiberservice\fabrikamfibermobiletest\bin\release\fabrikamfibermobiletest.dll" priority="1" id="df408e3b-703e-6559-9254-ae78dbef85cd">
      <Execution id="87fbee89-14df-4075-962f-3f610415d0ad" />
      <TestMethod codeBase="D:\TCMBugbash146\_work\8\s\FabrikamFiberService\FabrikamFiberMobileTest\bin\Release\FabrikamFiberMobileTest.dll" adapterTypeName="executor://mstestadapter/v1" className="FabrikamFiberMobileTest.FabrikamFiberWebTest" name="Transform_Throws_IfUXTemplateIsNull" />
    </UnitTest>
    <UnitTest name="CommentElementUriWithoutTopLevelDomainName" storage="d:\tcmbugbash146\_work\8\s\fabrikamfiberservice\fabrikamfibermobiletest\bin\release\fabrikamfibermobiletest.dll" priority="2" id="c4e71c3d-f881-e676-970b-af28d5bc7e65">
      <Execution id="299efc71-5c99-4f82-b3fb-e6d6a7cd59e7" />
      <TestMethod codeBase="D:\TCMBugbash146\_work\8\s\FabrikamFiberService\FabrikamFiberMobileTest\bin\Release\FabrikamFiberMobileTest.dll" adapterTypeName="executor://mstestadapter/v1" className="FabrikamFiberMobileTest.FabrikamFiberWebTest" name="CommentElementUriWithoutTopLevelDomainName" />
    </UnitTest>
    <UnitTest name="ScanTokenNoResultTests" storage="d:\tcmbugbash146\_work\8\s\fabrikamfiberservice\fabrikamfiberwebtest\bin\release\fabrikamfiberwebtest.dll" priority="1" id="990cf26d-a272-866e-9d0e-417ef90a48b4">
      <Execution id="0b4945ee-b9a6-464c-8924-2bd4b1a1a312" />
      <TestMethod codeBase="D:\TCMBugbash146\_work\8\s\FabrikamFiberService\FabrikamFiberWebTest\bin\Release\FabrikamFiberWebTest.dll" adapterTypeName="executor://mstestadapter/v1" className="FabrikamFiberWebTest.FabrikamFiberWebTest" name="ScanTokenNoResultTests" />
    </UnitTest>
    <UnitTest name="ScanTokenIgnoreTests" storage="d:\tcmbugbash146\_work\8\s\fabrikamfiberservice\fabrikamfiberwebtest\bin\release\fabrikamfiberwebtest.dll" priority="1" id="ed5717b5-3b7d-5534-f1f8-3b024e41de73">
      <Execution id="f13a43b2-bf04-4185-829d-262ecc902f72" />
      <TestMethod codeBase="D:\TCMBugbash146\_work\8\s\FabrikamFiberService\FabrikamFiberWebTest\bin\Release\FabrikamFiberWebTest.dll" adapterTypeName="executor://mstestadapter/v1" className="FabrikamFiberWebTest.FabrikamFiberWebTest" name="ScanTokenIgnoreTests" />
    </UnitTest>
    <UnitTest name="Pass1" storage="d:\tcmbugbash146\_work\8\s\fabrikamfiberservice\allpassingtests\bin\release\allpassingtests.dll" id="c2eaf485-fa43-49a0-bbf4-650e4cb8cd0e">
      <Execution id="d769b4b0-495f-4d6f-b296-2291b1ce649c" />
      <TestMethod codeBase="D:\TCMBugbash146\_work\8\s\FabrikamFiberService\AllPassingTests\bin\Release\AllPassingTests.dll" adapterTypeName="executor://mstestadapter/v1" className="AllPassingTests.UnitTest1" name="Pass1" />
    </UnitTest>
    <UnitTest name="IsEnabled_RequestScopeCacheHasData_BypassesPersistentCache" storage="d:\tcmbugbash146\_work\8\s\fabrikamfiberservice\fabrikamfiberservicetest\bin\release\fabrikamfiberservicetest.dll" priority="2" id="edc93839-74bb-beb2-46f2-62c21099814e">
      <Execution id="c08191c9-f2bf-47bc-b6a5-353f24f0ddc8" />
      <TestMethod codeBase="D:\TCMBugbash146\_work\8\s\FabrikamFiberService\FabrikamFiberServiceTest\bin\Release\FabrikamFiberServiceTest.dll" adapterTypeName="executor://mstestadapter/v1" className="FabrikamFiberServiceTest.FabrikamFiberServiceTest" name="IsEnabled_RequestScopeCacheHasData_BypassesPersistentCache" />
    </UnitTest>
    <UnitTest name="CommentElementDisplayTextContainingLineBreak" storage="d:\tcmbugbash146\_work\8\s\fabrikamfiberservice\fabrikamfibermobiletest\bin\release\fabrikamfibermobiletest.dll" priority="2" id="d1bfe9b3-9cce-3267-f6f6-4c7a825a1a78">
      <Execution id="67e2e6a2-543f-4689-8087-7bee9c16dcf5" />
      <TestMethod codeBase="D:\TCMBugbash146\_work\8\s\FabrikamFiberService\FabrikamFiberMobileTest\bin\Release\FabrikamFiberMobileTest.dll" adapterTypeName="executor://mstestadapter/v1" className="FabrikamFiberMobileTest.FabrikamFiberWebTest" name="CommentElementDisplayTextContainingLineBreak" />
    </UnitTest>
    <UnitTest name="CustomerHub_AddProfileComments" storage="d:\tcmbugbash146\_work\8\s\fabrikamfiberservice\fabrikamfiberwebtest\bin\release\fabrikamfiberwebtest.dll" priority="3" id="a3a4320c-d400-d98f-91c6-45eefc889423">
      <Execution id="08affd63-81ec-468d-bf67-d00cb0b68411" />
      <TestMethod codeBase="D:\TCMBugbash146\_work\8\s\FabrikamFiberService\FabrikamFiberWebTest\bin\Release\FabrikamFiberWebTest.dll" adapterTypeName="executor://mstestadapter/v1" className="FabrikamFiberWebTest.FabrikamFiberWebTest" name="CustomerHub_AddProfileComments" />
    </UnitTest>
    <UnitTest name="Transform_Throws_IfContentIsNull" storage="d:\tcmbugbash146\_work\8\s\fabrikamfiberservice\fabrikamfibermobiletest\bin\release\fabrikamfibermobiletest.dll" priority="1" id="ca5278cd-c4e4-2def-f886-98e55c3c66bc">
      <Execution id="773f4f7e-f446-47f4-9caa-ef1a65bd4699" />
      <TestMethod codeBase="D:\TCMBugbash146\_work\8\s\FabrikamFiberService\FabrikamFiberMobileTest\bin\Release\FabrikamFiberMobileTest.dll" adapterTypeName="executor://mstestadapter/v1" className="FabrikamFiberMobileTest.FabrikamFiberWebTest" name="Transform_Throws_IfContentIsNull" />
    </UnitTest>
    <UnitTest name="CommentElementSingleLinkAlone" storage="d:\tcmbugbash146\_work\8\s\fabrikamfiberservice\fabrikamfibermobiletest\bin\release\fabrikamfibermobiletest.dll" priority="3" id="762dde25-9e81-253a-2091-c20cd1d0f92f">
      <Execution id="160cb202-f981-4d65-b1e5-67339ed24ca1" />
      <TestMethod codeBase="D:\TCMBugbash146\_work\8\s\FabrikamFiberService\FabrikamFiberMobileTest\bin\Release\FabrikamFiberMobileTest.dll" adapterTypeName="executor://mstestadapter/v1" className="FabrikamFiberMobileTest.FabrikamFiberWebTest" name="CommentElementSingleLinkAlone" />
    </UnitTest>
    <UnitTest name="GroupNotReDeletePermissionsToProjectAdminsGroup" storage="d:\tcmbugbash146\_work\8\s\fabrikamfiberservice\fabrikamfibermobiletest\bin\release\fabrikamfibermobiletest.dll" priority="2" id="ffb1169a-2eab-a72c-c166-eead461ff9f3">
      <Execution id="9d05adbd-83ab-400d-82eb-6f14added10d" />
      <TestMethod codeBase="D:\TCMBugbash146\_work\8\s\FabrikamFiberService\FabrikamFiberMobileTest\bin\Release\FabrikamFiberMobileTest.dll" adapterTypeName="executor://mstestadapter/v1" className="FabrikamFiberMobileTest.FabrikamFiberWebTest" name="GroupNotReDeletePermissionsToProjectAdminsGroup" />
    </UnitTest>
    <UnitTest name="ParamsCountMismatchInRESTJson" storage="d:\tcmbugbash146\_work\8\s\fabrikamfiberservice\fabrikamfiberservicetest\bin\release\fabrikamfiberservicetest.dll" priority="1" id="51fb9659-9a63-e825-9772-016ea1272f3a">
      <Execution id="9aebdaa0-4a45-430a-8607-5aadb546bb93" />
      <TestMethod codeBase="D:\TCMBugbash146\_work\8\s\FabrikamFiberService\FabrikamFiberServiceTest\bin\Release\FabrikamFiberServiceTest.dll" adapterTypeName="executor://mstestadapter/v1" className="FabrikamFiberServiceTest.FabrikamFiberServiceTest" name="ParamsCountMismatchInRESTJson" />
    </UnitTest>
    <UnitTest name="IsEnabled_ServiceIsDisabled_NoOp" storage="d:\tcmbugbash146\_work\8\s\fabrikamfiberservice\fabrikamfiberservicetest\bin\release\fabrikamfiberservicetest.dll" id="cdb58f67-8d01-16ba-bd60-ee8c86b597bd">
      <Execution id="a958ca55-2146-4de6-83d2-e1dd21c1286b" />
      <TestMethod codeBase="D:\TCMBugbash146\_work\8\s\FabrikamFiberService\FabrikamFiberServiceTest\bin\Release\FabrikamFiberServiceTest.dll" adapterTypeName="executor://mstestadapter/v1" className="FabrikamFiberServiceTest.FabrikamFiberServiceTest" name="IsEnabled_ServiceIsDisabled_NoOp" />
    </UnitTest>
    <UnitTest name="LogicalSiteNameTest_Empty" storage="d:\tcmbugbash146\_work\8\s\fabrikamfiberservice\fabrikamfiberservicetest\bin\release\fabrikamfiberservicetest.dll" priority="3" id="5813e894-d8c1-30e5-ccd4-8f53756b5da4">
      <Execution id="edac5530-3cd5-4390-8208-190b7f7d62a4" />
      <TestMethod codeBase="D:\TCMBugbash146\_work\8\s\FabrikamFiberService\FabrikamFiberServiceTest\bin\Release\FabrikamFiberServiceTest.dll" adapterTypeName="executor://mstestadapter/v1" className="FabrikamFiberServiceTest.FabrikamFiberServiceTest" name="LogicalSiteNameTest_Empty" />
    </UnitTest>
    <UnitTest name="CollapseCommentsCollection" storage="d:\tcmbugbash146\_work\8\s\fabrikamfiberservice\fabrikamfiberwebtest\bin\release\fabrikamfiberwebtest.dll" priority="2" id="9f2c1937-d0d2-dafe-256f-bab6880e3cb8">
      <Execution id="353a1bb7-2d90-4f82-bbd3-4912ff3fefce" />
      <TestMethod codeBase="D:\TCMBugbash146\_work\8\s\FabrikamFiberService\FabrikamFiberWebTest\bin\Release\FabrikamFiberWebTest.dll" adapterTypeName="executor://mstestadapter/v1" className="FabrikamFiberWebTest.FabrikamFiberWebTest" name="CollapseCommentsCollection" />
    </UnitTest>
    <UnitTest name="TestArgumentWithVSOParameters" storage="d:\tcmbugbash146\_work\8\s\fabrikamfiberservice\fabrikamfiberwebtest\bin\release\fabrikamfiberwebtest.dll" priority="2" id="dac01f7c-8492-d3f4-e6f2-a01c37d3023b">
      <Execution id="32019709-94dd-437c-aac2-13059143114c" />
      <TestMethod codeBase="D:\TCMBugbash146\_work\8\s\FabrikamFiberService\FabrikamFiberWebTest\bin\Release\FabrikamFiberWebTest.dll" adapterTypeName="executor://mstestadapter/v1" className="FabrikamFiberWebTest.FabrikamFiberWebTest" name="TestArgumentWithVSOParameters" />
    </UnitTest>
    <UnitTest name="ServiceHub_VerifyInlineEditParameterValuesInConflictingEdits" storage="d:\tcmbugbash146\_work\8\s\fabrikamfiberservice\fabrikamfibermobiletest\bin\release\fabrikamfibermobiletest.dll" priority="0" id="f7b888fc-cf90-4880-9d5c-a9791ec35948">
      <Execution id="4723e29f-78f5-42a8-b1fb-11a24ee3019c" />
      <TestMethod codeBase="D:\TCMBugbash146\_work\8\s\FabrikamFiberService\FabrikamFiberMobileTest\bin\Release\FabrikamFiberMobileTest.dll" adapterTypeName="executor://mstestadapter/v1" className="FabrikamFiberMobileTest.FabrikamFiberWebTest" name="ServiceHub_VerifyInlineEditParameterValuesInConflictingEdits" />
    </UnitTest>
    <UnitTest name="IsEnabled_FlagNotSetForDefaultOrRequestedScope_ReturnsFalse" storage="d:\tcmbugbash146\_work\8\s\fabrikamfiberservice\fabrikamfiberservicetest\bin\release\fabrikamfiberservicetest.dll" priority="2" id="95e533f8-d2b6-b904-28d4-68154f958441">
      <Execution id="04f00eaf-1d30-49e5-aec3-b0efb88a3eac" />
      <TestMethod codeBase="D:\TCMBugbash146\_work\8\s\FabrikamFiberService\FabrikamFiberServiceTest\bin\Release\FabrikamFiberServiceTest.dll" adapterTypeName="executor://mstestadapter/v1" className="FabrikamFiberServiceTest.FabrikamFiberServiceTest" name="IsEnabled_FlagNotSetForDefaultOrRequestedScope_ReturnsFalse" />
    </UnitTest>
    <UnitTest name="IsEnabled_RequestScopeCacheDoesNotHaveData_RetrievesFromPersistentCacheAndSetsRequestScopedCache" storage="d:\tcmbugbash146\_work\8\s\fabrikamfiberservice\fabrikamfiberservicetest\bin\release\fabrikamfiberservicetest.dll" priority="2" id="3f4cddb9-50f7-2abc-3681-8a8a4562a693">
      <Execution id="811498e3-095a-472a-b11f-94db079ff033" />
      <TestMethod codeBase="D:\TCMBugbash146\_work\8\s\FabrikamFiberService\FabrikamFiberServiceTest\bin\Release\FabrikamFiberServiceTest.dll" adapterTypeName="executor://mstestadapter/v1" className="FabrikamFiberServiceTest.FabrikamFiberServiceTest" name="IsEnabled_RequestScopeCacheDoesNotHaveData_RetrievesFromPersistentCacheAndSetsRequestScopedCache" />
    </UnitTest>
    <UnitTest name="Pass2" storage="d:\tcmbugbash146\_work\8\s\fabrikamfiberservice\allpassingtests\bin\release\allpassingtests.dll" id="c2b2d5d7-a309-00c2-acba-315f2ac2eb25">
      <Execution id="5bd368be-1f40-44cd-b054-a1179360ac81" />
      <TestMethod codeBase="D:\TCMBugbash146\_work\8\s\FabrikamFiberService\AllPassingTests\bin\Release\AllPassingTests.dll" adapterTypeName="executor://mstestadapter/v1" className="AllPassingTests.UnitTest1" name="Pass2" />
    </UnitTest>
    <UnitTest name="TicketsHub_VerifyDeleteTicketFromContextMenu" storage="d:\tcmbugbash146\_work\8\s\fabrikamfiberservice\fabrikamfiberwebtest\bin\release\fabrikamfiberwebtest.dll" priority="1" id="afd3d6a9-78af-6d8f-7e93-bc7f9707b793">
      <Execution id="c908f4cc-42f3-4762-9a19-4519fb1d2883" />
      <TestMethod codeBase="D:\TCMBugbash146\_work\8\s\FabrikamFiberService\FabrikamFiberWebTest\bin\Release\FabrikamFiberWebTest.dll" adapterTypeName="executor://mstestadapter/v1" className="FabrikamFiberWebTest.FabrikamFiberWebTest" name="TicketsHub_VerifyDeleteTicketFromContextMenu" />
    </UnitTest>
    <UnitTest name="Pass3" storage="d:\tcmbugbash146\_work\8\s\fabrikamfiberservice\allpassingtests\bin\release\allpassingtests.dll" id="5928d804-1158-adac-560b-b9b39c485d7a">
      <Execution id="2510d911-189b-42b4-85d5-f1ef144e3b53" />
      <TestMethod codeBase="D:\TCMBugbash146\_work\8\s\FabrikamFiberService\AllPassingTests\bin\Release\AllPassingTests.dll" adapterTypeName="executor://mstestadapter/v1" className="AllPassingTests.UnitTest1" name="Pass3" />
    </UnitTest>
    <UnitTest name="ParsingOfChangesetArgumentWithLocalPathReturnsDepotAndActualChangeList" storage="d:\tcmbugbash146\_work\8\s\fabrikamfiberservice\fabrikamfiberwebtest\bin\release\fabrikamfiberwebtest.dll" priority="2" id="3d7aa7e5-58da-7d14-9f6d-fbc2e125f83f">
      <Execution id="4ea40236-a53b-46a2-8615-a355e1ec4fe0" />
      <TestMethod codeBase="D:\TCMBugbash146\_work\8\s\FabrikamFiberService\FabrikamFiberWebTest\bin\Release\FabrikamFiberWebTest.dll" adapterTypeName="executor://mstestadapter/v1" className="FabrikamFiberWebTest.FabrikamFiberWebTest" name="ParsingOfChangesetArgumentWithLocalPathReturnsDepotAndActualChangeList" />
    </UnitTest>
    <UnitTest name="MissingMethodInRESTJson" storage="d:\tcmbugbash146\_work\8\s\fabrikamfiberservice\fabrikamfiberservicetest\bin\release\fabrikamfiberservicetest.dll" priority="1" id="178b9268-4393-077e-8da2-9f4b4417dea6">
      <Execution id="8c2ec0e7-d8b2-4607-b0b4-626724afd8e2" />
      <TestMethod codeBase="D:\TCMBugbash146\_work\8\s\FabrikamFiberService\FabrikamFiberServiceTest\bin\Release\FabrikamFiberServiceTest.dll" adapterTypeName="executor://mstestadapter/v1" className="FabrikamFiberServiceTest.FabrikamFiberServiceTest" name="MissingMethodInRESTJson" />
    </UnitTest>
    <UnitTest name="IsEnabled_FlagNotSetForDefaultScope_ReturnsRequestedScope" storage="d:\tcmbugbash146\_work\8\s\fabrikamfiberservice\fabrikamfiberservicetest\bin\release\fabrikamfiberservicetest.dll" priority="2" id="0414fe94-72ce-6af0-0fe3-1dede4d9b6ac">
      <Execution id="5a084c1f-6a3d-4a48-bda9-82150de932ba" />
      <TestMethod codeBase="D:\TCMBugbash146\_work\8\s\FabrikamFiberService\FabrikamFiberServiceTest\bin\Release\FabrikamFiberServiceTest.dll" adapterTypeName="executor://mstestadapter/v1" className="FabrikamFiberServiceTest.FabrikamFiberServiceTest" name="IsEnabled_FlagNotSetForDefaultScope_ReturnsRequestedScope" />
    </UnitTest>
    <UnitTest name="CommentElementEmptyUri" storage="d:\tcmbugbash146\_work\8\s\fabrikamfiberservice\fabrikamfibermobiletest\bin\release\fabrikamfibermobiletest.dll" priority="2" id="5604b65b-cf72-b4ed-40cf-8711292c947d">
      <Execution id="e13814ba-1e41-4111-bdb1-e06ae5a8afac" />
      <TestMethod codeBase="D:\TCMBugbash146\_work\8\s\FabrikamFiberService\FabrikamFiberMobileTest\bin\Release\FabrikamFiberMobileTest.dll" adapterTypeName="executor://mstestadapter/v1" className="FabrikamFiberMobileTest.FabrikamFiberWebTest" name="CommentElementEmptyUri" />
    </UnitTest>
    <UnitTest name="CreateSource_PathIsHttp_ReturnsWebResponseDataSource" storage="d:\tcmbugbash146\_work\8\s\fabrikamfiberservice\fabrikamfibermobiletest\bin\release\fabrikamfibermobiletest.dll" priority="2" id="b45bffbf-16da-47ea-9b83-76d53391195f">
      <Execution id="5ef475b0-fae5-4f4e-bbb2-a7863c184f97" />
      <TestMethod codeBase="D:\TCMBugbash146\_work\8\s\FabrikamFiberService\FabrikamFiberMobileTest\bin\Release\FabrikamFiberMobileTest.dll" adapterTypeName="executor://mstestadapter/v1" className="FabrikamFiberMobileTest.FabrikamFiberWebTest" name="CreateSource_PathIsHttp_ReturnsWebResponseDataSource" />
    </UnitTest>
    <UnitTest name="IsEnabled_FeatureParamIsNull_ThrowsArgumentNullException" storage="d:\tcmbugbash146\_work\8\s\fabrikamfiberservice\fabrikamfiberservicetest\bin\release\fabrikamfiberservicetest.dll" id="9f8893d3-1d0e-ea5a-51fb-f955fe10fa40">
      <Execution id="b474d105-5adf-4c79-803f-d77ee11c32b1" />
      <TestMethod codeBase="D:\TCMBugbash146\_work\8\s\FabrikamFiberService\FabrikamFiberServiceTest\bin\Release\FabrikamFiberServiceTest.dll" adapterTypeName="executor://mstestadapter/v1" className="FabrikamFiberServiceTest.FabrikamFiberServiceTest" name="IsEnabled_FeatureParamIsNull_ThrowsArgumentNullException" />
    </UnitTest>
    <UnitTest name="LogicalSiteNameTest_EndsWithSlash" storage="d:\tcmbugbash146\_work\8\s\fabrikamfiberservice\fabrikamfiberservicetest\bin\release\fabrikamfiberservicetest.dll" priority="2" id="eb0ba446-6f8a-1b33-01bb-209b4473520c">
      <Execution id="ded3b1ae-4b94-43cc-b265-c7ffebcdd8e9" />
      <TestMethod codeBase="D:\TCMBugbash146\_work\8\s\FabrikamFiberService\FabrikamFiberServiceTest\bin\Release\FabrikamFiberServiceTest.dll" adapterTypeName="executor://mstestadapter/v1" className="FabrikamFiberServiceTest.FabrikamFiberServiceTest" name="LogicalSiteNameTest_EndsWithSlash" />
    </UnitTest>
    <UnitTest name="CommentElementEmptyDisplay" storage="d:\tcmbugbash146\_work\8\s\fabrikamfiberservice\fabrikamfibermobiletest\bin\release\fabrikamfibermobiletest.dll" priority="2" id="8848aa29-293f-9577-e6ab-45e9054eaaa9">
      <Execution id="766beb2d-5d17-4c63-9eec-d4d723a441bf" />
      <TestMethod codeBase="D:\TCMBugbash146\_work\8\s\FabrikamFiberService\FabrikamFiberMobileTest\bin\Release\FabrikamFiberMobileTest.dll" adapterTypeName="executor://mstestadapter/v1" className="FabrikamFiberMobileTest.FabrikamFiberWebTest" name="CommentElementEmptyDisplay" />
    </UnitTest>
    <UnitTest name="ProfileFrameworkInterface_SetCountrytoEmptyString" storage="d:\tcmbugbash146\_work\8\s\fabrikamfiberservice\fabrikamfiberwebtest\bin\release\fabrikamfiberwebtest.dll" priority="1" id="751402f8-7f88-dc1d-beb9-bbd7a38b600c">
      <Execution id="95950e85-4084-48ed-89b9-71b6990a65cf" />
      <TestMethod codeBase="D:\TCMBugbash146\_work\8\s\FabrikamFiberService\FabrikamFiberWebTest\bin\Release\FabrikamFiberWebTest.dll" adapterTypeName="executor://mstestadapter/v1" className="FabrikamFiberWebTest.FabrikamFiberWebTest" name="ProfileFrameworkInterface_SetCountrytoEmptyString" />
    </UnitTest>
    <UnitTest name="LogicalSiteNameTest" storage="d:\tcmbugbash146\_work\8\s\fabrikamfiberservice\fabrikamfiberservicetest\bin\release\fabrikamfiberservicetest.dll" priority="2" id="35768d0e-f8f7-d314-4c5d-19d5a7eb3af3">
      <Execution id="be847f86-9c7b-4422-a0f0-c823be30677d" />
      <TestMethod codeBase="D:\TCMBugbash146\_work\8\s\FabrikamFiberService\FabrikamFiberServiceTest\bin\Release\FabrikamFiberServiceTest.dll" adapterTypeName="executor://mstestadapter/v1" className="FabrikamFiberServiceTest.FabrikamFiberServiceTest" name="LogicalSiteNameTest" />
    </UnitTest>
    <UnitTest name="VerifyAllChangesetArgumentsWithdifferentOptionsReturnsFalse" storage="d:\tcmbugbash146\_work\8\s\fabrikamfiberservice\fabrikamfiberwebtest\bin\release\fabrikamfiberwebtest.dll" priority="2" id="cc6a4bf7-5475-54db-ef08-38400decdb37">
      <Execution id="58ca6bc9-75e2-4957-b150-277298bc7f52" />
      <TestMethod codeBase="D:\TCMBugbash146\_work\8\s\FabrikamFiberService\FabrikamFiberWebTest\bin\Release\FabrikamFiberWebTest.dll" adapterTypeName="executor://mstestadapter/v1" className="FabrikamFiberWebTest.FabrikamFiberWebTest" name="VerifyAllChangesetArgumentsWithdifferentOptionsReturnsFalse" />
    </UnitTest>
    <UnitTest name="ParamsMismatchInRESTJson" storage="d:\tcmbugbash146\_work\8\s\fabrikamfiberservice\fabrikamfiberservicetest\bin\release\fabrikamfiberservicetest.dll" priority="1" id="aac678ac-8140-c3b3-f1d9-9327982ac480">
      <Execution id="5f1d965f-13b3-40c1-974a-f35020609ed7" />
      <TestMethod codeBase="D:\TCMBugbash146\_work\8\s\FabrikamFiberService\FabrikamFiberServiceTest\bin\Release\FabrikamFiberServiceTest.dll" adapterTypeName="executor://mstestadapter/v1" className="FabrikamFiberServiceTest.FabrikamFiberServiceTest" name="ParamsMismatchInRESTJson" />
    </UnitTest>
    <UnitTest name="SingleLineWordReplacementsTicketComment" storage="d:\tcmbugbash146\_work\8\s\fabrikamfiberservice\fabrikamfiberwebtest\bin\release\fabrikamfiberwebtest.dll" priority="3" id="db9272ed-ca25-e251-3d96-21c3f6091fe0">
      <Execution id="13987784-094a-460b-a106-5047908a8296" />
      <TestMethod codeBase="D:\TCMBugbash146\_work\8\s\FabrikamFiberService\FabrikamFiberWebTest\bin\Release\FabrikamFiberWebTest.dll" adapterTypeName="executor://mstestadapter/v1" className="FabrikamFiberWebTest.FabrikamFiberWebTest" name="SingleLineWordReplacementsTicketComment" />
    </UnitTest>
    <UnitTest name="CollapseCollectionToNonempty" storage="d:\tcmbugbash146\_work\8\s\fabrikamfiberservice\fabrikamfiberwebtest\bin\release\fabrikamfiberwebtest.dll" priority="1" id="7827c76e-c759-992e-96f7-be9d0e5f23b0">
      <Execution id="20d8ecc6-7c25-484e-9ad1-9a2122600108" />
      <TestMethod codeBase="D:\TCMBugbash146\_work\8\s\FabrikamFiberService\FabrikamFiberWebTest\bin\Release\FabrikamFiberWebTest.dll" adapterTypeName="executor://mstestadapter/v1" className="FabrikamFiberWebTest.FabrikamFiberWebTest" name="CollapseCollectionToNonempty" />
    </UnitTest>
    <UnitTest name="TestMethod4" storage="d:\tcmbugbash146\_work\8\s\fabrikamfiberservice\fabrikamfibermobiletest\bin\release\fabrikamfibermobiletest.dll" priority="1" id="5197dcfa-a59c-9130-f0ad-894d1aa41c65">
      <Execution id="56f6bd53-6eb7-49ef-9f2b-7a9617c75b38" />
      <TestMethod codeBase="D:\TCMBugbash146\_work\8\s\FabrikamFiberService\FabrikamFiberMobileTest\bin\Release\FabrikamFiberMobileTest.dll" adapterTypeName="executor://mstestadapter/v1" className="FabrikamFiberMobileTest.FabrikamFiberWebTest" name="TestMethod4" />
    </UnitTest>
    <UnitTest name="ScanTokenSingleLineCommentTests" storage="d:\tcmbugbash146\_work\8\s\fabrikamfiberservice\fabrikamfiberwebtest\bin\release\fabrikamfiberwebtest.dll" priority="1" id="21a30597-f95c-7ed7-3427-0ca5d74e296f">
      <Execution id="665bc6da-b143-4008-afa9-5c6119ad1d4a" />
      <TestMethod codeBase="D:\TCMBugbash146\_work\8\s\FabrikamFiberService\FabrikamFiberWebTest\bin\Release\FabrikamFiberWebTest.dll" adapterTypeName="executor://mstestadapter/v1" className="FabrikamFiberWebTest.FabrikamFiberWebTest" name="ScanTokenSingleLineCommentTests" />
    </UnitTest>
    <UnitTest name="ProcessValidJsonInSwagger" storage="d:\tcmbugbash146\_work\8\s\fabrikamfiberservice\fabrikamfiberservicetest\bin\release\fabrikamfiberservicetest.dll" priority="1" id="47680382-04b1-828b-6d7b-dc9e7760995b">
      <Execution id="a783d748-e8d5-4dcc-8174-462b54584ec3" />
      <TestMethod codeBase="D:\TCMBugbash146\_work\8\s\FabrikamFiberService\FabrikamFiberServiceTest\bin\Release\FabrikamFiberServiceTest.dll" adapterTypeName="executor://mstestadapter/v1" className="FabrikamFiberServiceTest.FabrikamFiberServiceTest" name="ProcessValidJsonInSwagger" />
    </UnitTest>
    <UnitTest name="ProfileFrameworkService_CreateProfileForbiddenValuesEmailAddress" storage="d:\tcmbugbash146\_work\8\s\fabrikamfiberservice\fabrikamfiberwebtest\bin\release\fabrikamfiberwebtest.dll" priority="2" id="2de8f563-efb3-2c60-78f0-04d0869ca7e2">
      <Execution id="78822bdc-c348-4755-9127-dcd60ea4355d" />
      <TestMethod codeBase="D:\TCMBugbash146\_work\8\s\FabrikamFiberService\FabrikamFiberWebTest\bin\Release\FabrikamFiberWebTest.dll" adapterTypeName="executor://mstestadapter/v1" className="FabrikamFiberWebTest.FabrikamFiberWebTest" name="ProfileFrameworkService_CreateProfileForbiddenValuesEmailAddress" />
    </UnitTest>
    <UnitTest name="HooksProviderQueryOnDemandInvalidPublisherId" storage="d:\tcmbugbash146\_work\8\s\fabrikamfiberservice\fabrikamfibermobiletest\bin\release\fabrikamfibermobiletest.dll" priority="3" id="3977ad2e-82ea-a76b-4480-6d97034636d1">
      <Execution id="7988f548-2227-476f-9dea-395d6e0f54c4" />
      <TestMethod codeBase="D:\TCMBugbash146\_work\8\s\FabrikamFiberService\FabrikamFiberMobileTest\bin\Release\FabrikamFiberMobileTest.dll" adapterTypeName="executor://mstestadapter/v1" className="FabrikamFiberMobileTest.FabrikamFiberWebTest" name="HooksProviderQueryOnDemandInvalidPublisherId" />
    </UnitTest>
    <UnitTest name="CodedUITestMethod1" storage="d:\tcmbugbash146\_work\8\s\hierarchialtest\codeduitestproject17\bin\release\codeduitestproject17.dll" id="fd846020-c6f8-3c49-3ed0-fbe1e1fd340b">
      <Execution id="9046998e-17f5-4c7a-ab8b-c20c26f9d0ba" />
      <TestMethod codeBase="D:\TCMBugbash146\_work\8\s\HierarchialTest\CodedUITestProject17\bin\Release\CodedUITestProject17.dll" adapterTypeName="executor://mstestadapter/v1" className="CodedUITestProject17.CodedUITest1" name="CodedUITestMethod1" />
    </UnitTest>
    <UnitTest name="HooksProviderQueryWithInvalidPublisherId" storage="d:\tcmbugbash146\_work\8\s\fabrikamfiberservice\fabrikamfiberwebtest\bin\release\fabrikamfiberwebtest.dll" priority="0" id="f1f634d0-6885-11f6-6724-4b4e6fa6e0a4">
      <Execution id="45f55153-837a-4609-bff1-f7dec6e860ff" />
      <TestMethod codeBase="D:\TCMBugbash146\_work\8\s\FabrikamFiberService\FabrikamFiberWebTest\bin\Release\FabrikamFiberWebTest.dll" adapterTypeName="executor://mstestadapter/v1" className="FabrikamFiberWebTest.FabrikamFiberWebTest" name="HooksProviderQueryWithInvalidPublisherId" />
    </UnitTest>
    <UnitTest name="RESTThatShouldHaveBeenHttpRequest" storage="d:\tcmbugbash146\_work\8\s\fabrikamfiberservice\fabrikamfiberservicetest\bin\release\fabrikamfiberservicetest.dll" priority="1" id="c53b5a33-d186-5a9e-8ed3-e8e7049029e4">
      <Execution id="0c4561d0-7851-4ec4-b16f-e8b5ba3e9062" />
      <TestMethod codeBase="D:\TCMBugbash146\_work\8\s\FabrikamFiberService\FabrikamFiberServiceTest\bin\Release\FabrikamFiberServiceTest.dll" adapterTypeName="executor://mstestadapter/v1" className="FabrikamFiberServiceTest.FabrikamFiberServiceTest" name="RESTThatShouldHaveBeenHttpRequest" />
    </UnitTest>
    <UnitTest name="TicketsHub_VerifyRunCompletedTicketFromContextMenu" storage="d:\tcmbugbash146\_work\8\s\fabrikamfiberservice\fabrikamfiberwebtest\bin\release\fabrikamfiberwebtest.dll" priority="1" id="9f9b4744-1390-2819-a89f-80bf8a3a2755">
      <Execution id="7ff2525a-ab89-43ff-8733-242733c7cebb" />
      <TestMethod codeBase="D:\TCMBugbash146\_work\8\s\FabrikamFiberService\FabrikamFiberWebTest\bin\Release\FabrikamFiberWebTest.dll" adapterTypeName="executor://mstestadapter/v1" className="FabrikamFiberWebTest.FabrikamFiberWebTest" name="TicketsHub_VerifyRunCompletedTicketFromContextMenu" />
    </UnitTest>
    <UnitTest name="ParsingOfChangesetArgumentReturnsDepotAndActualChangeList" storage="d:\tcmbugbash146\_work\8\s\fabrikamfiberservice\fabrikamfiberwebtest\bin\release\fabrikamfiberwebtest.dll" priority="2" id="9691c6ab-f69c-9b85-bdbb-7ce410d6134b">
      <Execution id="68d5c2d9-3401-4bcb-b1a7-4569c090a588" />
      <TestMethod codeBase="D:\TCMBugbash146\_work\8\s\FabrikamFiberService\FabrikamFiberWebTest\bin\Release\FabrikamFiberWebTest.dll" adapterTypeName="executor://mstestadapter/v1" className="FabrikamFiberWebTest.FabrikamFiberWebTest" name="ParsingOfChangesetArgumentReturnsDepotAndActualChangeList" />
    </UnitTest>
    <UnitTest name="HooksProviderQueryOnDemandInvalidPublisherId" storage="d:\tcmbugbash146\_work\8\s\fabrikamfiberservice\fabrikamfiberwebtest\bin\release\fabrikamfiberwebtest.dll" priority="1" id="e896beea-7841-aced-be2e-729bb8283fc1">
      <Execution id="730a99cf-f711-4069-8c4b-78c6a076d97f" />
      <TestMethod codeBase="D:\TCMBugbash146\_work\8\s\FabrikamFiberService\FabrikamFiberWebTest\bin\Release\FabrikamFiberWebTest.dll" adapterTypeName="executor://mstestadapter/v1" className="FabrikamFiberWebTest.FabrikamFiberWebTest" name="HooksProviderQueryOnDemandInvalidPublisherId" />
    </UnitTest>
    <UnitTest name="CodedUITestMethod2" storage="d:\tcmbugbash146\_work\8\s\hierarchialtest\codeduitestproject17\bin\release\codeduitestproject17.dll" priority="1" id="1c7ece84-d949-bed1-0a4c-dfad4f9c953e">
      <Execution id="8f4375e5-d9bf-44c6-8fd1-0223f5f55c10" />
      <TestMethod codeBase="D:\TCMBugbash146\_work\8\s\HierarchialTest\CodedUITestProject17\bin\Release\CodedUITestProject17.dll" adapterTypeName="executor://mstestadapter/v1" className="CodedUITestProject17.CodedUITest1" name="CodedUITestMethod2" />
    </UnitTest>
    <UnitTest name="TicketsHub_VerifyRenameTicketFromContextMenu" storage="d:\tcmbugbash146\_work\8\s\fabrikamfiberservice\fabrikamfiberwebtest\bin\release\fabrikamfiberwebtest.dll" priority="2" id="e8e44d8f-f053-3d97-6dc4-e9f08caeb352">
      <Execution id="3c6ec239-69ca-4fa7-a112-7ce09cf02a7b" />
      <TestMethod codeBase="D:\TCMBugbash146\_work\8\s\FabrikamFiberService\FabrikamFiberWebTest\bin\Release\FabrikamFiberWebTest.dll" adapterTypeName="executor://mstestadapter/v1" className="FabrikamFiberWebTest.FabrikamFiberWebTest" name="TicketsHub_VerifyRenameTicketFromContextMenu" />
    </UnitTest>
    <UnitTest name="HistoryFrameworkInterface_SetCountrytoEmptyString" storage="d:\tcmbugbash146\_work\8\s\fabrikamfiberservice\fabrikamfibermobiletest\bin\release\fabrikamfibermobiletest.dll" priority="1" id="920bdd15-b46b-2e2f-5ce6-b2ed4bb57d2b">
      <Execution id="ad08166f-8713-4940-b227-95fdbcae813f" />
      <TestMethod codeBase="D:\TCMBugbash146\_work\8\s\FabrikamFiberService\FabrikamFiberMobileTest\bin\Release\FabrikamFiberMobileTest.dll" adapterTypeName="executor://mstestadapter/v1" className="FabrikamFiberMobileTest.FabrikamFiberWebTest" name="HistoryFrameworkInterface_SetCountrytoEmptyString" />
    </UnitTest>
    <UnitTest name="Transform_IntraNav_GeneratedForReferenceDoc" storage="d:\tcmbugbash146\_work\8\s\fabrikamfiberservice\fabrikamfibermobiletest\bin\release\fabrikamfibermobiletest.dll" priority="0" id="c94d9d56-882d-479c-91ae-c0b8c8048f1c">
      <Execution id="08add471-f150-4e13-b869-e5200ef035f3" />
      <TestMethod codeBase="D:\TCMBugbash146\_work\8\s\FabrikamFiberService\FabrikamFiberMobileTest\bin\Release\FabrikamFiberMobileTest.dll" adapterTypeName="executor://mstestadapter/v1" className="FabrikamFiberMobileTest.FabrikamFiberWebTest" name="Transform_IntraNav_GeneratedForReferenceDoc" />
    </UnitTest>
    <UnitTest name="Transform_Throws_IfContentIsEmpty" storage="d:\tcmbugbash146\_work\8\s\fabrikamfiberservice\fabrikamfibermobiletest\bin\release\fabrikamfibermobiletest.dll" priority="1" id="51942a8a-a19b-2819-36bd-c0b7fcf1a63a">
      <Execution id="a70981ef-2151-45d6-8e65-a1b17d2e76f5" />
      <TestMethod codeBase="D:\TCMBugbash146\_work\8\s\FabrikamFiberService\FabrikamFiberMobileTest\bin\Release\FabrikamFiberMobileTest.dll" adapterTypeName="executor://mstestadapter/v1" className="FabrikamFiberMobileTest.FabrikamFiberWebTest" name="Transform_Throws_IfContentIsEmpty" />
    </UnitTest>
    <UnitTest name="CreateSource_PathIsNull_ThrowsArgumentNullException" storage="d:\tcmbugbash146\_work\8\s\fabrikamfiberservice\fabrikamfibermobiletest\bin\release\fabrikamfibermobiletest.dll" priority="4" id="5a1fd1c8-3434-6d56-f28b-bfbe135111a7">
      <Execution id="346dc8c9-1b26-461f-a9e8-9080a45d8fc7" />
      <TestMethod codeBase="D:\TCMBugbash146\_work\8\s\FabrikamFiberService\FabrikamFiberMobileTest\bin\Release\FabrikamFiberMobileTest.dll" adapterTypeName="executor://mstestadapter/v1" className="FabrikamFiberMobileTest.FabrikamFiberWebTest" name="CreateSource_PathIsNull_ThrowsArgumentNullException" />
    </UnitTest>
    <UnitTest name="TicketsHub_VerifyRunTicketOnDemandNoActiveTestsFromContextMenu" storage="d:\tcmbugbash146\_work\8\s\fabrikamfiberservice\fabrikamfiberwebtest\bin\release\fabrikamfiberwebtest.dll" priority="0" id="588a6f87-1d77-aabd-075b-20a1ef28a600">
      <Execution id="6fec7421-7ea9-4ad7-a1b8-8690fbbdd0b1" />
      <TestMethod codeBase="D:\TCMBugbash146\_work\8\s\FabrikamFiberService\FabrikamFiberWebTest\bin\Release\FabrikamFiberWebTest.dll" adapterTypeName="executor://mstestadapter/v1" className="FabrikamFiberWebTest.FabrikamFiberWebTest" name="TicketsHub_VerifyRunTicketOnDemandNoActiveTestsFromContextMenu" />
    </UnitTest>
    <UnitTest name="SubmitNewReviewBasedOnCommitInGitSourceControl" storage="d:\tcmbugbash146\_work\8\s\fabrikamfiberservice\fabrikamfiberwebtest\bin\release\fabrikamfiberwebtest.dll" priority="2" id="d9c21b5b-9f6a-2314-28c5-f4bb7205b789">
      <Execution id="4ca1e223-2d59-4c99-b189-4dfb4f3fbbcc" />
      <TestMethod codeBase="D:\TCMBugbash146\_work\8\s\FabrikamFiberService\FabrikamFiberWebTest\bin\Release\FabrikamFiberWebTest.dll" adapterTypeName="executor://mstestadapter/v1" className="FabrikamFiberWebTest.FabrikamFiberWebTest" name="SubmitNewReviewBasedOnCommitInGitSourceControl" />
    </UnitTest>
    <UnitTest name="TestArgumentCanStartWithUnderscore" storage="d:\tcmbugbash146\_work\8\s\fabrikamfiberservice\fabrikamfiberwebtest\bin\release\fabrikamfiberwebtest.dll" priority="1" id="adf336f4-d6a3-4930-08de-226da66caf12">
      <Execution id="b77c8675-5076-4ae1-83f5-2804654fe6c3" />
      <TestMethod codeBase="D:\TCMBugbash146\_work\8\s\FabrikamFiberService\FabrikamFiberWebTest\bin\Release\FabrikamFiberWebTest.dll" adapterTypeName="executor://mstestadapter/v1" className="FabrikamFiberWebTest.FabrikamFiberWebTest" name="TestArgumentCanStartWithUnderscore" />
    </UnitTest>
    <UnitTest name="CommentElementOneLinkWithTextAround" storage="d:\tcmbugbash146\_work\8\s\fabrikamfiberservice\fabrikamfibermobiletest\bin\release\fabrikamfibermobiletest.dll" priority="2" id="d58c0bc6-749e-b9f3-9bbe-313257c6c31b">
      <Execution id="2a7254dd-aa60-41f0-8313-6cff2247e20f" />
      <TestMethod codeBase="D:\TCMBugbash146\_work\8\s\FabrikamFiberService\FabrikamFiberMobileTest\bin\Release\FabrikamFiberMobileTest.dll" adapterTypeName="executor://mstestadapter/v1" className="FabrikamFiberMobileTest.FabrikamFiberWebTest" name="CommentElementOneLinkWithTextAround" />
    </UnitTest>
    <UnitTest name="MissingValuesInRESTJson" storage="d:\tcmbugbash146\_work\8\s\fabrikamfiberservice\fabrikamfiberservicetest\bin\release\fabrikamfiberservicetest.dll" priority="1" id="85826726-b9d0-dead-1bcb-4bc5280480d5">
      <Execution id="676b4bf9-2fdb-4025-aac8-29885814f2c3" />
      <TestMethod codeBase="D:\TCMBugbash146\_work\8\s\FabrikamFiberService\FabrikamFiberServiceTest\bin\Release\FabrikamFiberServiceTest.dll" adapterTypeName="executor://mstestadapter/v1" className="FabrikamFiberServiceTest.FabrikamFiberServiceTest" name="MissingValuesInRESTJson" />
    </UnitTest>
    <UnitTest name="TestArgumentStartInvalidCharRejected" storage="d:\tcmbugbash146\_work\8\s\fabrikamfiberservice\fabrikamfiberwebtest\bin\release\fabrikamfiberwebtest.dll" priority="2" id="177cdc65-1b64-110a-ffb3-b671cbc0a1bd">
      <Execution id="e4216e18-5740-4906-8fa2-6369a0ef33ba" />
      <TestMethod codeBase="D:\TCMBugbash146\_work\8\s\FabrikamFiberService\FabrikamFiberWebTest\bin\Release\FabrikamFiberWebTest.dll" adapterTypeName="executor://mstestadapter/v1" className="FabrikamFiberWebTest.FabrikamFiberWebTest" name="TestArgumentStartInvalidCharRejected" />
    </UnitTest>
    <UnitTest name="ScanTokenMultiLineCommentTests" storage="d:\tcmbugbash146\_work\8\s\fabrikamfiberservice\fabrikamfiberwebtest\bin\release\fabrikamfiberwebtest.dll" priority="1" id="4cce5351-b4de-8487-05b4-60a367ea17de">
      <Execution id="ed3ee411-3ad8-4e9a-a174-b058118a1a6b" />
      <TestMethod codeBase="D:\TCMBugbash146\_work\8\s\FabrikamFiberService\FabrikamFiberWebTest\bin\Release\FabrikamFiberWebTest.dll" adapterTypeName="executor://mstestadapter/v1" className="FabrikamFiberWebTest.FabrikamFiberWebTest" name="ScanTokenMultiLineCommentTests" />
    </UnitTest>
    <UnitTest name="ServiceReqUnregisterWithInvalidRunSettingsFile" storage="d:\tcmbugbash146\_work\8\s\fabrikamfiberservice\fabrikamfibermobiletest\bin\release\fabrikamfibermobiletest.dll" priority="0" id="0406f998-3db6-61b5-fda7-16c228f48d30">
      <Execution id="35e04304-6aae-4958-ae4c-dddd00613d7e" />
      <TestMethod codeBase="D:\TCMBugbash146\_work\8\s\FabrikamFiberService\FabrikamFiberMobileTest\bin\Release\FabrikamFiberMobileTest.dll" adapterTypeName="executor://mstestadapter/v1" className="FabrikamFiberMobileTest.FabrikamFiberWebTest" name="ServiceReqUnregisterWithInvalidRunSettingsFile" />
    </UnitTest>
    <UnitTest name="VerifyAllChangesetArgumentsWithDefaultOptionsReturnsTrue" storage="d:\tcmbugbash146\_work\8\s\fabrikamfiberservice\fabrikamfiberwebtest\bin\release\fabrikamfiberwebtest.dll" priority="2" id="7266b90d-5755-2fea-74f3-262c40e15cfc">
      <Execution id="410d6762-94e8-471c-9f39-8cdec46e647b" />
      <TestMethod codeBase="D:\TCMBugbash146\_work\8\s\FabrikamFiberService\FabrikamFiberWebTest\bin\Release\FabrikamFiberWebTest.dll" adapterTypeName="executor://mstestadapter/v1" className="FabrikamFiberWebTest.FabrikamFiberWebTest" name="VerifyAllChangesetArgumentsWithDefaultOptionsReturnsTrue" />
    </UnitTest>
    <UnitTest name="CommentElementNoLinks" storage="d:\tcmbugbash146\_work\8\s\fabrikamfiberservice\fabrikamfibermobiletest\bin\release\fabrikamfibermobiletest.dll" priority="1" id="b1222215-c801-5367-7c10-3ffb1f7df8a4">
      <Execution id="1ce14ce3-1d4f-493e-9196-5ddd4b51f13b" />
      <TestMethod codeBase="D:\TCMBugbash146\_work\8\s\FabrikamFiberService\FabrikamFiberMobileTest\bin\Release\FabrikamFiberMobileTest.dll" adapterTypeName="executor://mstestadapter/v1" className="FabrikamFiberMobileTest.FabrikamFiberWebTest" name="CommentElementNoLinks" />
    </UnitTest>
    <UnitTest name="PSHttpClient_SetCountrytoInvalidCountry" storage="d:\tcmbugbash146\_work\8\s\fabrikamfiberservice\fabrikamfiberwebtest\bin\release\fabrikamfiberwebtest.dll" priority="3" id="ef870299-27a2-9789-7939-a2adfc33fa6b">
      <Execution id="61bdfbdd-324c-4d9f-89a8-dcd9f6a4213e" />
      <TestMethod codeBase="D:\TCMBugbash146\_work\8\s\FabrikamFiberService\FabrikamFiberWebTest\bin\Release\FabrikamFiberWebTest.dll" adapterTypeName="executor://mstestadapter/v1" className="FabrikamFiberWebTest.FabrikamFiberWebTest" name="PSHttpClient_SetCountrytoInvalidCountry" />
    </UnitTest>
    <UnitTest name="TestCreateReviewWithInvalidTikcetArgument" storage="d:\tcmbugbash146\_work\8\s\fabrikamfiberservice\fabrikamfiberwebtest\bin\release\fabrikamfiberwebtest.dll" priority="2" id="d865ebd5-9225-fcf8-392d-5081c34f92ef">
      <Execution id="1d8ff7ca-dd93-4379-ae6a-00f2a0ec226f" />
      <TestMethod codeBase="D:\TCMBugbash146\_work\8\s\FabrikamFiberService\FabrikamFiberWebTest\bin\Release\FabrikamFiberWebTest.dll" adapterTypeName="executor://mstestadapter/v1" className="FabrikamFiberWebTest.FabrikamFiberWebTest" name="TestCreateReviewWithInvalidTikcetArgument" />
    </UnitTest>
    <UnitTest name="VerifySuccessfulBookmarkFileCreationForMultiTickets" storage="d:\tcmbugbash146\_work\8\s\fabrikamfiberservice\fabrikamfiberwebtest\bin\release\fabrikamfiberwebtest.dll" priority="2" id="4b7bc350-bbf0-ad90-fbc5-c4d6dac94520">
      <Execution id="e36b5333-ca45-4dc6-a3df-6110111614d0" />
      <TestMethod codeBase="D:\TCMBugbash146\_work\8\s\FabrikamFiberService\FabrikamFiberWebTest\bin\Release\FabrikamFiberWebTest.dll" adapterTypeName="executor://mstestadapter/v1" className="FabrikamFiberWebTest.FabrikamFiberWebTest" name="VerifySuccessfulBookmarkFileCreationForMultiTickets" />
    </UnitTest>
    <UnitTest name="InvalidRESTJasonError" storage="d:\tcmbugbash146\_work\8\s\fabrikamfiberservice\fabrikamfiberservicetest\bin\release\fabrikamfiberservicetest.dll" priority="1" id="1139014d-2055-4bb9-954c-375ecc020e06">
      <Execution id="f7499ed1-1b66-441c-b164-b9b54645b7d0" />
      <TestMethod codeBase="D:\TCMBugbash146\_work\8\s\FabrikamFiberService\FabrikamFiberServiceTest\bin\Release\FabrikamFiberServiceTest.dll" adapterTypeName="executor://mstestadapter/v1" className="FabrikamFiberServiceTest.FabrikamFiberServiceTest" name="InvalidRESTJasonError" />
    </UnitTest>
    <UnitTest name="CommentElementUrlForDisplay" storage="d:\tcmbugbash146\_work\8\s\fabrikamfiberservice\fabrikamfibermobiletest\bin\release\fabrikamfibermobiletest.dll" priority="2" id="de65c993-177d-1a54-d357-aa073d8b46d3">
      <Execution id="f0ddcb5c-8bb3-41eb-83cc-70d028914766" />
      <TestMethod codeBase="D:\TCMBugbash146\_work\8\s\FabrikamFiberService\FabrikamFiberMobileTest\bin\Release\FabrikamFiberMobileTest.dll" adapterTypeName="executor://mstestadapter/v1" className="FabrikamFiberMobileTest.FabrikamFiberWebTest" name="CommentElementUrlForDisplay" />
    </UnitTest>
    <UnitTest name="ServiceHub_DeleteHistoryComments" storage="d:\tcmbugbash146\_work\8\s\fabrikamfiberservice\fabrikamfibermobiletest\bin\release\fabrikamfibermobiletest.dll" priority="1" id="73b685df-eec5-209e-5ec3-b3650866ee41">
      <Execution id="12fa3175-0d83-495c-8a95-539eb6e3a7a0" />
      <TestMethod codeBase="D:\TCMBugbash146\_work\8\s\FabrikamFiberService\FabrikamFiberMobileTest\bin\Release\FabrikamFiberMobileTest.dll" adapterTypeName="executor://mstestadapter/v1" className="FabrikamFiberMobileTest.FabrikamFiberWebTest" name="ServiceHub_DeleteHistoryComments" />
    </UnitTest>
    <UnitTest name="EndPointHttpClient_SetCountrytoInvalidCountry" storage="d:\tcmbugbash146\_work\8\s\fabrikamfiberservice\fabrikamfibermobiletest\bin\release\fabrikamfibermobiletest.dll" priority="2" id="5589f4b9-9f8c-61f2-d1ca-dcc3e1071358">
      <Execution id="f0003334-3d67-4c5f-884b-34a36e8a46b6" />
      <TestMethod codeBase="D:\TCMBugbash146\_work\8\s\FabrikamFiberService\FabrikamFiberMobileTest\bin\Release\FabrikamFiberMobileTest.dll" adapterTypeName="executor://mstestadapter/v1" className="FabrikamFiberMobileTest.FabrikamFiberWebTest" name="EndPointHttpClient_SetCountrytoInvalidCountry" />
    </UnitTest>
    <UnitTest name="SubmitNewReviewBasedOnCommitsFromMultipleGitEnlistments" storage="d:\tcmbugbash146\_work\8\s\fabrikamfiberservice\fabrikamfiberwebtest\bin\release\fabrikamfiberwebtest.dll" priority="2" id="5e7464b2-7a37-68f1-5e8e-8c55d06a2e45">
      <Execution id="1bb05205-f32d-4a5a-9b0c-266054c8ffd3" />
      <TestMethod codeBase="D:\TCMBugbash146\_work\8\s\FabrikamFiberService\FabrikamFiberWebTest\bin\Release\FabrikamFiberWebTest.dll" adapterTypeName="executor://mstestadapter/v1" className="FabrikamFiberWebTest.FabrikamFiberWebTest" name="SubmitNewReviewBasedOnCommitsFromMultipleGitEnlistments" />
    </UnitTest>
    <UnitTest name="TestCreateReviewMultipleTikcetsWithRequiredReviewer" storage="d:\tcmbugbash146\_work\8\s\fabrikamfiberservice\fabrikamfiberwebtest\bin\release\fabrikamfiberwebtest.dll" priority="2" id="5edbf5e1-a147-82c4-e266-ea1e8ec7cc28">
      <Execution id="6bd57536-dd3d-4e39-9eae-acc2ec3613ec" />
      <TestMethod codeBase="D:\TCMBugbash146\_work\8\s\FabrikamFiberService\FabrikamFiberWebTest\bin\Release\FabrikamFiberWebTest.dll" adapterTypeName="executor://mstestadapter/v1" className="FabrikamFiberWebTest.FabrikamFiberWebTest" name="TestCreateReviewMultipleTikcetsWithRequiredReviewer" />
    </UnitTest>
    <UnitTest name="LoadFromSource_FileDoesNotExist_ThrowsFileNotFoundException" storage="d:\tcmbugbash146\_work\8\s\fabrikamfiberservice\fabrikamfibermobiletest\bin\release\fabrikamfibermobiletest.dll" priority="2" id="3f7ca7f5-f2fd-23bd-649c-c95f17422cfb">
      <Execution id="fd1ba9aa-910e-4f9b-81f3-60b41cca0350" />
      <TestMethod codeBase="D:\TCMBugbash146\_work\8\s\FabrikamFiberService\FabrikamFiberMobileTest\bin\Release\FabrikamFiberMobileTest.dll" adapterTypeName="executor://mstestadapter/v1" className="FabrikamFiberMobileTest.FabrikamFiberWebTest" name="LoadFromSource_FileDoesNotExist_ThrowsFileNotFoundException" />
    </UnitTest>
    <UnitTest name="LogicalSiteNameTest_MixedCase" storage="d:\tcmbugbash146\_work\8\s\fabrikamfiberservice\fabrikamfiberservicetest\bin\release\fabrikamfiberservicetest.dll" priority="1" id="516a299a-316a-c9ee-e86b-cc389397f86c">
      <Execution id="57c87c15-e2fa-42d2-82de-ed1830ff11ad" />
      <TestMethod codeBase="D:\TCMBugbash146\_work\8\s\FabrikamFiberService\FabrikamFiberServiceTest\bin\Release\FabrikamFiberServiceTest.dll" adapterTypeName="executor://mstestadapter/v1" className="FabrikamFiberServiceTest.FabrikamFiberServiceTest" name="LogicalSiteNameTest_MixedCase" />
    </UnitTest>
    <UnitTest name="IsEnabled_RequestScopedCacheProviderThrowsException_LogsExceptionAndReturnsFalse" storage="d:\tcmbugbash146\_work\8\s\fabrikamfiberservice\fabrikamfiberservicetest\bin\release\fabrikamfiberservicetest.dll" priority="2" id="50491201-6d5f-1ff3-cae6-f7dd963d006b">
      <Execution id="28932ceb-1abf-4a45-b60b-b6d467971d0e" />
      <TestMethod codeBase="D:\TCMBugbash146\_work\8\s\FabrikamFiberService\FabrikamFiberServiceTest\bin\Release\FabrikamFiberServiceTest.dll" adapterTypeName="executor://mstestadapter/v1" className="FabrikamFiberServiceTest.FabrikamFiberServiceTest" name="IsEnabled_RequestScopedCacheProviderThrowsException_LogsExceptionAndReturnsFalse" />
    </UnitTest>
    <UnitTest name="Constructor_FilePathIsNull_ThrowsArgumentNullException" storage="d:\tcmbugbash146\_work\8\s\fabrikamfiberservice\fabrikamfibermobiletest\bin\release\fabrikamfibermobiletest.dll" priority="2" id="b42a1599-252a-4831-6bd7-f1d41dd269fd">
      <Execution id="88217f6b-e2ce-45b9-b2b6-44f131e038f0" />
      <TestMethod codeBase="D:\TCMBugbash146\_work\8\s\FabrikamFiberService\FabrikamFiberMobileTest\bin\Release\FabrikamFiberMobileTest.dll" adapterTypeName="executor://mstestadapter/v1" className="FabrikamFiberMobileTest.FabrikamFiberWebTest" name="Constructor_FilePathIsNull_ThrowsArgumentNullException" />
    </UnitTest>
    <UnitTest name="SubmitNewReviewBasedOnSingleSdChangelist" storage="d:\tcmbugbash146\_work\8\s\fabrikamfiberservice\fabrikamfiberwebtest\bin\release\fabrikamfiberwebtest.dll" priority="2" id="918c5c48-e2bd-a1b1-30d8-fa8c485769d3">
      <Execution id="49936dcb-0ee1-4e28-bd6c-e3c4e2dd313f" />
      <TestMethod codeBase="D:\TCMBugbash146\_work\8\s\FabrikamFiberService\FabrikamFiberWebTest\bin\Release\FabrikamFiberWebTest.dll" adapterTypeName="executor://mstestadapter/v1" className="FabrikamFiberWebTest.FabrikamFiberWebTest" name="SubmitNewReviewBasedOnSingleSdChangelist" />
    </UnitTest>
    <UnitTest name="LogicalSiteNameTest_StartsWithSlash" storage="d:\tcmbugbash146\_work\8\s\fabrikamfiberservice\fabrikamfiberservicetest\bin\release\fabrikamfiberservicetest.dll" priority="2" id="da020aa4-b2db-6d6d-8b7e-b85f0e474f29">
      <Execution id="d2a302a1-d1ef-4c88-939e-602af52a6022" />
      <TestMethod codeBase="D:\TCMBugbash146\_work\8\s\FabrikamFiberService\FabrikamFiberServiceTest\bin\Release\FabrikamFiberServiceTest.dll" adapterTypeName="executor://mstestadapter/v1" className="FabrikamFiberServiceTest.FabrikamFiberServiceTest" name="LogicalSiteNameTest_StartsWithSlash" />
    </UnitTest>
    <UnitTest name="HooksProviderQueryWithInvalidPublisherId" storage="d:\tcmbugbash146\_work\8\s\fabrikamfiberservice\fabrikamfibermobiletest\bin\release\fabrikamfibermobiletest.dll" priority="1" id="3f1478eb-fd0b-f2d8-e755-c55508969a67">
      <Execution id="bff8b0b8-689a-4793-9ed5-649608148b3d" />
      <TestMethod codeBase="D:\TCMBugbash146\_work\8\s\FabrikamFiberService\FabrikamFiberMobileTest\bin\Release\FabrikamFiberMobileTest.dll" adapterTypeName="executor://mstestadapter/v1" className="FabrikamFiberMobileTest.FabrikamFiberWebTest" name="HooksProviderQueryWithInvalidPublisherId" />
    </UnitTest>
    <UnitTest name="Deserialize_ThrowsNotSupportedException" storage="d:\tcmbugbash146\_work\8\s\fabrikamfiberservice\fabrikamfibermobiletest\bin\release\fabrikamfibermobiletest.dll" priority="2" id="b4a2210f-1703-bbc4-d187-3ed1b58dad67">
      <Execution id="d0af6f2a-efed-4e3e-96e4-9f25a66ae6b0" />
      <TestMethod codeBase="D:\TCMBugbash146\_work\8\s\FabrikamFiberService\FabrikamFiberMobileTest\bin\Release\FabrikamFiberMobileTest.dll" adapterTypeName="executor://mstestadapter/v1" className="FabrikamFiberMobileTest.FabrikamFiberWebTest" name="Deserialize_ThrowsNotSupportedException" />
    </UnitTest>
    <UnitTest name="TestMethod5" storage="d:\tcmbugbash146\_work\8\s\fabrikamfiberservice\fabrikamfibermobiletest\bin\release\fabrikamfibermobiletest.dll" priority="1" id="8f42e37d-cecb-16d3-5fc6-74f36bfad8ea">
      <Execution id="05420e08-27fa-49c8-b617-cf7cb8d1ac3c" />
      <TestMethod codeBase="D:\TCMBugbash146\_work\8\s\FabrikamFiberService\FabrikamFiberMobileTest\bin\Release\FabrikamFiberMobileTest.dll" adapterTypeName="executor://mstestadapter/v1" className="FabrikamFiberMobileTest.FabrikamFiberWebTest" name="TestMethod5" />
    </UnitTest>
    <UnitTest name="DoNotReaddPermissionsToProjectAdminsGroup" storage="d:\tcmbugbash146\_work\8\s\fabrikamfiberservice\fabrikamfiberwebtest\bin\release\fabrikamfiberwebtest.dll" priority="2" id="235f981c-caee-b6f2-a1bf-68471d895956">
      <Execution id="a6adc14e-e699-4ead-a72d-354ffd7ada53" />
      <TestMethod codeBase="D:\TCMBugbash146\_work\8\s\FabrikamFiberService\FabrikamFiberWebTest\bin\Release\FabrikamFiberWebTest.dll" adapterTypeName="executor://mstestadapter/v1" className="FabrikamFiberWebTest.FabrikamFiberWebTest" name="DoNotReaddPermissionsToProjectAdminsGroup" />
    </UnitTest>
    <UnitTest name="Transform_Throws_IfUXTemplateIsInValid" storage="d:\tcmbugbash146\_work\8\s\fabrikamfiberservice\fabrikamfibermobiletest\bin\release\fabrikamfibermobiletest.dll" priority="1" id="3d7e743b-f1a5-46f4-dac5-edafc74087b4">
      <Execution id="9675d2a4-1428-405c-aaa8-811520523bd0" />
      <TestMethod codeBase="D:\TCMBugbash146\_work\8\s\FabrikamFiberService\FabrikamFiberMobileTest\bin\Release\FabrikamFiberMobileTest.dll" adapterTypeName="executor://mstestadapter/v1" className="FabrikamFiberMobileTest.FabrikamFiberWebTest" name="Transform_Throws_IfUXTemplateIsInValid" />
    </UnitTest>
    <UnitTest name="LogicalSiteNameTest_ContainsParens" storage="d:\tcmbugbash146\_work\8\s\fabrikamfiberservice\fabrikamfiberservicetest\bin\release\fabrikamfiberservicetest.dll" priority="2" id="b9cb5919-b56d-3abe-bf20-2adec6db193f">
      <Execution id="4aa6089e-6d91-4453-8425-c9082bf71fe1" />
      <TestMethod codeBase="D:\TCMBugbash146\_work\8\s\FabrikamFiberService\FabrikamFiberServiceTest\bin\Release\FabrikamFiberServiceTest.dll" adapterTypeName="executor://mstestadapter/v1" className="FabrikamFiberServiceTest.FabrikamFiberServiceTest" name="LogicalSiteNameTest_ContainsParens" />
    </UnitTest>
    <UnitTest name="TestSubmitTicketWithRequiredReviewer" storage="d:\tcmbugbash146\_work\8\s\fabrikamfiberservice\fabrikamfiberwebtest\bin\release\fabrikamfiberwebtest.dll" priority="2" id="1afc667d-da47-a936-cf03-19b14be0ba98">
      <Execution id="f6d40bd5-34ff-492c-a9b8-b6b95d224f6a" />
      <TestMethod codeBase="D:\TCMBugbash146\_work\8\s\FabrikamFiberService\FabrikamFiberWebTest\bin\Release\FabrikamFiberWebTest.dll" adapterTypeName="executor://mstestadapter/v1" className="FabrikamFiberWebTest.FabrikamFiberWebTest" name="TestSubmitTicketWithRequiredReviewer" />
    </UnitTest>
    <UnitTest name="HistoryFrameworkService_CreateHistoryForbiddenValuesEmailDeleteress" storage="d:\tcmbugbash146\_work\8\s\fabrikamfiberservice\fabrikamfibermobiletest\bin\release\fabrikamfibermobiletest.dll" priority="3" id="21ed85be-cd40-ef30-1304-bdff7adc2a7e">
      <Execution id="3043f496-0318-436f-8afe-39f5c165bc9b" />
      <TestMethod codeBase="D:\TCMBugbash146\_work\8\s\FabrikamFiberService\FabrikamFiberMobileTest\bin\Release\FabrikamFiberMobileTest.dll" adapterTypeName="executor://mstestadapter/v1" className="FabrikamFiberMobileTest.FabrikamFiberWebTest" name="HistoryFrameworkService_CreateHistoryForbiddenValuesEmailDeleteress" />
    </UnitTest>
    <UnitTest name="CodedUITestMethod3" storage="d:\tcmbugbash146\_work\8\s\hierarchialtest\codeduitestproject17\bin\release\codeduitestproject17.dll" priority="2" id="e8958003-62fd-456d-e066-a3d3c35b8f54">
      <Owners>
        <Owner name="abhishek" />
      </Owners>
      <TestCategory>
        <TestCategoryItem TestCategory="Maths" />
      </TestCategory>
      <Execution id="85f0e93d-349e-4b02-9478-7aaee0a72301" />
      <TestMethod codeBase="D:\TCMBugbash146\_work\8\s\HierarchialTest\CodedUITestProject17\bin\Release\CodedUITestProject17.dll" adapterTypeName="executor://mstestadapter/v1" className="CodedUITestProject17.CodedUITest1" name="CodedUITestMethod3" />
    </UnitTest>
    <UnitTest name="ScanTokenKeywordsTests" storage="d:\tcmbugbash146\_work\8\s\fabrikamfiberservice\fabrikamfiberwebtest\bin\release\fabrikamfiberwebtest.dll" priority="1" id="b9e445cf-0dcc-42d0-77a1-9571e003351e">
      <Execution id="2285c7ca-8fe7-40a0-94f7-6f77f20c288e" />
      <TestMethod codeBase="D:\TCMBugbash146\_work\8\s\FabrikamFiberService\FabrikamFiberWebTest\bin\Release\FabrikamFiberWebTest.dll" adapterTypeName="executor://mstestadapter/v1" className="FabrikamFiberWebTest.FabrikamFiberWebTest" name="ScanTokenKeywordsTests" />
    </UnitTest>
    <UnitTest name="Pass4" storage="d:\tcmbugbash146\_work\8\s\fabrikamfiberservice\allpassingtests\bin\release\allpassingtests.dll" id="7698a7ae-8e5f-01b0-c50e-8f7618575323">
      <Execution id="bc450ea5-77bd-4ddd-b9d0-06e3d2d031ec" />
      <TestMethod codeBase="D:\TCMBugbash146\_work\8\s\FabrikamFiberService\AllPassingTests\bin\Release\AllPassingTests.dll" adapterTypeName="executor://mstestadapter/v1" className="AllPassingTests.UnitTest1" name="Pass4" />
    </UnitTest>
    <UnitTest name="MobileHub_VerifyRunTicketOnDemandNoActiveTestsFromContextMenu" storage="d:\tcmbugbash146\_work\8\s\fabrikamfiberservice\fabrikamfibermobiletest\bin\release\fabrikamfibermobiletest.dll" priority="3" id="52548a2a-1e69-bf94-77b1-d4c7cb355181">
      <Execution id="1442542d-df05-423f-80e9-689fa419385b" />
      <TestMethod codeBase="D:\TCMBugbash146\_work\8\s\FabrikamFiberService\FabrikamFiberMobileTest\bin\Release\FabrikamFiberMobileTest.dll" adapterTypeName="executor://mstestadapter/v1" className="FabrikamFiberMobileTest.FabrikamFiberWebTest" name="MobileHub_VerifyRunTicketOnDemandNoActiveTestsFromContextMenu" />
    </UnitTest>
    <UnitTest name="LogicalSiteNameTest_Null" storage="d:\tcmbugbash146\_work\8\s\fabrikamfiberservice\fabrikamfiberservicetest\bin\release\fabrikamfiberservicetest.dll" priority="2" id="b3d6f429-d08a-c10a-768c-2b124d30f582">
      <Execution id="533098ab-5b3d-4006-a0d9-96b5f8d2f5e6" />
      <TestMethod codeBase="D:\TCMBugbash146\_work\8\s\FabrikamFiberService\FabrikamFiberServiceTest\bin\Release\FabrikamFiberServiceTest.dll" adapterTypeName="executor://mstestadapter/v1" className="FabrikamFiberServiceTest.FabrikamFiberServiceTest" name="LogicalSiteNameTest_Null" />
    </UnitTest>
    <UnitTest name="MobileHub_VerifyRunCompletedTicketFromContextMenu" storage="d:\tcmbugbash146\_work\8\s\fabrikamfiberservice\fabrikamfibermobiletest\bin\release\fabrikamfibermobiletest.dll" priority="2" id="f3180533-7062-b6cb-f758-95098aa3302a">
      <Execution id="3fc83703-62ed-4384-8a12-79160c6dfbc2" />
      <TestMethod codeBase="D:\TCMBugbash146\_work\8\s\FabrikamFiberService\FabrikamFiberMobileTest\bin\Release\FabrikamFiberMobileTest.dll" adapterTypeName="executor://mstestadapter/v1" className="FabrikamFiberMobileTest.FabrikamFiberWebTest" name="MobileHub_VerifyRunCompletedTicketFromContextMenu" />
    </UnitTest>
    <UnitTest name="IsEnabled_PersistentCacheProviderThrowsException_LogsExceptionAndReturnsFalse" storage="d:\tcmbugbash146\_work\8\s\fabrikamfiberservice\fabrikamfiberservicetest\bin\release\fabrikamfiberservicetest.dll" priority="2" id="6880a361-4cbe-8649-ab08-395fd57422d2">
      <Execution id="2e6edb32-9ac1-47c3-a526-a5c7ce95a19c" />
      <TestMethod codeBase="D:\TCMBugbash146\_work\8\s\FabrikamFiberService\FabrikamFiberServiceTest\bin\Release\FabrikamFiberServiceTest.dll" adapterTypeName="executor://mstestadapter/v1" className="FabrikamFiberServiceTest.FabrikamFiberServiceTest" name="IsEnabled_PersistentCacheProviderThrowsException_LogsExceptionAndReturnsFalse" />
    </UnitTest>
    <UnitTest name="SupportedTypes_ReturnsExtensionDataObject" storage="d:\tcmbugbash146\_work\8\s\fabrikamfiberservice\fabrikamfibermobiletest\bin\release\fabrikamfibermobiletest.dll" priority="2" id="1d9cca6b-4d0c-c833-ad2f-a94dea7013b4">
      <Execution id="dcb10bb2-8520-4dc0-a355-259d15fefda5" />
      <TestMethod codeBase="D:\TCMBugbash146\_work\8\s\FabrikamFiberService\FabrikamFiberMobileTest\bin\Release\FabrikamFiberMobileTest.dll" adapterTypeName="executor://mstestadapter/v1" className="FabrikamFiberMobileTest.FabrikamFiberWebTest" name="SupportedTypes_ReturnsExtensionDataObject" />
    </UnitTest>
    <UnitTest name="TestMethod16" storage="d:\tcmbugbash146\_work\8\s\fabrikamfiberservice\fabrikamfiberservicetest\bin\release\fabrikamfiberservicetest.dll" priority="2" id="5676e891-a5c5-d0a0-6887-cda788fd62e8">
      <Execution id="9f4d1751-4430-4e66-87d8-a5852f5c1777" />
      <TestMethod codeBase="D:\TCMBugbash146\_work\8\s\FabrikamFiberService\FabrikamFiberServiceTest\bin\Release\FabrikamFiberServiceTest.dll" adapterTypeName="executor://mstestadapter/v1" className="FabrikamFiberServiceTest.FabrikamFiberServiceTest" name="TestMethod16" />
    </UnitTest>
    <UnitTest name="ServerDynamicBlade" storage="d:\tcmbugbash146\_work\8\s\fabrikamfiberservice\fabrikamfibermobiletest\bin\release\fabrikamfibermobiletest.dll" priority="3" id="f7ab5616-e9ad-55df-5c29-a2e0a84e9df9">
      <Execution id="ad7b9d6e-87c6-490f-8c50-d97ea15c1dca" />
      <TestMethod codeBase="D:\TCMBugbash146\_work\8\s\FabrikamFiberService\FabrikamFiberMobileTest\bin\Release\FabrikamFiberMobileTest.dll" adapterTypeName="executor://mstestadapter/v1" className="FabrikamFiberMobileTest.FabrikamFiberWebTest" name="ServerDynamicBlade" />
    </UnitTest>
    <UnitTest name="ParsingOfChangesetArgumentReturnsNullDepotAndActualChangeList" storage="d:\tcmbugbash146\_work\8\s\fabrikamfiberservice\fabrikamfiberwebtest\bin\release\fabrikamfiberwebtest.dll" priority="2" id="3255d9aa-0210-6e46-0dee-3c490a93877e">
      <Execution id="cba773aa-2186-4671-9342-73c68a33fff8" />
      <TestMethod codeBase="D:\TCMBugbash146\_work\8\s\FabrikamFiberService\FabrikamFiberWebTest\bin\Release\FabrikamFiberWebTest.dll" adapterTypeName="executor://mstestadapter/v1" className="FabrikamFiberWebTest.FabrikamFiberWebTest" name="ParsingOfChangesetArgumentReturnsNullDepotAndActualChangeList" />
    </UnitTest>
    <UnitTest name="CallUnregisterWithInvalidRunSettingsFile" storage="d:\tcmbugbash146\_work\8\s\fabrikamfiberservice\fabrikamfiberwebtest\bin\release\fabrikamfiberwebtest.dll" priority="2" id="6ec7b7a1-b048-ded9-750d-f5b257e3c197">
      <Execution id="43649a2b-4821-4135-835d-0ab247d7a9d1" />
      <TestMethod codeBase="D:\TCMBugbash146\_work\8\s\FabrikamFiberService\FabrikamFiberWebTest\bin\Release\FabrikamFiberWebTest.dll" adapterTypeName="executor://mstestadapter/v1" className="FabrikamFiberWebTest.FabrikamFiberWebTest" name="CallUnregisterWithInvalidRunSettingsFile" />
    </UnitTest>
    <UnitTest name="IsEnabled_FlagNotSetForDefaultOrRequestedScope_DefaultEnablementIsTrue" storage="d:\tcmbugbash146\_work\8\s\fabrikamfiberservice\fabrikamfiberservicetest\bin\release\fabrikamfiberservicetest.dll" priority="2" id="31e2a27e-28b6-46fe-48a5-c27cfe7d9d50">
      <Execution id="2dc08bee-83ca-473c-bcd8-0a991ab85083" />
      <TestMethod codeBase="D:\TCMBugbash146\_work\8\s\FabrikamFiberService\FabrikamFiberServiceTest\bin\Release\FabrikamFiberServiceTest.dll" adapterTypeName="executor://mstestadapter/v1" className="FabrikamFiberServiceTest.FabrikamFiberServiceTest" name="IsEnabled_FlagNotSetForDefaultOrRequestedScope_DefaultEnablementIsTrue" />
    </UnitTest>
    <UnitTest name="CommentElementUriWithWWW" storage="d:\tcmbugbash146\_work\8\s\fabrikamfiberservice\fabrikamfibermobiletest\bin\release\fabrikamfibermobiletest.dll" priority="2" id="8cdf953c-9e4a-08f5-4bd9-88d062fd82eb">
      <Execution id="f742140a-4c98-4e15-a773-813830d27cc7" />
      <TestMethod codeBase="D:\TCMBugbash146\_work\8\s\FabrikamFiberService\FabrikamFiberMobileTest\bin\Release\FabrikamFiberMobileTest.dll" adapterTypeName="executor://mstestadapter/v1" className="FabrikamFiberMobileTest.FabrikamFiberWebTest" name="CommentElementUriWithWWW" />
    </UnitTest>
    <UnitTest name="VerifyThatBookmarkIsCreatedAndDeletedSuccesfully" storage="d:\tcmbugbash146\_work\8\s\fabrikamfiberservice\fabrikamfiberwebtest\bin\release\fabrikamfiberwebtest.dll" priority="2" id="aaf6adeb-98f2-08b2-8a6b-82b4e3f13a73">
      <Execution id="8d86535f-8cea-48cf-b43a-34e67db395cb" />
      <TestMethod codeBase="D:\TCMBugbash146\_work\8\s\FabrikamFiberService\FabrikamFiberWebTest\bin\Release\FabrikamFiberWebTest.dll" adapterTypeName="executor://mstestadapter/v1" className="FabrikamFiberWebTest.FabrikamFiberWebTest" name="VerifyThatBookmarkIsCreatedAndDeletedSuccesfully" />
    </UnitTest>
    <UnitTest name="TestMethod20" storage="d:\tcmbugbash146\_work\8\s\fabrikamfiberservice\fabrikamfibermobiletest\bin\release\fabrikamfibermobiletest.dll" priority="2" id="67a95340-70b6-f9c9-c66a-de4750a030ca">
      <Execution id="9b1f3323-b216-4814-b9c4-109889535bd6" />
      <TestMethod codeBase="D:\TCMBugbash146\_work\8\s\FabrikamFiberService\FabrikamFiberMobileTest\bin\Release\FabrikamFiberMobileTest.dll" adapterTypeName="executor://mstestadapter/v1" className="FabrikamFiberMobileTest.FabrikamFiberWebTest" name="TestMethod20" />
    </UnitTest>
    <UnitTest name="ScanTokenQuotedStringTests" storage="d:\tcmbugbash146\_work\8\s\fabrikamfiberservice\fabrikamfiberwebtest\bin\release\fabrikamfiberwebtest.dll" priority="1" id="667137c6-f86d-6b1c-2957-029c4e16246d">
      <Execution id="a7a07f45-a01d-48fb-a3d8-1efb69eccbc5" />
      <TestMethod codeBase="D:\TCMBugbash146\_work\8\s\FabrikamFiberService\FabrikamFiberWebTest\bin\Release\FabrikamFiberWebTest.dll" adapterTypeName="executor://mstestadapter/v1" className="FabrikamFiberWebTest.FabrikamFiberWebTest" name="ScanTokenQuotedStringTests" />
    </UnitTest>
    <UnitTest name="CacheKey_ReturnsFilePath" storage="d:\tcmbugbash146\_work\8\s\fabrikamfiberservice\fabrikamfibermobiletest\bin\release\fabrikamfibermobiletest.dll" priority="2" id="f89305f1-cd70-342d-7ea0-cce6c035fcac">
      <Execution id="4e9a14c0-987d-43d5-a749-ec0242b08e8a" />
      <TestMethod codeBase="D:\TCMBugbash146\_work\8\s\FabrikamFiberService\FabrikamFiberMobileTest\bin\Release\FabrikamFiberMobileTest.dll" adapterTypeName="executor://mstestadapter/v1" className="FabrikamFiberMobileTest.FabrikamFiberWebTest" name="CacheKey_ReturnsFilePath" />
    </UnitTest>
    <UnitTest name="LogicalSiteNameTest_ContainsNumbers" storage="d:\tcmbugbash146\_work\8\s\fabrikamfiberservice\fabrikamfiberservicetest\bin\release\fabrikamfiberservicetest.dll" priority="2" id="ee70034a-1416-b7db-5978-3ba584b6f4c9">
      <Execution id="59353336-a99c-462b-a7a3-25df363ec236" />
      <TestMethod codeBase="D:\TCMBugbash146\_work\8\s\FabrikamFiberService\FabrikamFiberServiceTest\bin\Release\FabrikamFiberServiceTest.dll" adapterTypeName="executor://mstestadapter/v1" className="FabrikamFiberServiceTest.FabrikamFiberServiceTest" name="LogicalSiteNameTest_ContainsNumbers" />
    </UnitTest>
    <UnitTest name="CodedUITestMethod4" storage="d:\tcmbugbash146\_work\8\s\hierarchialtest\codeduitestproject17\bin\release\codeduitestproject17.dll" id="cd1b57c7-5651-6908-fe6a-54475b365815">
      <Owners>
        <Owner name="abhishek" />
      </Owners>
      <Execution id="7e375aad-5135-4946-bcfc-73d1f87cd8b7" />
      <TestMethod codeBase="D:\TCMBugbash146\_work\8\s\HierarchialTest\CodedUITestProject17\bin\Release\CodedUITestProject17.dll" adapterTypeName="executor://mstestadapter/v1" className="CodedUITestProject17.CodedUITest1" name="CodedUITestMethod4" />
    </UnitTest>
    <UnitTest name="CustomerHub_VerifyInlineEditParameterValuesInConflictingEdits" storage="d:\tcmbugbash146\_work\8\s\fabrikamfiberservice\fabrikamfiberwebtest\bin\release\fabrikamfiberwebtest.dll" priority="1" id="5b60572c-68b0-f8e8-34c8-c4f324ee94a6">
      <Execution id="0e35507a-f482-4ef7-8918-b8029c25d0d7" />
      <TestMethod codeBase="D:\TCMBugbash146\_work\8\s\FabrikamFiberService\FabrikamFiberWebTest\bin\Release\FabrikamFiberWebTest.dll" adapterTypeName="executor://mstestadapter/v1" className="FabrikamFiberWebTest.FabrikamFiberWebTest" name="CustomerHub_VerifyInlineEditParameterValuesInConflictingEdits" />
    </UnitTest>
    <UnitTest name="MobileHub_VerifyRenameTicketFromContextMenu" storage="d:\tcmbugbash146\_work\8\s\fabrikamfiberservice\fabrikamfibermobiletest\bin\release\fabrikamfibermobiletest.dll" priority="0" id="310e631b-8dd1-dba9-2e6e-a45e9857792d">
      <Execution id="5534e71e-5276-4f0b-9bdf-6c16802d0cc3" />
      <TestMethod codeBase="D:\TCMBugbash146\_work\8\s\FabrikamFiberService\FabrikamFiberMobileTest\bin\Release\FabrikamFiberMobileTest.dll" adapterTypeName="executor://mstestadapter/v1" className="FabrikamFiberMobileTest.FabrikamFiberWebTest" name="MobileHub_VerifyRenameTicketFromContextMenu" />
    </UnitTest>
    <UnitTest name="AccountDynamicBlade" storage="d:\tcmbugbash146\_work\8\s\fabrikamfiberservice\fabrikamfiberwebtest\bin\release\fabrikamfiberwebtest.dll" priority="2" id="4d1e7b2b-93f6-9af9-1d97-855f00da4a71">
      <Execution id="10bbe67a-da23-4c88-90f5-afd3fbe6bda1" />
      <TestMethod codeBase="D:\TCMBugbash146\_work\8\s\FabrikamFiberService\FabrikamFiberWebTest\bin\Release\FabrikamFiberWebTest.dll" adapterTypeName="executor://mstestadapter/v1" className="FabrikamFiberWebTest.FabrikamFiberWebTest" name="AccountDynamicBlade" />
    </UnitTest>
  </TestDefinitions>
  <TestEntries>
    <TestEntry testId="920bdd15-b46b-2e2f-5ce6-b2ed4bb57d2b" executionId="ad08166f-8713-4940-b227-95fdbcae813f" testListId="8c84fa94-04c1-424b-9868-57a2d4851a1d" />
    <TestEntry testId="154c56aa-1486-a658-0027-0fba570132a5" executionId="0e8ba778-59de-4aee-872d-d0d21b59d65e" testListId="8c84fa94-04c1-424b-9868-57a2d4851a1d" />
    <TestEntry testId="516a299a-316a-c9ee-e86b-cc389397f86c" executionId="57c87c15-e2fa-42d2-82de-ed1830ff11ad" testListId="8c84fa94-04c1-424b-9868-57a2d4851a1d" />
    <TestEntry testId="3255d9aa-0210-6e46-0dee-3c490a93877e" executionId="cba773aa-2186-4671-9342-73c68a33fff8" testListId="8c84fa94-04c1-424b-9868-57a2d4851a1d" />
    <TestEntry testId="990cf26d-a272-866e-9d0e-417ef90a48b4" executionId="0b4945ee-b9a6-464c-8924-2bd4b1a1a312" testListId="8c84fa94-04c1-424b-9868-57a2d4851a1d" />
    <TestEntry testId="b45bffbf-16da-47ea-9b83-76d53391195f" executionId="5ef475b0-fae5-4f4e-bbb2-a7863c184f97" testListId="8c84fa94-04c1-424b-9868-57a2d4851a1d" />
    <TestEntry testId="35768d0e-f8f7-d314-4c5d-19d5a7eb3af3" executionId="be847f86-9c7b-4422-a0f0-c823be30677d" testListId="8c84fa94-04c1-424b-9868-57a2d4851a1d" />
    <TestEntry testId="5b60572c-68b0-f8e8-34c8-c4f324ee94a6" executionId="0e35507a-f482-4ef7-8918-b8029c25d0d7" testListId="8c84fa94-04c1-424b-9868-57a2d4851a1d" />
    <TestEntry testId="cdb58f67-8d01-16ba-bd60-ee8c86b597bd" executionId="a958ca55-2146-4de6-83d2-e1dd21c1286b" testListId="8c84fa94-04c1-424b-9868-57a2d4851a1d" />
    <TestEntry testId="cc6a4bf7-5475-54db-ef08-38400decdb37" executionId="58ca6bc9-75e2-4957-b150-277298bc7f52" testListId="8c84fa94-04c1-424b-9868-57a2d4851a1d" />
    <TestEntry testId="21a30597-f95c-7ed7-3427-0ca5d74e296f" executionId="665bc6da-b143-4008-afa9-5c6119ad1d4a" testListId="8c84fa94-04c1-424b-9868-57a2d4851a1d" />
    <TestEntry testId="ed5717b5-3b7d-5534-f1f8-3b024e41de73" executionId="f13a43b2-bf04-4185-829d-262ecc902f72" testListId="8c84fa94-04c1-424b-9868-57a2d4851a1d" />
    <TestEntry testId="f3180533-7062-b6cb-f758-95098aa3302a" executionId="3fc83703-62ed-4384-8a12-79160c6dfbc2" testListId="8c84fa94-04c1-424b-9868-57a2d4851a1d" />
    <TestEntry testId="177cdc65-1b64-110a-ffb3-b671cbc0a1bd" executionId="e4216e18-5740-4906-8fa2-6369a0ef33ba" testListId="8c84fa94-04c1-424b-9868-57a2d4851a1d" />
    <TestEntry testId="d1bfe9b3-9cce-3267-f6f6-4c7a825a1a78" executionId="67e2e6a2-543f-4689-8087-7bee9c16dcf5" testListId="8c84fa94-04c1-424b-9868-57a2d4851a1d" />
    <TestEntry testId="6ec7b7a1-b048-ded9-750d-f5b257e3c197" executionId="43649a2b-4821-4135-835d-0ab247d7a9d1" testListId="8c84fa94-04c1-424b-9868-57a2d4851a1d" />
    <TestEntry testId="f1f634d0-6885-11f6-6724-4b4e6fa6e0a4" executionId="45f55153-837a-4609-bff1-f7dec6e860ff" testListId="8c84fa94-04c1-424b-9868-57a2d4851a1d" />
    <TestEntry testId="ffb1169a-2eab-a72c-c166-eead461ff9f3" executionId="9d05adbd-83ab-400d-82eb-6f14added10d" testListId="8c84fa94-04c1-424b-9868-57a2d4851a1d" />
    <TestEntry testId="b3d6f429-d08a-c10a-768c-2b124d30f582" executionId="533098ab-5b3d-4006-a0d9-96b5f8d2f5e6" testListId="8c84fa94-04c1-424b-9868-57a2d4851a1d" />
    <TestEntry testId="95e533f8-d2b6-b904-28d4-68154f958441" executionId="04f00eaf-1d30-49e5-aec3-b0efb88a3eac" testListId="8c84fa94-04c1-424b-9868-57a2d4851a1d" />
    <TestEntry testId="1afc667d-da47-a936-cf03-19b14be0ba98" executionId="f6d40bd5-34ff-492c-a9b8-b6b95d224f6a" testListId="8c84fa94-04c1-424b-9868-57a2d4851a1d" />
    <TestEntry testId="3f4cddb9-50f7-2abc-3681-8a8a4562a693" executionId="811498e3-095a-472a-b11f-94db079ff033" testListId="8c84fa94-04c1-424b-9868-57a2d4851a1d" />
    <TestEntry testId="5a1fd1c8-3434-6d56-f28b-bfbe135111a7" executionId="346dc8c9-1b26-461f-a9e8-9080a45d8fc7" testListId="8c84fa94-04c1-424b-9868-57a2d4851a1d" />
    <TestEntry testId="b42a1599-252a-4831-6bd7-f1d41dd269fd" executionId="88217f6b-e2ce-45b9-b2b6-44f131e038f0" testListId="8c84fa94-04c1-424b-9868-57a2d4851a1d" />
    <TestEntry testId="dac01f7c-8492-d3f4-e6f2-a01c37d3023b" executionId="32019709-94dd-437c-aac2-13059143114c" testListId="8c84fa94-04c1-424b-9868-57a2d4851a1d" />
    <TestEntry testId="edc93839-74bb-beb2-46f2-62c21099814e" executionId="c08191c9-f2bf-47bc-b6a5-353f24f0ddc8" testListId="8c84fa94-04c1-424b-9868-57a2d4851a1d" />
    <TestEntry testId="235f981c-caee-b6f2-a1bf-68471d895956" executionId="a6adc14e-e699-4ead-a72d-354ffd7ada53" testListId="8c84fa94-04c1-424b-9868-57a2d4851a1d" />
    <TestEntry testId="d9c21b5b-9f6a-2314-28c5-f4bb7205b789" executionId="4ca1e223-2d59-4c99-b189-4dfb4f3fbbcc" testListId="8c84fa94-04c1-424b-9868-57a2d4851a1d" />
    <TestEntry testId="5589f4b9-9f8c-61f2-d1ca-dcc3e1071358" executionId="f0003334-3d67-4c5f-884b-34a36e8a46b6" testListId="8c84fa94-04c1-424b-9868-57a2d4851a1d" />
    <TestEntry testId="310e631b-8dd1-dba9-2e6e-a45e9857792d" executionId="5534e71e-5276-4f0b-9bdf-6c16802d0cc3" testListId="8c84fa94-04c1-424b-9868-57a2d4851a1d" />
    <TestEntry testId="cd1b57c7-5651-6908-fe6a-54475b365815" executionId="7e375aad-5135-4946-bcfc-73d1f87cd8b7" testListId="8c84fa94-04c1-424b-9868-57a2d4851a1d" />
    <TestEntry testId="ca5278cd-c4e4-2def-f886-98e55c3c66bc" executionId="773f4f7e-f446-47f4-9caa-ef1a65bd4699" testListId="8c84fa94-04c1-424b-9868-57a2d4851a1d" />
    <TestEntry testId="67a95340-70b6-f9c9-c66a-de4750a030ca" executionId="9b1f3323-b216-4814-b9c4-109889535bd6" testListId="8c84fa94-04c1-424b-9868-57a2d4851a1d" />
    <TestEntry testId="1c7ece84-d949-bed1-0a4c-dfad4f9c953e" executionId="8f4375e5-d9bf-44c6-8fd1-0223f5f55c10" testListId="8c84fa94-04c1-424b-9868-57a2d4851a1d" />
    <TestEntry testId="5e7464b2-7a37-68f1-5e8e-8c55d06a2e45" executionId="1bb05205-f32d-4a5a-9b0c-266054c8ffd3" testListId="8c84fa94-04c1-424b-9868-57a2d4851a1d" />
    <TestEntry testId="afd3d6a9-78af-6d8f-7e93-bc7f9707b793" executionId="c908f4cc-42f3-4762-9a19-4519fb1d2883" testListId="8c84fa94-04c1-424b-9868-57a2d4851a1d" />
    <TestEntry testId="0406f998-3db6-61b5-fda7-16c228f48d30" executionId="35e04304-6aae-4958-ae4c-dddd00613d7e" testListId="8c84fa94-04c1-424b-9868-57a2d4851a1d" />
    <TestEntry testId="73b685df-eec5-209e-5ec3-b3650866ee41" executionId="12fa3175-0d83-495c-8a95-539eb6e3a7a0" testListId="8c84fa94-04c1-424b-9868-57a2d4851a1d" />
    <TestEntry testId="5676e891-a5c5-d0a0-6887-cda788fd62e8" executionId="9f4d1751-4430-4e66-87d8-a5852f5c1777" testListId="8c84fa94-04c1-424b-9868-57a2d4851a1d" />
    <TestEntry testId="7698a7ae-8e5f-01b0-c50e-8f7618575323" executionId="bc450ea5-77bd-4ddd-b9d0-06e3d2d031ec" testListId="8c84fa94-04c1-424b-9868-57a2d4851a1d" />
    <TestEntry testId="5813e894-d8c1-30e5-ccd4-8f53756b5da4" executionId="edac5530-3cd5-4390-8208-190b7f7d62a4" testListId="8c84fa94-04c1-424b-9868-57a2d4851a1d" />
    <TestEntry testId="b1222215-c801-5367-7c10-3ffb1f7df8a4" executionId="1ce14ce3-1d4f-493e-9196-5ddd4b51f13b" testListId="8c84fa94-04c1-424b-9868-57a2d4851a1d" />
    <TestEntry testId="cd1b57c7-5651-6908-fe6a-54475b365815" executionId="5af69387-ed5c-4c02-930e-1bed759ca815" testListId="8c84fa94-04c1-424b-9868-57a2d4851a1d" />
    <TestEntry testId="3d7e743b-f1a5-46f4-dac5-edafc74087b4" executionId="9675d2a4-1428-405c-aaa8-811520523bd0" testListId="8c84fa94-04c1-424b-9868-57a2d4851a1d" />
    <TestEntry testId="d58c0bc6-749e-b9f3-9bbe-313257c6c31b" executionId="2a7254dd-aa60-41f0-8313-6cff2247e20f" testListId="8c84fa94-04c1-424b-9868-57a2d4851a1d" />
    <TestEntry testId="b9cb5919-b56d-3abe-bf20-2adec6db193f" executionId="4aa6089e-6d91-4453-8425-c9082bf71fe1" testListId="8c84fa94-04c1-424b-9868-57a2d4851a1d" />
    <TestEntry testId="aaf6adeb-98f2-08b2-8a6b-82b4e3f13a73" executionId="8d86535f-8cea-48cf-b43a-34e67db395cb" testListId="8c84fa94-04c1-424b-9868-57a2d4851a1d" />
    <TestEntry testId="9f9b4744-1390-2819-a89f-80bf8a3a2755" executionId="7ff2525a-ab89-43ff-8733-242733c7cebb" testListId="8c84fa94-04c1-424b-9868-57a2d4851a1d" />
    <TestEntry testId="df408e3b-703e-6559-9254-ae78dbef85cd" executionId="87fbee89-14df-4075-962f-3f610415d0ad" testListId="8c84fa94-04c1-424b-9868-57a2d4851a1d" />
    <TestEntry testId="8cdf953c-9e4a-08f5-4bd9-88d062fd82eb" executionId="f742140a-4c98-4e15-a773-813830d27cc7" testListId="8c84fa94-04c1-424b-9868-57a2d4851a1d" />
    <TestEntry testId="b4a2210f-1703-bbc4-d187-3ed1b58dad67" executionId="d0af6f2a-efed-4e3e-96e4-9f25a66ae6b0" testListId="8c84fa94-04c1-424b-9868-57a2d4851a1d" />
    <TestEntry testId="fd846020-c6f8-3c49-3ed0-fbe1e1fd340b" executionId="9046998e-17f5-4c7a-ab8b-c20c26f9d0ba" testListId="8c84fa94-04c1-424b-9868-57a2d4851a1d" />
    <TestEntry testId="85826726-b9d0-dead-1bcb-4bc5280480d5" executionId="676b4bf9-2fdb-4025-aac8-29885814f2c3" testListId="8c84fa94-04c1-424b-9868-57a2d4851a1d" />
    <TestEntry testId="7827c76e-c759-992e-96f7-be9d0e5f23b0" executionId="20d8ecc6-7c25-484e-9ad1-9a2122600108" testListId="8c84fa94-04c1-424b-9868-57a2d4851a1d" />
    <TestEntry testId="3f1478eb-fd0b-f2d8-e755-c55508969a67" executionId="bff8b0b8-689a-4793-9ed5-649608148b3d" testListId="8c84fa94-04c1-424b-9868-57a2d4851a1d" />
    <TestEntry testId="5928d804-1158-adac-560b-b9b39c485d7a" executionId="2510d911-189b-42b4-85d5-f1ef144e3b53" testListId="8c84fa94-04c1-424b-9868-57a2d4851a1d" />
    <TestEntry testId="e8958003-62fd-456d-e066-a3d3c35b8f54" executionId="d12d0401-893d-4929-b651-e1311f88a372" testListId="8c84fa94-04c1-424b-9868-57a2d4851a1d" />
    <TestEntry testId="b9e445cf-0dcc-42d0-77a1-9571e003351e" executionId="2285c7ca-8fe7-40a0-94f7-6f77f20c288e" testListId="8c84fa94-04c1-424b-9868-57a2d4851a1d" />
    <TestEntry testId="ee70034a-1416-b7db-5978-3ba584b6f4c9" executionId="59353336-a99c-462b-a7a3-25df363ec236" testListId="8c84fa94-04c1-424b-9868-57a2d4851a1d" />
    <TestEntry testId="1139014d-2055-4bb9-954c-375ecc020e06" executionId="f7499ed1-1b66-441c-b164-b9b54645b7d0" testListId="8c84fa94-04c1-424b-9868-57a2d4851a1d" />
    <TestEntry testId="4cce5351-b4de-8487-05b4-60a367ea17de" executionId="ed3ee411-3ad8-4e9a-a174-b058118a1a6b" testListId="8c84fa94-04c1-424b-9868-57a2d4851a1d" />
    <TestEntry testId="eb0ba446-6f8a-1b33-01bb-209b4473520c" executionId="ded3b1ae-4b94-43cc-b265-c7ffebcdd8e9" testListId="8c84fa94-04c1-424b-9868-57a2d4851a1d" />
    <TestEntry testId="4d1e7b2b-93f6-9af9-1d97-855f00da4a71" executionId="10bbe67a-da23-4c88-90f5-afd3fbe6bda1" testListId="8c84fa94-04c1-424b-9868-57a2d4851a1d" />
    <TestEntry testId="588a6f87-1d77-aabd-075b-20a1ef28a600" executionId="6fec7421-7ea9-4ad7-a1b8-8690fbbdd0b1" testListId="8c84fa94-04c1-424b-9868-57a2d4851a1d" />
    <TestEntry testId="e896beea-7841-aced-be2e-729bb8283fc1" executionId="730a99cf-f711-4069-8c4b-78c6a076d97f" testListId="8c84fa94-04c1-424b-9868-57a2d4851a1d" />
    <TestEntry testId="8848aa29-293f-9577-e6ab-45e9054eaaa9" executionId="766beb2d-5d17-4c63-9eec-d4d723a441bf" testListId="8c84fa94-04c1-424b-9868-57a2d4851a1d" />
    <TestEntry testId="f89305f1-cd70-342d-7ea0-cce6c035fcac" executionId="4e9a14c0-987d-43d5-a749-ec0242b08e8a" testListId="8c84fa94-04c1-424b-9868-57a2d4851a1d" />
    <TestEntry testId="a3a4320c-d400-d98f-91c6-45eefc889423" executionId="08affd63-81ec-468d-bf67-d00cb0b68411" testListId="8c84fa94-04c1-424b-9868-57a2d4851a1d" />
    <TestEntry testId="c94d9d56-882d-479c-91ae-c0b8c8048f1c" executionId="08add471-f150-4e13-b869-e5200ef035f3" testListId="8c84fa94-04c1-424b-9868-57a2d4851a1d" />
    <TestEntry testId="2de8f563-efb3-2c60-78f0-04d0869ca7e2" executionId="78822bdc-c348-4755-9127-dcd60ea4355d" testListId="8c84fa94-04c1-424b-9868-57a2d4851a1d" />
    <TestEntry testId="c2eaf485-fa43-49a0-bbf4-650e4cb8cd0e" executionId="d769b4b0-495f-4d6f-b296-2291b1ce649c" testListId="8c84fa94-04c1-424b-9868-57a2d4851a1d" />
    <TestEntry testId="47680382-04b1-828b-6d7b-dc9e7760995b" executionId="a783d748-e8d5-4dcc-8174-462b54584ec3" testListId="8c84fa94-04c1-424b-9868-57a2d4851a1d" />
    <TestEntry testId="52548a2a-1e69-bf94-77b1-d4c7cb355181" executionId="1442542d-df05-423f-80e9-689fa419385b" testListId="8c84fa94-04c1-424b-9868-57a2d4851a1d" />
    <TestEntry testId="aac678ac-8140-c3b3-f1d9-9327982ac480" executionId="5f1d965f-13b3-40c1-974a-f35020609ed7" testListId="8c84fa94-04c1-424b-9868-57a2d4851a1d" />
    <TestEntry testId="e8958003-62fd-456d-e066-a3d3c35b8f54" executionId="85f0e93d-349e-4b02-9478-7aaee0a72301" testListId="8c84fa94-04c1-424b-9868-57a2d4851a1d" />
    <TestEntry testId="9f8893d3-1d0e-ea5a-51fb-f955fe10fa40" executionId="b474d105-5adf-4c79-803f-d77ee11c32b1" testListId="8c84fa94-04c1-424b-9868-57a2d4851a1d" />
    <TestEntry testId="6880a361-4cbe-8649-ab08-395fd57422d2" executionId="2e6edb32-9ac1-47c3-a526-a5c7ce95a19c" testListId="8c84fa94-04c1-424b-9868-57a2d4851a1d" />
    <TestEntry testId="3977ad2e-82ea-a76b-4480-6d97034636d1" executionId="7988f548-2227-476f-9dea-395d6e0f54c4" testListId="8c84fa94-04c1-424b-9868-57a2d4851a1d" />
    <TestEntry testId="fd846020-c6f8-3c49-3ed0-fbe1e1fd340b" executionId="ebb80f15-8e1d-4b0d-b472-30a73c2bd7a1" testListId="8c84fa94-04c1-424b-9868-57a2d4851a1d" />
    <TestEntry testId="7266b90d-5755-2fea-74f3-262c40e15cfc" executionId="410d6762-94e8-471c-9f39-8cdec46e647b" testListId="8c84fa94-04c1-424b-9868-57a2d4851a1d" />
    <TestEntry testId="c2b2d5d7-a309-00c2-acba-315f2ac2eb25" executionId="5bd368be-1f40-44cd-b054-a1179360ac81" testListId="8c84fa94-04c1-424b-9868-57a2d4851a1d" />
    <TestEntry testId="de65c993-177d-1a54-d357-aa073d8b46d3" executionId="f0ddcb5c-8bb3-41eb-83cc-70d028914766" testListId="8c84fa94-04c1-424b-9868-57a2d4851a1d" />
    <TestEntry testId="5604b65b-cf72-b4ed-40cf-8711292c947d" executionId="e13814ba-1e41-4111-bdb1-e06ae5a8afac" testListId="8c84fa94-04c1-424b-9868-57a2d4851a1d" />
    <TestEntry testId="c4e71c3d-f881-e676-970b-af28d5bc7e65" executionId="299efc71-5c99-4f82-b3fb-e6d6a7cd59e7" testListId="8c84fa94-04c1-424b-9868-57a2d4851a1d" />
    <TestEntry testId="9f2c1937-d0d2-dafe-256f-bab6880e3cb8" executionId="353a1bb7-2d90-4f82-bbd3-4912ff3fefce" testListId="8c84fa94-04c1-424b-9868-57a2d4851a1d" />
    <TestEntry testId="51942a8a-a19b-2819-36bd-c0b7fcf1a63a" executionId="a70981ef-2151-45d6-8e65-a1b17d2e76f5" testListId="8c84fa94-04c1-424b-9868-57a2d4851a1d" />
    <TestEntry testId="5197dcfa-a59c-9130-f0ad-894d1aa41c65" executionId="56f6bd53-6eb7-49ef-9f2b-7a9617c75b38" testListId="8c84fa94-04c1-424b-9868-57a2d4851a1d" />
    <TestEntry testId="4b7bc350-bbf0-ad90-fbc5-c4d6dac94520" executionId="e36b5333-ca45-4dc6-a3df-6110111614d0" testListId="8c84fa94-04c1-424b-9868-57a2d4851a1d" />
    <TestEntry testId="da020aa4-b2db-6d6d-8b7e-b85f0e474f29" executionId="d2a302a1-d1ef-4c88-939e-602af52a6022" testListId="8c84fa94-04c1-424b-9868-57a2d4851a1d" />
    <TestEntry testId="d865ebd5-9225-fcf8-392d-5081c34f92ef" executionId="1d8ff7ca-dd93-4379-ae6a-00f2a0ec226f" testListId="8c84fa94-04c1-424b-9868-57a2d4851a1d" />
    <TestEntry testId="ef870299-27a2-9789-7939-a2adfc33fa6b" executionId="61bdfbdd-324c-4d9f-89a8-dcd9f6a4213e" testListId="8c84fa94-04c1-424b-9868-57a2d4851a1d" />
    <TestEntry testId="31e2a27e-28b6-46fe-48a5-c27cfe7d9d50" executionId="2dc08bee-83ca-473c-bcd8-0a991ab85083" testListId="8c84fa94-04c1-424b-9868-57a2d4851a1d" />
    <TestEntry testId="9691c6ab-f69c-9b85-bdbb-7ce410d6134b" executionId="68d5c2d9-3401-4bcb-b1a7-4569c090a588" testListId="8c84fa94-04c1-424b-9868-57a2d4851a1d" />
    <TestEntry testId="1d9cca6b-4d0c-c833-ad2f-a94dea7013b4" executionId="dcb10bb2-8520-4dc0-a355-259d15fefda5" testListId="8c84fa94-04c1-424b-9868-57a2d4851a1d" />
    <TestEntry testId="51fb9659-9a63-e825-9772-016ea1272f3a" executionId="9aebdaa0-4a45-430a-8607-5aadb546bb93" testListId="8c84fa94-04c1-424b-9868-57a2d4851a1d" />
    <TestEntry testId="3f7ca7f5-f2fd-23bd-649c-c95f17422cfb" executionId="fd1ba9aa-910e-4f9b-81f3-60b41cca0350" testListId="8c84fa94-04c1-424b-9868-57a2d4851a1d" />
    <TestEntry testId="3d7aa7e5-58da-7d14-9f6d-fbc2e125f83f" executionId="4ea40236-a53b-46a2-8615-a355e1ec4fe0" testListId="8c84fa94-04c1-424b-9868-57a2d4851a1d" />
    <TestEntry testId="178b9268-4393-077e-8da2-9f4b4417dea6" executionId="8c2ec0e7-d8b2-4607-b0b4-626724afd8e2" testListId="8c84fa94-04c1-424b-9868-57a2d4851a1d" />
    <TestEntry testId="adf336f4-d6a3-4930-08de-226da66caf12" executionId="b77c8675-5076-4ae1-83f5-2804654fe6c3" testListId="8c84fa94-04c1-424b-9868-57a2d4851a1d" />
    <TestEntry testId="0414fe94-72ce-6af0-0fe3-1dede4d9b6ac" executionId="5a084c1f-6a3d-4a48-bda9-82150de932ba" testListId="8c84fa94-04c1-424b-9868-57a2d4851a1d" />
    <TestEntry testId="1c7ece84-d949-bed1-0a4c-dfad4f9c953e" executionId="8e008d0b-7ace-4d69-952a-08f596cfd001" testListId="8c84fa94-04c1-424b-9868-57a2d4851a1d" />
    <TestEntry testId="762dde25-9e81-253a-2091-c20cd1d0f92f" executionId="160cb202-f981-4d65-b1e5-67339ed24ca1" testListId="8c84fa94-04c1-424b-9868-57a2d4851a1d" />
    <TestEntry testId="50491201-6d5f-1ff3-cae6-f7dd963d006b" executionId="28932ceb-1abf-4a45-b60b-b6d467971d0e" testListId="8c84fa94-04c1-424b-9868-57a2d4851a1d" />
    <TestEntry testId="db9272ed-ca25-e251-3d96-21c3f6091fe0" executionId="13987784-094a-460b-a106-5047908a8296" testListId="8c84fa94-04c1-424b-9868-57a2d4851a1d" />
    <TestEntry testId="c53b5a33-d186-5a9e-8ed3-e8e7049029e4" executionId="0c4561d0-7851-4ec4-b16f-e8b5ba3e9062" testListId="8c84fa94-04c1-424b-9868-57a2d4851a1d" />
    <TestEntry testId="918c5c48-e2bd-a1b1-30d8-fa8c485769d3" executionId="49936dcb-0ee1-4e28-bd6c-e3c4e2dd313f" testListId="8c84fa94-04c1-424b-9868-57a2d4851a1d" />
    <TestEntry testId="f7b888fc-cf90-4880-9d5c-a9791ec35948" executionId="4723e29f-78f5-42a8-b1fb-11a24ee3019c" testListId="8c84fa94-04c1-424b-9868-57a2d4851a1d" />
    <TestEntry testId="8f42e37d-cecb-16d3-5fc6-74f36bfad8ea" executionId="05420e08-27fa-49c8-b617-cf7cb8d1ac3c" testListId="8c84fa94-04c1-424b-9868-57a2d4851a1d" />
    <TestEntry testId="f7ab5616-e9ad-55df-5c29-a2e0a84e9df9" executionId="ad7b9d6e-87c6-490f-8c50-d97ea15c1dca" testListId="8c84fa94-04c1-424b-9868-57a2d4851a1d" />
    <TestEntry testId="667137c6-f86d-6b1c-2957-029c4e16246d" executionId="a7a07f45-a01d-48fb-a3d8-1efb69eccbc5" testListId="8c84fa94-04c1-424b-9868-57a2d4851a1d" />
    <TestEntry testId="5edbf5e1-a147-82c4-e266-ea1e8ec7cc28" executionId="6bd57536-dd3d-4e39-9eae-acc2ec3613ec" testListId="8c84fa94-04c1-424b-9868-57a2d4851a1d" />
    <TestEntry testId="e8e44d8f-f053-3d97-6dc4-e9f08caeb352" executionId="3c6ec239-69ca-4fa7-a112-7ce09cf02a7b" testListId="8c84fa94-04c1-424b-9868-57a2d4851a1d" />
    <TestEntry testId="751402f8-7f88-dc1d-beb9-bbd7a38b600c" executionId="95950e85-4084-48ed-89b9-71b6990a65cf" testListId="8c84fa94-04c1-424b-9868-57a2d4851a1d" />
    <TestEntry testId="21ed85be-cd40-ef30-1304-bdff7adc2a7e" executionId="3043f496-0318-436f-8afe-39f5c165bc9b" testListId="8c84fa94-04c1-424b-9868-57a2d4851a1d" />
  </TestEntries>
  <TestLists>
    <TestList name="Results Not in a List" id="8c84fa94-04c1-424b-9868-57a2d4851a1d" />
    <TestList name="All Loaded Results" id="19431567-8539-422a-85d7-44ee4e166bda" />
  </TestLists>
  <ResultSummary outcome="Failed">
    <Counters total="126" executed="126" passed="89" failed="37" error="0" timeout="0" aborted="0" inconclusive="0" passedButRunAborted="0" notRunnable="0" notExecuted="0" disconnected="0" warning="0" completed="0" inProgress="0" pending="0" />
  </ResultSummary>
</TestRun>
